<?xml version="1.0" encoding="UTF-8"?>
<testng-results ignored="26" total="81" passed="36" failed="19" skipped="0">
  <reporter-output>
  </reporter-output>
  <suite started-at="2022-10-11T18:31:03 AMT" name="IQsoft API Integration" finished-at="2022-10-11T18:31:35 AMT" duration-ms="31644">
    <groups>
    </groups>
    <test started-at="2022-10-11T18:31:03 AMT" name="API Integration Automation Test" finished-at="2022-10-11T18:31:35 AMT" duration-ms="31644">
      <class name="testCases.IqSoft_API_1_OpenGame_Positive_Test">
        <test-method is-config="true" signature="setupSuite()[pri:0, instance:testCases.IqSoft_API_1_OpenGame_Positive_Test@1c5920df]" started-at="2022-10-11T18:31:03 AMT" name="setupSuite" finished-at="2022-10-11T18:31:03 AMT" duration-ms="69" status="PASS">
          <reporter-output>
          </reporter-output>
        </test-method> <!-- setupSuite -->
        <test-method is-config="true" signature="setUpTestCase()[pri:0, instance:testCases.IqSoft_API_1_OpenGame_Positive_Test@1c5920df]" started-at="2022-10-11T18:31:03 AMT" name="setUpTestCase" finished-at="2022-10-11T18:31:04 AMT" duration-ms="948" status="PASS">
          <reporter-output>
          </reporter-output>
        </test-method> <!-- setUpTestCase -->
        <test-method signature="openGameAPIValidateStatusCod()[pri:1, instance:testCases.IqSoft_API_1_OpenGame_Positive_Test@1c5920df]" started-at="2022-10-11T18:31:04 AMT" name="openGameAPIValidateStatusCod" finished-at="2022-10-11T18:31:04 AMT" duration-ms="44" status="PASS">
          <reporter-output>
          </reporter-output>
        </test-method> <!-- openGameAPIValidateStatusCod -->
        <test-method signature="openGameAPIValidatePositiveResponse()[pri:3, instance:testCases.IqSoft_API_1_OpenGame_Positive_Test@1c5920df]" started-at="2022-10-11T18:31:04 AMT" name="openGameAPIValidatePositiveResponse" finished-at="2022-10-11T18:31:04 AMT" depends-on-methods="testCases.IqSoft_API_1_OpenGame_Positive_Test.openGameAPIValidateStatusCod" duration-ms="20" status="FAIL">
          <exception class="java.lang.AssertionError">
            <message>
              <![CDATA[The following asserts failed:
ResponseCode: 21 expected [0] but found [21],
Error Description: An error occurred while updating the entries. See the inner exception for details. expected [null] but found [An error occurred while updating the entries. See the inner exception for details.],
ResponseObject: null did not expect [null] but found [null],
ResponseObject Don't Contain http:// expected [true] but found [false]]]>
            </message>
            <full-stacktrace>
              <![CDATA[java.lang.AssertionError: The following asserts failed:
ResponseCode: 21 expected [0] but found [21],
Error Description: An error occurred while updating the entries. See the inner exception for details. expected [null] but found [An error occurred while updating the entries. See the inner exception for details.],
ResponseObject: null did not expect [null] but found [null],
ResponseObject Don't Contain http:// expected [true] but found [false]
at org.testng.asserts.SoftAssert.assertAll(SoftAssert.java:46)
at org.testng.asserts.SoftAssert.assertAll(SoftAssert.java:30)
at testCases.IqSoft_API_1_OpenGame_Positive_Test.openGameAPIValidatePositiveResponse(IqSoft_API_1_OpenGame_Positive_Test.java:68)
at java.base/jdk.internal.reflect.NativeMethodAccessorImpl.invoke0(Native Method)
at java.base/jdk.internal.reflect.NativeMethodAccessorImpl.invoke(NativeMethodAccessorImpl.java:77)
at java.base/jdk.internal.reflect.DelegatingMethodAccessorImpl.invoke(DelegatingMethodAccessorImpl.java:43)
at java.base/java.lang.reflect.Method.invoke(Method.java:568)
at org.testng.internal.invokers.MethodInvocationHelper.invokeMethod(MethodInvocationHelper.java:139)
at org.testng.internal.invokers.TestInvoker.invokeMethod(TestInvoker.java:677)
at org.testng.internal.invokers.TestInvoker.invokeTestMethod(TestInvoker.java:221)
at org.testng.internal.invokers.MethodRunner.runInSequence(MethodRunner.java:50)
at org.testng.internal.invokers.TestInvoker$MethodInvocationAgent.invoke(TestInvoker.java:962)
at org.testng.internal.invokers.TestInvoker.invokeTestMethods(TestInvoker.java:194)
at org.testng.internal.invokers.TestMethodWorker.invokeTestMethods(TestMethodWorker.java:148)
at org.testng.internal.invokers.TestMethodWorker.run(TestMethodWorker.java:128)
at java.base/java.util.ArrayList.forEach(ArrayList.java:1511)
at org.testng.TestRunner.privateRun(TestRunner.java:806)
at org.testng.TestRunner.run(TestRunner.java:601)
at org.testng.SuiteRunner.runTest(SuiteRunner.java:433)
at org.testng.SuiteRunner.runSequentially(SuiteRunner.java:427)
at org.testng.SuiteRunner.privateRun(SuiteRunner.java:387)
at org.testng.SuiteRunner.run(SuiteRunner.java:330)
at org.testng.SuiteRunnerWorker.runSuite(SuiteRunnerWorker.java:52)
at org.testng.SuiteRunnerWorker.run(SuiteRunnerWorker.java:95)
at org.testng.TestNG.runSuitesSequentially(TestNG.java:1256)
at org.testng.TestNG.runSuitesLocally(TestNG.java:1176)
at org.testng.TestNG.runSuites(TestNG.java:1099)
at org.testng.TestNG.run(TestNG.java:1067)
at org.apache.maven.surefire.testng.TestNGExecutor.run(TestNGExecutor.java:295)
at org.apache.maven.surefire.testng.TestNGXmlTestSuite.execute(TestNGXmlTestSuite.java:84)
at org.apache.maven.surefire.testng.TestNGProvider.invoke(TestNGProvider.java:90)
at org.apache.maven.surefire.booter.ForkedBooter.invokeProviderInSameClassLoader(ForkedBooter.java:203)
at org.apache.maven.surefire.booter.ForkedBooter.runSuitesInProcess(ForkedBooter.java:155)
at org.apache.maven.surefire.booter.ForkedBooter.main(ForkedBooter.java:103)
]]>
            </full-stacktrace>
          </exception> <!-- java.lang.AssertionError -->
          <reporter-output>
          </reporter-output>
        </test-method> <!-- openGameAPIValidatePositiveResponse -->
        <test-method is-config="true" signature="tearDownSuite()[pri:0, instance:testCases.IqSoft_API_1_OpenGame_Positive_Test@1c5920df]" started-at="2022-10-11T18:31:35 AMT" name="tearDownSuite" finished-at="2022-10-11T18:31:35 AMT" duration-ms="2" status="PASS">
          <reporter-output>
          </reporter-output>
        </test-method> <!-- tearDownSuite -->
      </class> <!-- testCases.IqSoft_API_1_OpenGame_Positive_Test -->
      <class name="testCases.IqSoft_API_1_OpenGame_Negative_Test">
        <test-method signature="openGameAPIValidateResponseWithInvalidToken()[pri:1, instance:testCases.IqSoft_API_1_OpenGame_Negative_Test@7f485fda]" started-at="2022-10-11T18:31:04 AMT" name="openGameAPIValidateResponseWithInvalidToken" finished-at="2022-10-11T18:31:05 AMT" duration-ms="564" status="PASS">
          <reporter-output>
          </reporter-output>
        </test-method> <!-- openGameAPIValidateResponseWithInvalidToken -->
        <test-method signature="openGameAPIValidateResponseWithExpiredToken()[pri:2, instance:testCases.IqSoft_API_1_OpenGame_Negative_Test@7f485fda]" started-at="2022-10-11T18:31:05 AMT" name="openGameAPIValidateResponseWithExpiredToken" finished-at="2022-10-11T18:31:05 AMT" duration-ms="309" status="FAIL">
          <exception class="java.lang.AssertionError">
            <message>
              <![CDATA[The following asserts failed:
ResponseCode: 21 expected [22] but found [21],
Error Description: An error occurred while updating the entries. See the inner exception for details. expected [Client not found] but found [An error occurred while updating the entries. See the inner exception for details.]]]>
            </message>
            <full-stacktrace>
              <![CDATA[java.lang.AssertionError: The following asserts failed:
ResponseCode: 21 expected [22] but found [21],
Error Description: An error occurred while updating the entries. See the inner exception for details. expected [Client not found] but found [An error occurred while updating the entries. See the inner exception for details.]
at org.testng.asserts.SoftAssert.assertAll(SoftAssert.java:46)
at org.testng.asserts.SoftAssert.assertAll(SoftAssert.java:30)
at testCases.IqSoft_API_1_OpenGame_Negative_Test.openGameAPIValidateResponseWithExpiredToken(IqSoft_API_1_OpenGame_Negative_Test.java:81)
at java.base/jdk.internal.reflect.NativeMethodAccessorImpl.invoke0(Native Method)
at java.base/jdk.internal.reflect.NativeMethodAccessorImpl.invoke(NativeMethodAccessorImpl.java:77)
at java.base/jdk.internal.reflect.DelegatingMethodAccessorImpl.invoke(DelegatingMethodAccessorImpl.java:43)
at java.base/java.lang.reflect.Method.invoke(Method.java:568)
at org.testng.internal.invokers.MethodInvocationHelper.invokeMethod(MethodInvocationHelper.java:139)
at org.testng.internal.invokers.TestInvoker.invokeMethod(TestInvoker.java:677)
at org.testng.internal.invokers.TestInvoker.invokeTestMethod(TestInvoker.java:221)
at org.testng.internal.invokers.MethodRunner.runInSequence(MethodRunner.java:50)
at org.testng.internal.invokers.TestInvoker$MethodInvocationAgent.invoke(TestInvoker.java:962)
at org.testng.internal.invokers.TestInvoker.invokeTestMethods(TestInvoker.java:194)
at org.testng.internal.invokers.TestMethodWorker.invokeTestMethods(TestMethodWorker.java:148)
at org.testng.internal.invokers.TestMethodWorker.run(TestMethodWorker.java:128)
at java.base/java.util.ArrayList.forEach(ArrayList.java:1511)
at org.testng.TestRunner.privateRun(TestRunner.java:806)
at org.testng.TestRunner.run(TestRunner.java:601)
at org.testng.SuiteRunner.runTest(SuiteRunner.java:433)
at org.testng.SuiteRunner.runSequentially(SuiteRunner.java:427)
at org.testng.SuiteRunner.privateRun(SuiteRunner.java:387)
at org.testng.SuiteRunner.run(SuiteRunner.java:330)
at org.testng.SuiteRunnerWorker.runSuite(SuiteRunnerWorker.java:52)
at org.testng.SuiteRunnerWorker.run(SuiteRunnerWorker.java:95)
at org.testng.TestNG.runSuitesSequentially(TestNG.java:1256)
at org.testng.TestNG.runSuitesLocally(TestNG.java:1176)
at org.testng.TestNG.runSuites(TestNG.java:1099)
at org.testng.TestNG.run(TestNG.java:1067)
at org.apache.maven.surefire.testng.TestNGExecutor.run(TestNGExecutor.java:295)
at org.apache.maven.surefire.testng.TestNGXmlTestSuite.execute(TestNGXmlTestSuite.java:84)
at org.apache.maven.surefire.testng.TestNGProvider.invoke(TestNGProvider.java:90)
at org.apache.maven.surefire.booter.ForkedBooter.invokeProviderInSameClassLoader(ForkedBooter.java:203)
at org.apache.maven.surefire.booter.ForkedBooter.runSuitesInProcess(ForkedBooter.java:155)
at org.apache.maven.surefire.booter.ForkedBooter.main(ForkedBooter.java:103)
]]>
            </full-stacktrace>
          </exception> <!-- java.lang.AssertionError -->
          <reporter-output>
          </reporter-output>
        </test-method> <!-- openGameAPIValidateResponseWithExpiredToken -->
        <test-method signature="openGameAPIValidateResponseWithInvalidPartnerID()[pri:3, instance:testCases.IqSoft_API_1_OpenGame_Negative_Test@7f485fda]" started-at="2022-10-11T18:31:05 AMT" name="openGameAPIValidateResponseWithInvalidPartnerID" finished-at="2022-10-11T18:31:06 AMT" duration-ms="322" status="FAIL">
          <exception class="java.lang.AssertionError">
            <message>
              <![CDATA[The following asserts failed:
ResponseCode 21 expected [22] but found [21],
Error Description: An error occurred while updating the entries. See the inner exception for details. expected [ClientNotFound ] but found [An error occurred while updating the entries. See the inner exception for details.]]]>
            </message>
            <full-stacktrace>
              <![CDATA[java.lang.AssertionError: The following asserts failed:
ResponseCode 21 expected [22] but found [21],
Error Description: An error occurred while updating the entries. See the inner exception for details. expected [ClientNotFound ] but found [An error occurred while updating the entries. See the inner exception for details.]
at org.testng.asserts.SoftAssert.assertAll(SoftAssert.java:46)
at org.testng.asserts.SoftAssert.assertAll(SoftAssert.java:30)
at testCases.IqSoft_API_1_OpenGame_Negative_Test.openGameAPIValidateResponseWithInvalidPartnerID(IqSoft_API_1_OpenGame_Negative_Test.java:114)
at java.base/jdk.internal.reflect.NativeMethodAccessorImpl.invoke0(Native Method)
at java.base/jdk.internal.reflect.NativeMethodAccessorImpl.invoke(NativeMethodAccessorImpl.java:77)
at java.base/jdk.internal.reflect.DelegatingMethodAccessorImpl.invoke(DelegatingMethodAccessorImpl.java:43)
at java.base/java.lang.reflect.Method.invoke(Method.java:568)
at org.testng.internal.invokers.MethodInvocationHelper.invokeMethod(MethodInvocationHelper.java:139)
at org.testng.internal.invokers.TestInvoker.invokeMethod(TestInvoker.java:677)
at org.testng.internal.invokers.TestInvoker.invokeTestMethod(TestInvoker.java:221)
at org.testng.internal.invokers.MethodRunner.runInSequence(MethodRunner.java:50)
at org.testng.internal.invokers.TestInvoker$MethodInvocationAgent.invoke(TestInvoker.java:962)
at org.testng.internal.invokers.TestInvoker.invokeTestMethods(TestInvoker.java:194)
at org.testng.internal.invokers.TestMethodWorker.invokeTestMethods(TestMethodWorker.java:148)
at org.testng.internal.invokers.TestMethodWorker.run(TestMethodWorker.java:128)
at java.base/java.util.ArrayList.forEach(ArrayList.java:1511)
at org.testng.TestRunner.privateRun(TestRunner.java:806)
at org.testng.TestRunner.run(TestRunner.java:601)
at org.testng.SuiteRunner.runTest(SuiteRunner.java:433)
at org.testng.SuiteRunner.runSequentially(SuiteRunner.java:427)
at org.testng.SuiteRunner.privateRun(SuiteRunner.java:387)
at org.testng.SuiteRunner.run(SuiteRunner.java:330)
at org.testng.SuiteRunnerWorker.runSuite(SuiteRunnerWorker.java:52)
at org.testng.SuiteRunnerWorker.run(SuiteRunnerWorker.java:95)
at org.testng.TestNG.runSuitesSequentially(TestNG.java:1256)
at org.testng.TestNG.runSuitesLocally(TestNG.java:1176)
at org.testng.TestNG.runSuites(TestNG.java:1099)
at org.testng.TestNG.run(TestNG.java:1067)
at org.apache.maven.surefire.testng.TestNGExecutor.run(TestNGExecutor.java:295)
at org.apache.maven.surefire.testng.TestNGXmlTestSuite.execute(TestNGXmlTestSuite.java:84)
at org.apache.maven.surefire.testng.TestNGProvider.invoke(TestNGProvider.java:90)
at org.apache.maven.surefire.booter.ForkedBooter.invokeProviderInSameClassLoader(ForkedBooter.java:203)
at org.apache.maven.surefire.booter.ForkedBooter.runSuitesInProcess(ForkedBooter.java:155)
at org.apache.maven.surefire.booter.ForkedBooter.main(ForkedBooter.java:103)
]]>
            </full-stacktrace>
          </exception> <!-- java.lang.AssertionError -->
          <reporter-output>
          </reporter-output>
        </test-method> <!-- openGameAPIValidateResponseWithInvalidPartnerID -->
        <test-method signature="openGameAPIValidateResponseWithInvalidGameID()[pri:4, instance:testCases.IqSoft_API_1_OpenGame_Negative_Test@7f485fda]" started-at="2022-10-11T18:31:06 AMT" name="openGameAPIValidateResponseWithInvalidGameID" finished-at="2022-10-11T18:31:06 AMT" duration-ms="252" status="PASS">
          <reporter-output>
          </reporter-output>
        </test-method> <!-- openGameAPIValidateResponseWithInvalidGameID -->
        <test-method signature="openGameAPIValidateResponseWithInvalidDomain()[pri:5, instance:testCases.IqSoft_API_1_OpenGame_Negative_Test@7f485fda]" started-at="2022-10-11T18:31:06 AMT" name="openGameAPIValidateResponseWithInvalidDomain" finished-at="2022-10-11T18:31:06 AMT" duration-ms="297" status="FAIL">
          <exception class="java.lang.AssertionError">
            <message>
              <![CDATA[The following asserts failed:
ResponseCode: 21 expected [43] but found [21],
Error Description: An error occurred while updating the entries. See the inner exception for details. expected [ProductNotFound] but found [An error occurred while updating the entries. See the inner exception for details.]]]>
            </message>
            <full-stacktrace>
              <![CDATA[java.lang.AssertionError: The following asserts failed:
ResponseCode: 21 expected [43] but found [21],
Error Description: An error occurred while updating the entries. See the inner exception for details. expected [ProductNotFound] but found [An error occurred while updating the entries. See the inner exception for details.]
at org.testng.asserts.SoftAssert.assertAll(SoftAssert.java:46)
at org.testng.asserts.SoftAssert.assertAll(SoftAssert.java:30)
at testCases.IqSoft_API_1_OpenGame_Negative_Test.openGameAPIValidateResponseWithInvalidDomain(IqSoft_API_1_OpenGame_Negative_Test.java:179)
at java.base/jdk.internal.reflect.NativeMethodAccessorImpl.invoke0(Native Method)
at java.base/jdk.internal.reflect.NativeMethodAccessorImpl.invoke(NativeMethodAccessorImpl.java:77)
at java.base/jdk.internal.reflect.DelegatingMethodAccessorImpl.invoke(DelegatingMethodAccessorImpl.java:43)
at java.base/java.lang.reflect.Method.invoke(Method.java:568)
at org.testng.internal.invokers.MethodInvocationHelper.invokeMethod(MethodInvocationHelper.java:139)
at org.testng.internal.invokers.TestInvoker.invokeMethod(TestInvoker.java:677)
at org.testng.internal.invokers.TestInvoker.invokeTestMethod(TestInvoker.java:221)
at org.testng.internal.invokers.MethodRunner.runInSequence(MethodRunner.java:50)
at org.testng.internal.invokers.TestInvoker$MethodInvocationAgent.invoke(TestInvoker.java:962)
at org.testng.internal.invokers.TestInvoker.invokeTestMethods(TestInvoker.java:194)
at org.testng.internal.invokers.TestMethodWorker.invokeTestMethods(TestMethodWorker.java:148)
at org.testng.internal.invokers.TestMethodWorker.run(TestMethodWorker.java:128)
at java.base/java.util.ArrayList.forEach(ArrayList.java:1511)
at org.testng.TestRunner.privateRun(TestRunner.java:806)
at org.testng.TestRunner.run(TestRunner.java:601)
at org.testng.SuiteRunner.runTest(SuiteRunner.java:433)
at org.testng.SuiteRunner.runSequentially(SuiteRunner.java:427)
at org.testng.SuiteRunner.privateRun(SuiteRunner.java:387)
at org.testng.SuiteRunner.run(SuiteRunner.java:330)
at org.testng.SuiteRunnerWorker.runSuite(SuiteRunnerWorker.java:52)
at org.testng.SuiteRunnerWorker.run(SuiteRunnerWorker.java:95)
at org.testng.TestNG.runSuitesSequentially(TestNG.java:1256)
at org.testng.TestNG.runSuitesLocally(TestNG.java:1176)
at org.testng.TestNG.runSuites(TestNG.java:1099)
at org.testng.TestNG.run(TestNG.java:1067)
at org.apache.maven.surefire.testng.TestNGExecutor.run(TestNGExecutor.java:295)
at org.apache.maven.surefire.testng.TestNGXmlTestSuite.execute(TestNGXmlTestSuite.java:84)
at org.apache.maven.surefire.testng.TestNGProvider.invoke(TestNGProvider.java:90)
at org.apache.maven.surefire.booter.ForkedBooter.invokeProviderInSameClassLoader(ForkedBooter.java:203)
at org.apache.maven.surefire.booter.ForkedBooter.runSuitesInProcess(ForkedBooter.java:155)
at org.apache.maven.surefire.booter.ForkedBooter.main(ForkedBooter.java:103)
]]>
            </full-stacktrace>
          </exception> <!-- java.lang.AssertionError -->
          <reporter-output>
          </reporter-output>
        </test-method> <!-- openGameAPIValidateResponseWithInvalidDomain -->
      </class> <!-- testCases.IqSoft_API_1_OpenGame_Negative_Test -->
      <class name="testCases.IqSoft_API_3_GetBalance_Positive_Test">
        <test-method is-config="true" signature="setUp()[pri:0, instance:testCases.IqSoft_API_3_GetBalance_Positive_Test@d737b89]" started-at="2022-10-11T18:31:07 AMT" name="setUp" finished-at="2022-10-11T18:31:07 AMT" duration-ms="475" status="PASS">
          <reporter-output>
          </reporter-output>
        </test-method> <!-- setUp -->
        <test-method signature="GetBalanceAPIValidateStatusCod()[pri:1, instance:testCases.IqSoft_API_3_GetBalance_Positive_Test@d737b89]" started-at="2022-10-11T18:31:07 AMT" name="GetBalanceAPIValidateStatusCod" finished-at="2022-10-11T18:31:07 AMT" duration-ms="2" status="PASS">
          <reporter-output>
          </reporter-output>
        </test-method> <!-- GetBalanceAPIValidateStatusCod -->
        <test-method signature="GetBalanceAPIValidatePositiveResponse()[pri:2, instance:testCases.IqSoft_API_3_GetBalance_Positive_Test@d737b89]" started-at="2022-10-11T18:31:07 AMT" name="GetBalanceAPIValidatePositiveResponse" finished-at="2022-10-11T18:31:07 AMT" depends-on-methods="testCases.IqSoft_API_3_GetBalance_Positive_Test.GetBalanceAPIValidateStatusCod" duration-ms="3" status="PASS">
          <reporter-output>
          </reporter-output>
        </test-method> <!-- GetBalanceAPIValidatePositiveResponse -->
      </class> <!-- testCases.IqSoft_API_3_GetBalance_Positive_Test -->
      <class name="testCases.IqSoft_API_6_RollBack_Negative_Test">
        <test-method signature="RollBackAPIValidateResponseWithInvalidToken()[pri:1, instance:testCases.IqSoft_API_6_RollBack_Negative_Test@909217e]" started-at="2022-10-11T18:31:29 AMT" name="RollBackAPIValidateResponseWithInvalidToken" finished-at="2022-10-11T18:31:30 AMT" duration-ms="1129" status="FAIL">
          <exception class="java.lang.AssertionError">
            <message>
              <![CDATA[The following asserts failed:
amountAfterCredit: 9576.0 = amountAfterRollBack : 9577.0 expected [9577.0] but found [9576.0]]]>
            </message>
            <full-stacktrace>
              <![CDATA[java.lang.AssertionError: The following asserts failed:
amountAfterCredit: 9576.0 = amountAfterRollBack : 9577.0 expected [9577.0] but found [9576.0]
at org.testng.asserts.SoftAssert.assertAll(SoftAssert.java:46)
at org.testng.asserts.SoftAssert.assertAll(SoftAssert.java:30)
at testCases.IqSoft_API_6_RollBack_Negative_Test.RollBackAPIValidateResponseWithInvalidToken(IqSoft_API_6_RollBack_Negative_Test.java:70)
at java.base/jdk.internal.reflect.NativeMethodAccessorImpl.invoke0(Native Method)
at java.base/jdk.internal.reflect.NativeMethodAccessorImpl.invoke(NativeMethodAccessorImpl.java:77)
at java.base/jdk.internal.reflect.DelegatingMethodAccessorImpl.invoke(DelegatingMethodAccessorImpl.java:43)
at java.base/java.lang.reflect.Method.invoke(Method.java:568)
at org.testng.internal.invokers.MethodInvocationHelper.invokeMethod(MethodInvocationHelper.java:139)
at org.testng.internal.invokers.TestInvoker.invokeMethod(TestInvoker.java:677)
at org.testng.internal.invokers.TestInvoker.invokeTestMethod(TestInvoker.java:221)
at org.testng.internal.invokers.MethodRunner.runInSequence(MethodRunner.java:50)
at org.testng.internal.invokers.TestInvoker$MethodInvocationAgent.invoke(TestInvoker.java:962)
at org.testng.internal.invokers.TestInvoker.invokeTestMethods(TestInvoker.java:194)
at org.testng.internal.invokers.TestMethodWorker.invokeTestMethods(TestMethodWorker.java:148)
at org.testng.internal.invokers.TestMethodWorker.run(TestMethodWorker.java:128)
at java.base/java.util.ArrayList.forEach(ArrayList.java:1511)
at org.testng.TestRunner.privateRun(TestRunner.java:806)
at org.testng.TestRunner.run(TestRunner.java:601)
at org.testng.SuiteRunner.runTest(SuiteRunner.java:433)
at org.testng.SuiteRunner.runSequentially(SuiteRunner.java:427)
at org.testng.SuiteRunner.privateRun(SuiteRunner.java:387)
at org.testng.SuiteRunner.run(SuiteRunner.java:330)
at org.testng.SuiteRunnerWorker.runSuite(SuiteRunnerWorker.java:52)
at org.testng.SuiteRunnerWorker.run(SuiteRunnerWorker.java:95)
at org.testng.TestNG.runSuitesSequentially(TestNG.java:1256)
at org.testng.TestNG.runSuitesLocally(TestNG.java:1176)
at org.testng.TestNG.runSuites(TestNG.java:1099)
at org.testng.TestNG.run(TestNG.java:1067)
at org.apache.maven.surefire.testng.TestNGExecutor.run(TestNGExecutor.java:295)
at org.apache.maven.surefire.testng.TestNGXmlTestSuite.execute(TestNGXmlTestSuite.java:84)
at org.apache.maven.surefire.testng.TestNGProvider.invoke(TestNGProvider.java:90)
at org.apache.maven.surefire.booter.ForkedBooter.invokeProviderInSameClassLoader(ForkedBooter.java:203)
at org.apache.maven.surefire.booter.ForkedBooter.runSuitesInProcess(ForkedBooter.java:155)
at org.apache.maven.surefire.booter.ForkedBooter.main(ForkedBooter.java:103)
]]>
            </full-stacktrace>
          </exception> <!-- java.lang.AssertionError -->
          <reporter-output>
          </reporter-output>
        </test-method> <!-- RollBackAPIValidateResponseWithInvalidToken -->
        <test-method signature="RollBackAPIValidateResponseUsingInvalidProductID()[pri:2, instance:testCases.IqSoft_API_6_RollBack_Negative_Test@909217e]" started-at="2022-10-11T18:31:30 AMT" name="RollBackAPIValidateResponseUsingInvalidProductID" finished-at="2022-10-11T18:31:31 AMT" duration-ms="933" status="FAIL">
          <exception class="java.lang.AssertionError">
            <message>
              <![CDATA[The following asserts failed:
amountAfterRollBack : 9577.0 = amountAfterCredit: 9576.0 expected [9576.0] but found [9577.0]]]>
            </message>
            <full-stacktrace>
              <![CDATA[java.lang.AssertionError: The following asserts failed:
amountAfterRollBack : 9577.0 = amountAfterCredit: 9576.0 expected [9576.0] but found [9577.0]
at org.testng.asserts.SoftAssert.assertAll(SoftAssert.java:46)
at org.testng.asserts.SoftAssert.assertAll(SoftAssert.java:30)
at testCases.IqSoft_API_6_RollBack_Negative_Test.RollBackAPIValidateResponseUsingInvalidProductID(IqSoft_API_6_RollBack_Negative_Test.java:125)
at java.base/jdk.internal.reflect.NativeMethodAccessorImpl.invoke0(Native Method)
at java.base/jdk.internal.reflect.NativeMethodAccessorImpl.invoke(NativeMethodAccessorImpl.java:77)
at java.base/jdk.internal.reflect.DelegatingMethodAccessorImpl.invoke(DelegatingMethodAccessorImpl.java:43)
at java.base/java.lang.reflect.Method.invoke(Method.java:568)
at org.testng.internal.invokers.MethodInvocationHelper.invokeMethod(MethodInvocationHelper.java:139)
at org.testng.internal.invokers.TestInvoker.invokeMethod(TestInvoker.java:677)
at org.testng.internal.invokers.TestInvoker.invokeTestMethod(TestInvoker.java:221)
at org.testng.internal.invokers.MethodRunner.runInSequence(MethodRunner.java:50)
at org.testng.internal.invokers.TestInvoker$MethodInvocationAgent.invoke(TestInvoker.java:962)
at org.testng.internal.invokers.TestInvoker.invokeTestMethods(TestInvoker.java:194)
at org.testng.internal.invokers.TestMethodWorker.invokeTestMethods(TestMethodWorker.java:148)
at org.testng.internal.invokers.TestMethodWorker.run(TestMethodWorker.java:128)
at java.base/java.util.ArrayList.forEach(ArrayList.java:1511)
at org.testng.TestRunner.privateRun(TestRunner.java:806)
at org.testng.TestRunner.run(TestRunner.java:601)
at org.testng.SuiteRunner.runTest(SuiteRunner.java:433)
at org.testng.SuiteRunner.runSequentially(SuiteRunner.java:427)
at org.testng.SuiteRunner.privateRun(SuiteRunner.java:387)
at org.testng.SuiteRunner.run(SuiteRunner.java:330)
at org.testng.SuiteRunnerWorker.runSuite(SuiteRunnerWorker.java:52)
at org.testng.SuiteRunnerWorker.run(SuiteRunnerWorker.java:95)
at org.testng.TestNG.runSuitesSequentially(TestNG.java:1256)
at org.testng.TestNG.runSuitesLocally(TestNG.java:1176)
at org.testng.TestNG.runSuites(TestNG.java:1099)
at org.testng.TestNG.run(TestNG.java:1067)
at org.apache.maven.surefire.testng.TestNGExecutor.run(TestNGExecutor.java:295)
at org.apache.maven.surefire.testng.TestNGXmlTestSuite.execute(TestNGXmlTestSuite.java:84)
at org.apache.maven.surefire.testng.TestNGProvider.invoke(TestNGProvider.java:90)
at org.apache.maven.surefire.booter.ForkedBooter.invokeProviderInSameClassLoader(ForkedBooter.java:203)
at org.apache.maven.surefire.booter.ForkedBooter.runSuitesInProcess(ForkedBooter.java:155)
at org.apache.maven.surefire.booter.ForkedBooter.main(ForkedBooter.java:103)
]]>
            </full-stacktrace>
          </exception> <!-- java.lang.AssertionError -->
          <reporter-output>
          </reporter-output>
        </test-method> <!-- RollBackAPIValidateResponseUsingInvalidProductID -->
        <test-method signature="RollBackAPIValidateResponseUsingSameTransactionIDForRollBackAndCredit()[pri:3, instance:testCases.IqSoft_API_6_RollBack_Negative_Test@909217e]" started-at="2022-10-11T18:31:31 AMT" name="RollBackAPIValidateResponseUsingSameTransactionIDForRollBackAndCredit" finished-at="2022-10-11T18:31:32 AMT" duration-ms="575" status="PASS">
          <reporter-output>
          </reporter-output>
        </test-method> <!-- RollBackAPIValidateResponseUsingSameTransactionIDForRollBackAndCredit -->
        <test-method signature="RollBackAPIValidateResponseUsingSameCreditTransactionIDTwice()[pri:4, instance:testCases.IqSoft_API_6_RollBack_Negative_Test@909217e]" started-at="2022-10-11T18:31:32 AMT" name="RollBackAPIValidateResponseUsingSameCreditTransactionIDTwice" finished-at="2022-10-11T18:31:33 AMT" duration-ms="1288" status="FAIL">
          <exception class="java.lang.AssertionError">
            <message>
              <![CDATA[The following asserts failed:
amountAfterRollBack1: 9577.0 = amountAfterRollBack2 : 9578.0 expected [9578.0] but found [9577.0]]]>
            </message>
            <full-stacktrace>
              <![CDATA[java.lang.AssertionError: The following asserts failed:
amountAfterRollBack1: 9577.0 = amountAfterRollBack2 : 9578.0 expected [9578.0] but found [9577.0]
at org.testng.asserts.SoftAssert.assertAll(SoftAssert.java:46)
at org.testng.asserts.SoftAssert.assertAll(SoftAssert.java:30)
at testCases.IqSoft_API_6_RollBack_Negative_Test.RollBackAPIValidateResponseUsingSameCreditTransactionIDTwice(IqSoft_API_6_RollBack_Negative_Test.java:233)
at java.base/jdk.internal.reflect.NativeMethodAccessorImpl.invoke0(Native Method)
at java.base/jdk.internal.reflect.NativeMethodAccessorImpl.invoke(NativeMethodAccessorImpl.java:77)
at java.base/jdk.internal.reflect.DelegatingMethodAccessorImpl.invoke(DelegatingMethodAccessorImpl.java:43)
at java.base/java.lang.reflect.Method.invoke(Method.java:568)
at org.testng.internal.invokers.MethodInvocationHelper.invokeMethod(MethodInvocationHelper.java:139)
at org.testng.internal.invokers.TestInvoker.invokeMethod(TestInvoker.java:677)
at org.testng.internal.invokers.TestInvoker.invokeTestMethod(TestInvoker.java:221)
at org.testng.internal.invokers.MethodRunner.runInSequence(MethodRunner.java:50)
at org.testng.internal.invokers.TestInvoker$MethodInvocationAgent.invoke(TestInvoker.java:962)
at org.testng.internal.invokers.TestInvoker.invokeTestMethods(TestInvoker.java:194)
at org.testng.internal.invokers.TestMethodWorker.invokeTestMethods(TestMethodWorker.java:148)
at org.testng.internal.invokers.TestMethodWorker.run(TestMethodWorker.java:128)
at java.base/java.util.ArrayList.forEach(ArrayList.java:1511)
at org.testng.TestRunner.privateRun(TestRunner.java:806)
at org.testng.TestRunner.run(TestRunner.java:601)
at org.testng.SuiteRunner.runTest(SuiteRunner.java:433)
at org.testng.SuiteRunner.runSequentially(SuiteRunner.java:427)
at org.testng.SuiteRunner.privateRun(SuiteRunner.java:387)
at org.testng.SuiteRunner.run(SuiteRunner.java:330)
at org.testng.SuiteRunnerWorker.runSuite(SuiteRunnerWorker.java:52)
at org.testng.SuiteRunnerWorker.run(SuiteRunnerWorker.java:95)
at org.testng.TestNG.runSuitesSequentially(TestNG.java:1256)
at org.testng.TestNG.runSuitesLocally(TestNG.java:1176)
at org.testng.TestNG.runSuites(TestNG.java:1099)
at org.testng.TestNG.run(TestNG.java:1067)
at org.apache.maven.surefire.testng.TestNGExecutor.run(TestNGExecutor.java:295)
at org.apache.maven.surefire.testng.TestNGXmlTestSuite.execute(TestNGXmlTestSuite.java:84)
at org.apache.maven.surefire.testng.TestNGProvider.invoke(TestNGProvider.java:90)
at org.apache.maven.surefire.booter.ForkedBooter.invokeProviderInSameClassLoader(ForkedBooter.java:203)
at org.apache.maven.surefire.booter.ForkedBooter.runSuitesInProcess(ForkedBooter.java:155)
at org.apache.maven.surefire.booter.ForkedBooter.main(ForkedBooter.java:103)
]]>
            </full-stacktrace>
          </exception> <!-- java.lang.AssertionError -->
          <reporter-output>
          </reporter-output>
        </test-method> <!-- RollBackAPIValidateResponseUsingSameCreditTransactionIDTwice -->
        <test-method signature="RollBackAPIValidateResponseUsingSameRollBackTransactionIDTwice()[pri:5, instance:testCases.IqSoft_API_6_RollBack_Negative_Test@909217e]" started-at="2022-10-11T18:31:33 AMT" name="RollBackAPIValidateResponseUsingSameRollBackTransactionIDTwice" finished-at="2022-10-11T18:31:35 AMT" duration-ms="1654" status="PASS">
          <reporter-output>
          </reporter-output>
        </test-method> <!-- RollBackAPIValidateResponseUsingSameRollBackTransactionIDTwice -->
      </class> <!-- testCases.IqSoft_API_6_RollBack_Negative_Test -->
      <class name="testCases.IqSoft_API_5_Debit_Positive_Test">
        <test-method is-config="true" signature="setUp()[pri:0, instance:testCases.IqSoft_API_5_Debit_Positive_Test@35dab4eb]" started-at="2022-10-11T18:31:08 AMT" name="setUp" finished-at="2022-10-11T18:31:09 AMT" duration-ms="571" status="PASS">
          <reporter-output>
          </reporter-output>
        </test-method> <!-- setUp -->
        <test-method signature="DebitAPIValidateStatusCod()[pri:1, instance:testCases.IqSoft_API_5_Debit_Positive_Test@35dab4eb]" started-at="2022-10-11T18:31:09 AMT" name="DebitAPIValidateStatusCod" finished-at="2022-10-11T18:31:09 AMT" duration-ms="2" status="PASS">
          <reporter-output>
          </reporter-output>
        </test-method> <!-- DebitAPIValidateStatusCod -->
        <test-method signature="DebitAPIValidatePositiveResponse()[pri:2, instance:testCases.IqSoft_API_5_Debit_Positive_Test@35dab4eb]" started-at="2022-10-11T18:31:09 AMT" name="DebitAPIValidatePositiveResponse" finished-at="2022-10-11T18:31:09 AMT" depends-on-methods="testCases.IqSoft_API_5_Debit_Positive_Test.DebitAPIValidateStatusCod" duration-ms="3" status="PASS">
          <reporter-output>
          </reporter-output>
        </test-method> <!-- DebitAPIValidatePositiveResponse -->
      </class> <!-- testCases.IqSoft_API_5_Debit_Positive_Test -->
      <class name="testCases.IqSoft_API_2_Authorization_Positive_Test">
        <test-method is-config="true" signature="setUp()[pri:0, instance:testCases.IqSoft_API_2_Authorization_Positive_Test@28261e8e]" started-at="2022-10-11T18:31:06 AMT" name="setUp" finished-at="2022-10-11T18:31:07 AMT" duration-ms="500" status="PASS">
          <reporter-output>
          </reporter-output>
        </test-method> <!-- setUp -->
        <test-method signature="AuthorizationAPIValidateStatusCod()[pri:1, instance:testCases.IqSoft_API_2_Authorization_Positive_Test@28261e8e]" started-at="2022-10-11T18:31:07 AMT" name="AuthorizationAPIValidateStatusCod" finished-at="2022-10-11T18:31:07 AMT" duration-ms="3" status="PASS">
          <reporter-output>
          </reporter-output>
        </test-method> <!-- AuthorizationAPIValidateStatusCod -->
        <test-method signature="AuthorizationAPIValidatePositiveResponse()[pri:2, instance:testCases.IqSoft_API_2_Authorization_Positive_Test@28261e8e]" started-at="2022-10-11T18:31:07 AMT" name="AuthorizationAPIValidatePositiveResponse" finished-at="2022-10-11T18:31:07 AMT" depends-on-methods="testCases.IqSoft_API_2_Authorization_Positive_Test.AuthorizationAPIValidateStatusCod" duration-ms="1" status="PASS">
          <reporter-output>
          </reporter-output>
        </test-method> <!-- AuthorizationAPIValidatePositiveResponse -->
      </class> <!-- testCases.IqSoft_API_2_Authorization_Positive_Test -->
      <class name="testCases.IqSoft_API_2_Authorization_Negative_Test">
        <test-method signature="AuthorizationAPIValidateResponseWithExpiredToken()[pri:1, instance:testCases.IqSoft_API_2_Authorization_Negative_Test@5f049ea1]" started-at="2022-10-11T18:31:12 AMT" name="AuthorizationAPIValidateResponseWithExpiredToken" finished-at="2022-10-11T18:31:13 AMT" duration-ms="194" status="FAIL">
          <exception class="java.lang.AssertionError">
            <message>
              <![CDATA[The following asserts failed:
ResponseCode: 0 expected [29] but found [0],
Error Description: null expected [SessionExpired] but found [null]]]>
            </message>
            <full-stacktrace>
              <![CDATA[java.lang.AssertionError: The following asserts failed:
ResponseCode: 0 expected [29] but found [0],
Error Description: null expected [SessionExpired] but found [null]
at org.testng.asserts.SoftAssert.assertAll(SoftAssert.java:46)
at org.testng.asserts.SoftAssert.assertAll(SoftAssert.java:30)
at testCases.IqSoft_API_2_Authorization_Negative_Test.AuthorizationAPIValidateResponseWithExpiredToken(IqSoft_API_2_Authorization_Negative_Test.java:48)
at java.base/jdk.internal.reflect.NativeMethodAccessorImpl.invoke0(Native Method)
at java.base/jdk.internal.reflect.NativeMethodAccessorImpl.invoke(NativeMethodAccessorImpl.java:77)
at java.base/jdk.internal.reflect.DelegatingMethodAccessorImpl.invoke(DelegatingMethodAccessorImpl.java:43)
at java.base/java.lang.reflect.Method.invoke(Method.java:568)
at org.testng.internal.invokers.MethodInvocationHelper.invokeMethod(MethodInvocationHelper.java:139)
at org.testng.internal.invokers.TestInvoker.invokeMethod(TestInvoker.java:677)
at org.testng.internal.invokers.TestInvoker.invokeTestMethod(TestInvoker.java:221)
at org.testng.internal.invokers.MethodRunner.runInSequence(MethodRunner.java:50)
at org.testng.internal.invokers.TestInvoker$MethodInvocationAgent.invoke(TestInvoker.java:962)
at org.testng.internal.invokers.TestInvoker.invokeTestMethods(TestInvoker.java:194)
at org.testng.internal.invokers.TestMethodWorker.invokeTestMethods(TestMethodWorker.java:148)
at org.testng.internal.invokers.TestMethodWorker.run(TestMethodWorker.java:128)
at java.base/java.util.ArrayList.forEach(ArrayList.java:1511)
at org.testng.TestRunner.privateRun(TestRunner.java:806)
at org.testng.TestRunner.run(TestRunner.java:601)
at org.testng.SuiteRunner.runTest(SuiteRunner.java:433)
at org.testng.SuiteRunner.runSequentially(SuiteRunner.java:427)
at org.testng.SuiteRunner.privateRun(SuiteRunner.java:387)
at org.testng.SuiteRunner.run(SuiteRunner.java:330)
at org.testng.SuiteRunnerWorker.runSuite(SuiteRunnerWorker.java:52)
at org.testng.SuiteRunnerWorker.run(SuiteRunnerWorker.java:95)
at org.testng.TestNG.runSuitesSequentially(TestNG.java:1256)
at org.testng.TestNG.runSuitesLocally(TestNG.java:1176)
at org.testng.TestNG.runSuites(TestNG.java:1099)
at org.testng.TestNG.run(TestNG.java:1067)
at org.apache.maven.surefire.testng.TestNGExecutor.run(TestNGExecutor.java:295)
at org.apache.maven.surefire.testng.TestNGXmlTestSuite.execute(TestNGXmlTestSuite.java:84)
at org.apache.maven.surefire.testng.TestNGProvider.invoke(TestNGProvider.java:90)
at org.apache.maven.surefire.booter.ForkedBooter.invokeProviderInSameClassLoader(ForkedBooter.java:203)
at org.apache.maven.surefire.booter.ForkedBooter.runSuitesInProcess(ForkedBooter.java:155)
at org.apache.maven.surefire.booter.ForkedBooter.main(ForkedBooter.java:103)
]]>
            </full-stacktrace>
          </exception> <!-- java.lang.AssertionError -->
          <reporter-output>
          </reporter-output>
        </test-method> <!-- AuthorizationAPIValidateResponseWithExpiredToken -->
        <test-method signature="AuthorizationAPIValidateResponseWithInvalidToken()[pri:2, instance:testCases.IqSoft_API_2_Authorization_Negative_Test@5f049ea1]" started-at="2022-10-11T18:31:13 AMT" name="AuthorizationAPIValidateResponseWithInvalidToken" finished-at="2022-10-11T18:31:13 AMT" duration-ms="183" status="PASS">
          <reporter-output>
          </reporter-output>
        </test-method> <!-- AuthorizationAPIValidateResponseWithInvalidToken -->
        <test-method signature="AuthorizationAPIValidateResponseWithInvalidProductID()[pri:3, instance:testCases.IqSoft_API_2_Authorization_Negative_Test@5f049ea1]" started-at="2022-10-11T18:31:13 AMT" name="AuthorizationAPIValidateResponseWithInvalidProductID" finished-at="2022-10-11T18:31:13 AMT" duration-ms="183" status="FAIL">
          <exception class="java.lang.AssertionError">
            <message>
              <![CDATA[The following asserts failed:
ResponseCode: 0 expected [43] but found [0],
Error Description: null expected [ProductNotFound] but found [null]]]>
            </message>
            <full-stacktrace>
              <![CDATA[java.lang.AssertionError: The following asserts failed:
ResponseCode: 0 expected [43] but found [0],
Error Description: null expected [ProductNotFound] but found [null]
at org.testng.asserts.SoftAssert.assertAll(SoftAssert.java:46)
at org.testng.asserts.SoftAssert.assertAll(SoftAssert.java:30)
at testCases.IqSoft_API_2_Authorization_Negative_Test.AuthorizationAPIValidateResponseWithInvalidProductID(IqSoft_API_2_Authorization_Negative_Test.java:109)
at java.base/jdk.internal.reflect.NativeMethodAccessorImpl.invoke0(Native Method)
at java.base/jdk.internal.reflect.NativeMethodAccessorImpl.invoke(NativeMethodAccessorImpl.java:77)
at java.base/jdk.internal.reflect.DelegatingMethodAccessorImpl.invoke(DelegatingMethodAccessorImpl.java:43)
at java.base/java.lang.reflect.Method.invoke(Method.java:568)
at org.testng.internal.invokers.MethodInvocationHelper.invokeMethod(MethodInvocationHelper.java:139)
at org.testng.internal.invokers.TestInvoker.invokeMethod(TestInvoker.java:677)
at org.testng.internal.invokers.TestInvoker.invokeTestMethod(TestInvoker.java:221)
at org.testng.internal.invokers.MethodRunner.runInSequence(MethodRunner.java:50)
at org.testng.internal.invokers.TestInvoker$MethodInvocationAgent.invoke(TestInvoker.java:962)
at org.testng.internal.invokers.TestInvoker.invokeTestMethods(TestInvoker.java:194)
at org.testng.internal.invokers.TestMethodWorker.invokeTestMethods(TestMethodWorker.java:148)
at org.testng.internal.invokers.TestMethodWorker.run(TestMethodWorker.java:128)
at java.base/java.util.ArrayList.forEach(ArrayList.java:1511)
at org.testng.TestRunner.privateRun(TestRunner.java:806)
at org.testng.TestRunner.run(TestRunner.java:601)
at org.testng.SuiteRunner.runTest(SuiteRunner.java:433)
at org.testng.SuiteRunner.runSequentially(SuiteRunner.java:427)
at org.testng.SuiteRunner.privateRun(SuiteRunner.java:387)
at org.testng.SuiteRunner.run(SuiteRunner.java:330)
at org.testng.SuiteRunnerWorker.runSuite(SuiteRunnerWorker.java:52)
at org.testng.SuiteRunnerWorker.run(SuiteRunnerWorker.java:95)
at org.testng.TestNG.runSuitesSequentially(TestNG.java:1256)
at org.testng.TestNG.runSuitesLocally(TestNG.java:1176)
at org.testng.TestNG.runSuites(TestNG.java:1099)
at org.testng.TestNG.run(TestNG.java:1067)
at org.apache.maven.surefire.testng.TestNGExecutor.run(TestNGExecutor.java:295)
at org.apache.maven.surefire.testng.TestNGXmlTestSuite.execute(TestNGXmlTestSuite.java:84)
at org.apache.maven.surefire.testng.TestNGProvider.invoke(TestNGProvider.java:90)
at org.apache.maven.surefire.booter.ForkedBooter.invokeProviderInSameClassLoader(ForkedBooter.java:203)
at org.apache.maven.surefire.booter.ForkedBooter.runSuitesInProcess(ForkedBooter.java:155)
at org.apache.maven.surefire.booter.ForkedBooter.main(ForkedBooter.java:103)
]]>
            </full-stacktrace>
          </exception> <!-- java.lang.AssertionError -->
          <reporter-output>
          </reporter-output>
        </test-method> <!-- AuthorizationAPIValidateResponseWithInvalidProductID -->
      </class> <!-- testCases.IqSoft_API_2_Authorization_Negative_Test -->
      <class name="testCases.IqSoft_API_5_Debit_Negative_Test">
        <test-method signature="DebitAPIValidateResponseWithInvalidToken()[pri:1, instance:testCases.IqSoft_API_5_Debit_Negative_Test@72035809]" started-at="2022-10-11T18:31:20 AMT" name="DebitAPIValidateResponseWithInvalidToken" finished-at="2022-10-11T18:31:21 AMT" duration-ms="950" status="PASS">
          <reporter-output>
          </reporter-output>
        </test-method> <!-- DebitAPIValidateResponseWithInvalidToken -->
        <test-method signature="DebitAPIValidateResponseUsingInvalidProductID()[pri:2, instance:testCases.IqSoft_API_5_Debit_Negative_Test@72035809]" started-at="2022-10-11T18:31:21 AMT" name="DebitAPIValidateResponseUsingInvalidProductID" finished-at="2022-10-11T18:31:22 AMT" duration-ms="932" status="FAIL">
          <exception class="java.lang.AssertionError">
            <message>
              <![CDATA[The following asserts failed:
Error Description: game not avaible expected [game not available] but found [game not avaible]]]>
            </message>
            <full-stacktrace>
              <![CDATA[java.lang.AssertionError: The following asserts failed:
Error Description: game not avaible expected [game not available] but found [game not avaible]
at org.testng.asserts.SoftAssert.assertAll(SoftAssert.java:46)
at org.testng.asserts.SoftAssert.assertAll(SoftAssert.java:30)
at testCases.IqSoft_API_5_Debit_Negative_Test.DebitAPIValidateResponseUsingInvalidProductID(IqSoft_API_5_Debit_Negative_Test.java:126)
at java.base/jdk.internal.reflect.NativeMethodAccessorImpl.invoke0(Native Method)
at java.base/jdk.internal.reflect.NativeMethodAccessorImpl.invoke(NativeMethodAccessorImpl.java:77)
at java.base/jdk.internal.reflect.DelegatingMethodAccessorImpl.invoke(DelegatingMethodAccessorImpl.java:43)
at java.base/java.lang.reflect.Method.invoke(Method.java:568)
at org.testng.internal.invokers.MethodInvocationHelper.invokeMethod(MethodInvocationHelper.java:139)
at org.testng.internal.invokers.TestInvoker.invokeMethod(TestInvoker.java:677)
at org.testng.internal.invokers.TestInvoker.invokeTestMethod(TestInvoker.java:221)
at org.testng.internal.invokers.MethodRunner.runInSequence(MethodRunner.java:50)
at org.testng.internal.invokers.TestInvoker$MethodInvocationAgent.invoke(TestInvoker.java:962)
at org.testng.internal.invokers.TestInvoker.invokeTestMethods(TestInvoker.java:194)
at org.testng.internal.invokers.TestMethodWorker.invokeTestMethods(TestMethodWorker.java:148)
at org.testng.internal.invokers.TestMethodWorker.run(TestMethodWorker.java:128)
at java.base/java.util.ArrayList.forEach(ArrayList.java:1511)
at org.testng.TestRunner.privateRun(TestRunner.java:806)
at org.testng.TestRunner.run(TestRunner.java:601)
at org.testng.SuiteRunner.runTest(SuiteRunner.java:433)
at org.testng.SuiteRunner.runSequentially(SuiteRunner.java:427)
at org.testng.SuiteRunner.privateRun(SuiteRunner.java:387)
at org.testng.SuiteRunner.run(SuiteRunner.java:330)
at org.testng.SuiteRunnerWorker.runSuite(SuiteRunnerWorker.java:52)
at org.testng.SuiteRunnerWorker.run(SuiteRunnerWorker.java:95)
at org.testng.TestNG.runSuitesSequentially(TestNG.java:1256)
at org.testng.TestNG.runSuitesLocally(TestNG.java:1176)
at org.testng.TestNG.runSuites(TestNG.java:1099)
at org.testng.TestNG.run(TestNG.java:1067)
at org.apache.maven.surefire.testng.TestNGExecutor.run(TestNGExecutor.java:295)
at org.apache.maven.surefire.testng.TestNGXmlTestSuite.execute(TestNGXmlTestSuite.java:84)
at org.apache.maven.surefire.testng.TestNGProvider.invoke(TestNGProvider.java:90)
at org.apache.maven.surefire.booter.ForkedBooter.invokeProviderInSameClassLoader(ForkedBooter.java:203)
at org.apache.maven.surefire.booter.ForkedBooter.runSuitesInProcess(ForkedBooter.java:155)
at org.apache.maven.surefire.booter.ForkedBooter.main(ForkedBooter.java:103)
]]>
            </full-stacktrace>
          </exception> <!-- java.lang.AssertionError -->
          <reporter-output>
          </reporter-output>
        </test-method> <!-- DebitAPIValidateResponseUsingInvalidProductID -->
        <test-method signature="DebitAPIValidateResponseUsingTransactionIDTwice()[pri:3, instance:testCases.IqSoft_API_5_Debit_Negative_Test@72035809]" started-at="2022-10-11T18:31:22 AMT" name="DebitAPIValidateResponseUsingTransactionIDTwice" finished-at="2022-10-11T18:31:24 AMT" duration-ms="1655" status="FAIL">
          <exception class="java.lang.AssertionError">
            <message>
              <![CDATA[The following asserts failed:
ResponseCode: 0 expected [69] but found [0],
Error Description: null expected [ClientDocumentAlreadyExists] but found [null]]]>
            </message>
            <full-stacktrace>
              <![CDATA[java.lang.AssertionError: The following asserts failed:
ResponseCode: 0 expected [69] but found [0],
Error Description: null expected [ClientDocumentAlreadyExists] but found [null]
at org.testng.asserts.SoftAssert.assertAll(SoftAssert.java:46)
at org.testng.asserts.SoftAssert.assertAll(SoftAssert.java:30)
at testCases.IqSoft_API_5_Debit_Negative_Test.DebitAPIValidateResponseUsingTransactionIDTwice(IqSoft_API_5_Debit_Negative_Test.java:201)
at java.base/jdk.internal.reflect.NativeMethodAccessorImpl.invoke0(Native Method)
at java.base/jdk.internal.reflect.NativeMethodAccessorImpl.invoke(NativeMethodAccessorImpl.java:77)
at java.base/jdk.internal.reflect.DelegatingMethodAccessorImpl.invoke(DelegatingMethodAccessorImpl.java:43)
at java.base/java.lang.reflect.Method.invoke(Method.java:568)
at org.testng.internal.invokers.MethodInvocationHelper.invokeMethod(MethodInvocationHelper.java:139)
at org.testng.internal.invokers.TestInvoker.invokeMethod(TestInvoker.java:677)
at org.testng.internal.invokers.TestInvoker.invokeTestMethod(TestInvoker.java:221)
at org.testng.internal.invokers.MethodRunner.runInSequence(MethodRunner.java:50)
at org.testng.internal.invokers.TestInvoker$MethodInvocationAgent.invoke(TestInvoker.java:962)
at org.testng.internal.invokers.TestInvoker.invokeTestMethods(TestInvoker.java:194)
at org.testng.internal.invokers.TestMethodWorker.invokeTestMethods(TestMethodWorker.java:148)
at org.testng.internal.invokers.TestMethodWorker.run(TestMethodWorker.java:128)
at java.base/java.util.ArrayList.forEach(ArrayList.java:1511)
at org.testng.TestRunner.privateRun(TestRunner.java:806)
at org.testng.TestRunner.run(TestRunner.java:601)
at org.testng.SuiteRunner.runTest(SuiteRunner.java:433)
at org.testng.SuiteRunner.runSequentially(SuiteRunner.java:427)
at org.testng.SuiteRunner.privateRun(SuiteRunner.java:387)
at org.testng.SuiteRunner.run(SuiteRunner.java:330)
at org.testng.SuiteRunnerWorker.runSuite(SuiteRunnerWorker.java:52)
at org.testng.SuiteRunnerWorker.run(SuiteRunnerWorker.java:95)
at org.testng.TestNG.runSuitesSequentially(TestNG.java:1256)
at org.testng.TestNG.runSuitesLocally(TestNG.java:1176)
at org.testng.TestNG.runSuites(TestNG.java:1099)
at org.testng.TestNG.run(TestNG.java:1067)
at org.apache.maven.surefire.testng.TestNGExecutor.run(TestNGExecutor.java:295)
at org.apache.maven.surefire.testng.TestNGXmlTestSuite.execute(TestNGXmlTestSuite.java:84)
at org.apache.maven.surefire.testng.TestNGProvider.invoke(TestNGProvider.java:90)
at org.apache.maven.surefire.booter.ForkedBooter.invokeProviderInSameClassLoader(ForkedBooter.java:203)
at org.apache.maven.surefire.booter.ForkedBooter.runSuitesInProcess(ForkedBooter.java:155)
at org.apache.maven.surefire.booter.ForkedBooter.main(ForkedBooter.java:103)
]]>
            </full-stacktrace>
          </exception> <!-- java.lang.AssertionError -->
          <reporter-output>
          </reporter-output>
        </test-method> <!-- DebitAPIValidateResponseUsingTransactionIDTwice -->
        <test-method signature="DebitAPIValidateResponseUsingInvalidCreditTransactionID()[pri:4, instance:testCases.IqSoft_API_5_Debit_Negative_Test@72035809]" started-at="2022-10-11T18:31:24 AMT" name="DebitAPIValidateResponseUsingInvalidCreditTransactionID" finished-at="2022-10-11T18:31:24 AMT" duration-ms="559" status="FAIL">
          <exception class="java.lang.AssertionError">
            <message>
              <![CDATA[The following asserts failed:
ResponseCode: 0 expected [50] but found [0],
Error Description: null expected [CanNotConnectCreditAndDebit] but found [null],
amountBeforeDebit: 9580.0 = amountAfterDebit: 9582.0 expected [9582.0] but found [9580.0]]]>
            </message>
            <full-stacktrace>
              <![CDATA[java.lang.AssertionError: The following asserts failed:
ResponseCode: 0 expected [50] but found [0],
Error Description: null expected [CanNotConnectCreditAndDebit] but found [null],
amountBeforeDebit: 9580.0 = amountAfterDebit: 9582.0 expected [9582.0] but found [9580.0]
at org.testng.asserts.SoftAssert.assertAll(SoftAssert.java:46)
at org.testng.asserts.SoftAssert.assertAll(SoftAssert.java:30)
at testCases.IqSoft_API_5_Debit_Negative_Test.DebitAPIValidateResponseUsingInvalidCreditTransactionID(IqSoft_API_5_Debit_Negative_Test.java:242)
at java.base/jdk.internal.reflect.NativeMethodAccessorImpl.invoke0(Native Method)
at java.base/jdk.internal.reflect.NativeMethodAccessorImpl.invoke(NativeMethodAccessorImpl.java:77)
at java.base/jdk.internal.reflect.DelegatingMethodAccessorImpl.invoke(DelegatingMethodAccessorImpl.java:43)
at java.base/java.lang.reflect.Method.invoke(Method.java:568)
at org.testng.internal.invokers.MethodInvocationHelper.invokeMethod(MethodInvocationHelper.java:139)
at org.testng.internal.invokers.TestInvoker.invokeMethod(TestInvoker.java:677)
at org.testng.internal.invokers.TestInvoker.invokeTestMethod(TestInvoker.java:221)
at org.testng.internal.invokers.MethodRunner.runInSequence(MethodRunner.java:50)
at org.testng.internal.invokers.TestInvoker$MethodInvocationAgent.invoke(TestInvoker.java:962)
at org.testng.internal.invokers.TestInvoker.invokeTestMethods(TestInvoker.java:194)
at org.testng.internal.invokers.TestMethodWorker.invokeTestMethods(TestMethodWorker.java:148)
at org.testng.internal.invokers.TestMethodWorker.run(TestMethodWorker.java:128)
at java.base/java.util.ArrayList.forEach(ArrayList.java:1511)
at org.testng.TestRunner.privateRun(TestRunner.java:806)
at org.testng.TestRunner.run(TestRunner.java:601)
at org.testng.SuiteRunner.runTest(SuiteRunner.java:433)
at org.testng.SuiteRunner.runSequentially(SuiteRunner.java:427)
at org.testng.SuiteRunner.privateRun(SuiteRunner.java:387)
at org.testng.SuiteRunner.run(SuiteRunner.java:330)
at org.testng.SuiteRunnerWorker.runSuite(SuiteRunnerWorker.java:52)
at org.testng.SuiteRunnerWorker.run(SuiteRunnerWorker.java:95)
at org.testng.TestNG.runSuitesSequentially(TestNG.java:1256)
at org.testng.TestNG.runSuitesLocally(TestNG.java:1176)
at org.testng.TestNG.runSuites(TestNG.java:1099)
at org.testng.TestNG.run(TestNG.java:1067)
at org.apache.maven.surefire.testng.TestNGExecutor.run(TestNGExecutor.java:295)
at org.apache.maven.surefire.testng.TestNGXmlTestSuite.execute(TestNGXmlTestSuite.java:84)
at org.apache.maven.surefire.testng.TestNGProvider.invoke(TestNGProvider.java:90)
at org.apache.maven.surefire.booter.ForkedBooter.invokeProviderInSameClassLoader(ForkedBooter.java:203)
at org.apache.maven.surefire.booter.ForkedBooter.runSuitesInProcess(ForkedBooter.java:155)
at org.apache.maven.surefire.booter.ForkedBooter.main(ForkedBooter.java:103)
]]>
            </full-stacktrace>
          </exception> <!-- java.lang.AssertionError -->
          <reporter-output>
          </reporter-output>
        </test-method> <!-- DebitAPIValidateResponseUsingInvalidCreditTransactionID -->
        <test-method signature="DebitAPIValidateResponseUsingInvalidAmount(java.lang.Double)[pri:5, instance:testCases.IqSoft_API_5_Debit_Negative_Test@72035809]" started-at="2022-10-11T18:31:24 AMT" name="DebitAPIValidateResponseUsingInvalidAmount" data-provider="invalidAmount" finished-at="2022-10-11T18:31:25 AMT" duration-ms="996" status="FAIL">
          <params>
            <param index="0">
              <value>
                <![CDATA[0.0]]>
              </value>
            </param>
          </params>
          <exception class="java.lang.AssertionError">
            <message>
              <![CDATA[The following asserts failed:
ResponseCode: 0 expected [39] but found [0],
Error Description: null expected [WrongOperationAmount] but found [null]]]>
            </message>
            <full-stacktrace>
              <![CDATA[java.lang.AssertionError: The following asserts failed:
ResponseCode: 0 expected [39] but found [0],
Error Description: null expected [WrongOperationAmount] but found [null]
at org.testng.asserts.SoftAssert.assertAll(SoftAssert.java:46)
at org.testng.asserts.SoftAssert.assertAll(SoftAssert.java:30)
at testCases.IqSoft_API_5_Debit_Negative_Test.DebitAPIValidateResponseUsingInvalidAmount(IqSoft_API_5_Debit_Negative_Test.java:294)
at java.base/jdk.internal.reflect.NativeMethodAccessorImpl.invoke0(Native Method)
at java.base/jdk.internal.reflect.NativeMethodAccessorImpl.invoke(NativeMethodAccessorImpl.java:77)
at java.base/jdk.internal.reflect.DelegatingMethodAccessorImpl.invoke(DelegatingMethodAccessorImpl.java:43)
at java.base/java.lang.reflect.Method.invoke(Method.java:568)
at org.testng.internal.invokers.MethodInvocationHelper.invokeMethod(MethodInvocationHelper.java:139)
at org.testng.internal.invokers.TestInvoker.invokeMethod(TestInvoker.java:677)
at org.testng.internal.invokers.TestInvoker.invokeTestMethod(TestInvoker.java:221)
at org.testng.internal.invokers.MethodRunner.runInSequence(MethodRunner.java:50)
at org.testng.internal.invokers.TestInvoker$MethodInvocationAgent.invoke(TestInvoker.java:962)
at org.testng.internal.invokers.TestInvoker.invokeTestMethods(TestInvoker.java:194)
at org.testng.internal.invokers.TestMethodWorker.invokeTestMethods(TestMethodWorker.java:148)
at org.testng.internal.invokers.TestMethodWorker.run(TestMethodWorker.java:128)
at java.base/java.util.ArrayList.forEach(ArrayList.java:1511)
at org.testng.TestRunner.privateRun(TestRunner.java:806)
at org.testng.TestRunner.run(TestRunner.java:601)
at org.testng.SuiteRunner.runTest(SuiteRunner.java:433)
at org.testng.SuiteRunner.runSequentially(SuiteRunner.java:427)
at org.testng.SuiteRunner.privateRun(SuiteRunner.java:387)
at org.testng.SuiteRunner.run(SuiteRunner.java:330)
at org.testng.SuiteRunnerWorker.runSuite(SuiteRunnerWorker.java:52)
at org.testng.SuiteRunnerWorker.run(SuiteRunnerWorker.java:95)
at org.testng.TestNG.runSuitesSequentially(TestNG.java:1256)
at org.testng.TestNG.runSuitesLocally(TestNG.java:1176)
at org.testng.TestNG.runSuites(TestNG.java:1099)
at org.testng.TestNG.run(TestNG.java:1067)
at org.apache.maven.surefire.testng.TestNGExecutor.run(TestNGExecutor.java:295)
at org.apache.maven.surefire.testng.TestNGXmlTestSuite.execute(TestNGXmlTestSuite.java:84)
at org.apache.maven.surefire.testng.TestNGProvider.invoke(TestNGProvider.java:90)
at org.apache.maven.surefire.booter.ForkedBooter.invokeProviderInSameClassLoader(ForkedBooter.java:203)
at org.apache.maven.surefire.booter.ForkedBooter.runSuitesInProcess(ForkedBooter.java:155)
at org.apache.maven.surefire.booter.ForkedBooter.main(ForkedBooter.java:103)
]]>
            </full-stacktrace>
          </exception> <!-- java.lang.AssertionError -->
          <reporter-output>
          </reporter-output>
        </test-method> <!-- DebitAPIValidateResponseUsingInvalidAmount -->
        <test-method signature="DebitAPIValidateResponseUsingInvalidAmount(java.lang.Double)[pri:5, instance:testCases.IqSoft_API_5_Debit_Negative_Test@72035809]" started-at="2022-10-11T18:31:25 AMT" name="DebitAPIValidateResponseUsingInvalidAmount" data-provider="invalidAmount" finished-at="2022-10-11T18:31:26 AMT" duration-ms="899" status="PASS">
          <params>
            <param index="0">
              <value>
                <![CDATA[-1.0]]>
              </value>
            </param>
          </params>
          <reporter-output>
          </reporter-output>
        </test-method> <!-- DebitAPIValidateResponseUsingInvalidAmount -->
        <test-method signature="DebitAPIValidateResponseUsingInvalidAmount(java.lang.Double)[pri:5, instance:testCases.IqSoft_API_5_Debit_Negative_Test@72035809]" started-at="2022-10-11T18:31:26 AMT" name="DebitAPIValidateResponseUsingInvalidAmount" data-provider="invalidAmount" finished-at="2022-10-11T18:31:27 AMT" duration-ms="940" status="PASS">
          <params>
            <param index="0">
              <value>
                <![CDATA[-1.5]]>
              </value>
            </param>
          </params>
          <reporter-output>
          </reporter-output>
        </test-method> <!-- DebitAPIValidateResponseUsingInvalidAmount -->
        <test-method signature="DebitAPIValidateResponseUsingInvalidAmount(java.lang.Double)[pri:5, instance:testCases.IqSoft_API_5_Debit_Negative_Test@72035809]" started-at="2022-10-11T18:31:27 AMT" name="DebitAPIValidateResponseUsingInvalidAmount" data-provider="invalidAmount" finished-at="2022-10-11T18:31:28 AMT" duration-ms="1017" status="PASS">
          <params>
            <param index="0">
              <value>
                <![CDATA[-1.05]]>
              </value>
            </param>
          </params>
          <reporter-output>
          </reporter-output>
        </test-method> <!-- DebitAPIValidateResponseUsingInvalidAmount -->
        <test-method signature="DebitAPIValidateResponseUsingInvalidAmount(java.lang.Double)[pri:5, instance:testCases.IqSoft_API_5_Debit_Negative_Test@72035809]" started-at="2022-10-11T18:31:28 AMT" name="DebitAPIValidateResponseUsingInvalidAmount" data-provider="invalidAmount" finished-at="2022-10-11T18:31:29 AMT" duration-ms="1190" status="PASS">
          <params>
            <param index="0">
              <value>
                <![CDATA[-1.005]]>
              </value>
            </param>
          </params>
          <reporter-output>
          </reporter-output>
        </test-method> <!-- DebitAPIValidateResponseUsingInvalidAmount -->
      </class> <!-- testCases.IqSoft_API_5_Debit_Negative_Test -->
      <class name="testCases.IqSoft_API_4_Credit_Positive_Test">
        <test-method is-config="true" signature="setUp()[pri:0, instance:testCases.IqSoft_API_4_Credit_Positive_Test@8519cb4]" started-at="2022-10-11T18:31:07 AMT" name="setUp" finished-at="2022-10-11T18:31:08 AMT" duration-ms="1172" status="PASS">
          <reporter-output>
          </reporter-output>
        </test-method> <!-- setUp -->
        <test-method signature="CreditAPIValidateStatusCod()[pri:1, instance:testCases.IqSoft_API_4_Credit_Positive_Test@8519cb4]" started-at="2022-10-11T18:31:08 AMT" name="CreditAPIValidateStatusCod" finished-at="2022-10-11T18:31:08 AMT" duration-ms="2" status="PASS">
          <reporter-output>
          </reporter-output>
        </test-method> <!-- CreditAPIValidateStatusCod -->
        <test-method signature="CreditAPIValidatePositiveResponse()[pri:2, instance:testCases.IqSoft_API_4_Credit_Positive_Test@8519cb4]" started-at="2022-10-11T18:31:08 AMT" name="CreditAPIValidatePositiveResponse" finished-at="2022-10-11T18:31:08 AMT" depends-on-methods="testCases.IqSoft_API_4_Credit_Positive_Test.CreditAPIValidateStatusCod" duration-ms="3" status="PASS">
          <reporter-output>
          </reporter-output>
        </test-method> <!-- CreditAPIValidatePositiveResponse -->
      </class> <!-- testCases.IqSoft_API_4_Credit_Positive_Test -->
      <class name="testCases.IqSoft_API_3_GetBalance_Negative_Test">
        <test-method signature="GetBalanceAPIValidateResponseWithExpiredToken()[pri:1, instance:testCases.IqSoft_API_3_GetBalance_Negative_Test@72cc7e6f]" started-at="2022-10-11T18:31:13 AMT" name="GetBalanceAPIValidateResponseWithExpiredToken" finished-at="2022-10-11T18:31:13 AMT" duration-ms="181" status="FAIL">
          <exception class="java.lang.AssertionError">
            <message>
              <![CDATA[The following asserts failed:
ResponseCode: 0 expected [29] but found [0],
Error Description: null expected [SessionExpired] but found [null]]]>
            </message>
            <full-stacktrace>
              <![CDATA[java.lang.AssertionError: The following asserts failed:
ResponseCode: 0 expected [29] but found [0],
Error Description: null expected [SessionExpired] but found [null]
at org.testng.asserts.SoftAssert.assertAll(SoftAssert.java:46)
at org.testng.asserts.SoftAssert.assertAll(SoftAssert.java:30)
at testCases.IqSoft_API_3_GetBalance_Negative_Test.GetBalanceAPIValidateResponseWithExpiredToken(IqSoft_API_3_GetBalance_Negative_Test.java:43)
at java.base/jdk.internal.reflect.NativeMethodAccessorImpl.invoke0(Native Method)
at java.base/jdk.internal.reflect.NativeMethodAccessorImpl.invoke(NativeMethodAccessorImpl.java:77)
at java.base/jdk.internal.reflect.DelegatingMethodAccessorImpl.invoke(DelegatingMethodAccessorImpl.java:43)
at java.base/java.lang.reflect.Method.invoke(Method.java:568)
at org.testng.internal.invokers.MethodInvocationHelper.invokeMethod(MethodInvocationHelper.java:139)
at org.testng.internal.invokers.TestInvoker.invokeMethod(TestInvoker.java:677)
at org.testng.internal.invokers.TestInvoker.invokeTestMethod(TestInvoker.java:221)
at org.testng.internal.invokers.MethodRunner.runInSequence(MethodRunner.java:50)
at org.testng.internal.invokers.TestInvoker$MethodInvocationAgent.invoke(TestInvoker.java:962)
at org.testng.internal.invokers.TestInvoker.invokeTestMethods(TestInvoker.java:194)
at org.testng.internal.invokers.TestMethodWorker.invokeTestMethods(TestMethodWorker.java:148)
at org.testng.internal.invokers.TestMethodWorker.run(TestMethodWorker.java:128)
at java.base/java.util.ArrayList.forEach(ArrayList.java:1511)
at org.testng.TestRunner.privateRun(TestRunner.java:806)
at org.testng.TestRunner.run(TestRunner.java:601)
at org.testng.SuiteRunner.runTest(SuiteRunner.java:433)
at org.testng.SuiteRunner.runSequentially(SuiteRunner.java:427)
at org.testng.SuiteRunner.privateRun(SuiteRunner.java:387)
at org.testng.SuiteRunner.run(SuiteRunner.java:330)
at org.testng.SuiteRunnerWorker.runSuite(SuiteRunnerWorker.java:52)
at org.testng.SuiteRunnerWorker.run(SuiteRunnerWorker.java:95)
at org.testng.TestNG.runSuitesSequentially(TestNG.java:1256)
at org.testng.TestNG.runSuitesLocally(TestNG.java:1176)
at org.testng.TestNG.runSuites(TestNG.java:1099)
at org.testng.TestNG.run(TestNG.java:1067)
at org.apache.maven.surefire.testng.TestNGExecutor.run(TestNGExecutor.java:295)
at org.apache.maven.surefire.testng.TestNGXmlTestSuite.execute(TestNGXmlTestSuite.java:84)
at org.apache.maven.surefire.testng.TestNGProvider.invoke(TestNGProvider.java:90)
at org.apache.maven.surefire.booter.ForkedBooter.invokeProviderInSameClassLoader(ForkedBooter.java:203)
at org.apache.maven.surefire.booter.ForkedBooter.runSuitesInProcess(ForkedBooter.java:155)
at org.apache.maven.surefire.booter.ForkedBooter.main(ForkedBooter.java:103)
]]>
            </full-stacktrace>
          </exception> <!-- java.lang.AssertionError -->
          <reporter-output>
          </reporter-output>
        </test-method> <!-- GetBalanceAPIValidateResponseWithExpiredToken -->
        <test-method signature="GetBalanceAPIValidateResponseWithInvalidToken()[pri:2, instance:testCases.IqSoft_API_3_GetBalance_Negative_Test@72cc7e6f]" started-at="2022-10-11T18:31:13 AMT" name="GetBalanceAPIValidateResponseWithInvalidToken" finished-at="2022-10-11T18:31:13 AMT" duration-ms="199" status="PASS">
          <reporter-output>
          </reporter-output>
        </test-method> <!-- GetBalanceAPIValidateResponseWithInvalidToken -->
        <test-method signature="GetBalanceAPIValidateResponseWithInvalidCurrencyID()[pri:3, instance:testCases.IqSoft_API_3_GetBalance_Negative_Test@72cc7e6f]" started-at="2022-10-11T18:31:13 AMT" name="GetBalanceAPIValidateResponseWithInvalidCurrencyID" finished-at="2022-10-11T18:31:14 AMT" duration-ms="187" status="FAIL">
          <exception class="java.lang.AssertionError">
            <message>
              <![CDATA[The following asserts failed:
ResponseCode: 0 expected [20] but found [0],
Error Description: null expected [CurrencyNotExists] but found [null]]]>
            </message>
            <full-stacktrace>
              <![CDATA[java.lang.AssertionError: The following asserts failed:
ResponseCode: 0 expected [20] but found [0],
Error Description: null expected [CurrencyNotExists] but found [null]
at org.testng.asserts.SoftAssert.assertAll(SoftAssert.java:46)
at org.testng.asserts.SoftAssert.assertAll(SoftAssert.java:30)
at testCases.IqSoft_API_3_GetBalance_Negative_Test.GetBalanceAPIValidateResponseWithInvalidCurrencyID(IqSoft_API_3_GetBalance_Negative_Test.java:98)
at java.base/jdk.internal.reflect.NativeMethodAccessorImpl.invoke0(Native Method)
at java.base/jdk.internal.reflect.NativeMethodAccessorImpl.invoke(NativeMethodAccessorImpl.java:77)
at java.base/jdk.internal.reflect.DelegatingMethodAccessorImpl.invoke(DelegatingMethodAccessorImpl.java:43)
at java.base/java.lang.reflect.Method.invoke(Method.java:568)
at org.testng.internal.invokers.MethodInvocationHelper.invokeMethod(MethodInvocationHelper.java:139)
at org.testng.internal.invokers.TestInvoker.invokeMethod(TestInvoker.java:677)
at org.testng.internal.invokers.TestInvoker.invokeTestMethod(TestInvoker.java:221)
at org.testng.internal.invokers.MethodRunner.runInSequence(MethodRunner.java:50)
at org.testng.internal.invokers.TestInvoker$MethodInvocationAgent.invoke(TestInvoker.java:962)
at org.testng.internal.invokers.TestInvoker.invokeTestMethods(TestInvoker.java:194)
at org.testng.internal.invokers.TestMethodWorker.invokeTestMethods(TestMethodWorker.java:148)
at org.testng.internal.invokers.TestMethodWorker.run(TestMethodWorker.java:128)
at java.base/java.util.ArrayList.forEach(ArrayList.java:1511)
at org.testng.TestRunner.privateRun(TestRunner.java:806)
at org.testng.TestRunner.run(TestRunner.java:601)
at org.testng.SuiteRunner.runTest(SuiteRunner.java:433)
at org.testng.SuiteRunner.runSequentially(SuiteRunner.java:427)
at org.testng.SuiteRunner.privateRun(SuiteRunner.java:387)
at org.testng.SuiteRunner.run(SuiteRunner.java:330)
at org.testng.SuiteRunnerWorker.runSuite(SuiteRunnerWorker.java:52)
at org.testng.SuiteRunnerWorker.run(SuiteRunnerWorker.java:95)
at org.testng.TestNG.runSuitesSequentially(TestNG.java:1256)
at org.testng.TestNG.runSuitesLocally(TestNG.java:1176)
at org.testng.TestNG.runSuites(TestNG.java:1099)
at org.testng.TestNG.run(TestNG.java:1067)
at org.apache.maven.surefire.testng.TestNGExecutor.run(TestNGExecutor.java:295)
at org.apache.maven.surefire.testng.TestNGXmlTestSuite.execute(TestNGXmlTestSuite.java:84)
at org.apache.maven.surefire.testng.TestNGProvider.invoke(TestNGProvider.java:90)
at org.apache.maven.surefire.booter.ForkedBooter.invokeProviderInSameClassLoader(ForkedBooter.java:203)
at org.apache.maven.surefire.booter.ForkedBooter.runSuitesInProcess(ForkedBooter.java:155)
at org.apache.maven.surefire.booter.ForkedBooter.main(ForkedBooter.java:103)
]]>
            </full-stacktrace>
          </exception> <!-- java.lang.AssertionError -->
          <reporter-output>
          </reporter-output>
        </test-method> <!-- GetBalanceAPIValidateResponseWithInvalidCurrencyID -->
        <test-method signature="GetBalanceAPIValidateResponseWithOtherCurrencyID()[pri:4, instance:testCases.IqSoft_API_3_GetBalance_Negative_Test@72cc7e6f]" started-at="2022-10-11T18:31:14 AMT" name="GetBalanceAPIValidateResponseWithOtherCurrencyID" finished-at="2022-10-11T18:31:14 AMT" duration-ms="356" status="FAIL">
          <exception class="java.lang.AssertionError">
            <message>
              <![CDATA[balanceUSD VS balanceEUR did not expect [9584.0] but found [9584.0]]]>
            </message>
            <full-stacktrace>
              <![CDATA[java.lang.AssertionError: balanceUSD VS balanceEUR did not expect [9584.0] but found [9584.0]
at org.testng.Assert.fail(Assert.java:110)
at org.testng.Assert.failEquals(Assert.java:1417)
at org.testng.Assert.assertNotEqualsImpl(Assert.java:156)
at org.testng.Assert.assertNotEquals(Assert.java:2033)
at testCases.IqSoft_API_3_GetBalance_Negative_Test.GetBalanceAPIValidateResponseWithOtherCurrencyID(IqSoft_API_3_GetBalance_Negative_Test.java:121)
at java.base/jdk.internal.reflect.NativeMethodAccessorImpl.invoke0(Native Method)
at java.base/jdk.internal.reflect.NativeMethodAccessorImpl.invoke(NativeMethodAccessorImpl.java:77)
at java.base/jdk.internal.reflect.DelegatingMethodAccessorImpl.invoke(DelegatingMethodAccessorImpl.java:43)
at java.base/java.lang.reflect.Method.invoke(Method.java:568)
at org.testng.internal.invokers.MethodInvocationHelper.invokeMethod(MethodInvocationHelper.java:139)
at org.testng.internal.invokers.TestInvoker.invokeMethod(TestInvoker.java:677)
at org.testng.internal.invokers.TestInvoker.invokeTestMethod(TestInvoker.java:221)
at org.testng.internal.invokers.MethodRunner.runInSequence(MethodRunner.java:50)
at org.testng.internal.invokers.TestInvoker$MethodInvocationAgent.invoke(TestInvoker.java:962)
at org.testng.internal.invokers.TestInvoker.invokeTestMethods(TestInvoker.java:194)
at org.testng.internal.invokers.TestMethodWorker.invokeTestMethods(TestMethodWorker.java:148)
at org.testng.internal.invokers.TestMethodWorker.run(TestMethodWorker.java:128)
at java.base/java.util.ArrayList.forEach(ArrayList.java:1511)
at org.testng.TestRunner.privateRun(TestRunner.java:806)
at org.testng.TestRunner.run(TestRunner.java:601)
at org.testng.SuiteRunner.runTest(SuiteRunner.java:433)
at org.testng.SuiteRunner.runSequentially(SuiteRunner.java:427)
at org.testng.SuiteRunner.privateRun(SuiteRunner.java:387)
at org.testng.SuiteRunner.run(SuiteRunner.java:330)
at org.testng.SuiteRunnerWorker.runSuite(SuiteRunnerWorker.java:52)
at org.testng.SuiteRunnerWorker.run(SuiteRunnerWorker.java:95)
at org.testng.TestNG.runSuitesSequentially(TestNG.java:1256)
at org.testng.TestNG.runSuitesLocally(TestNG.java:1176)
at org.testng.TestNG.runSuites(TestNG.java:1099)
at org.testng.TestNG.run(TestNG.java:1067)
at org.apache.maven.surefire.testng.TestNGExecutor.run(TestNGExecutor.java:295)
at org.apache.maven.surefire.testng.TestNGXmlTestSuite.execute(TestNGXmlTestSuite.java:84)
at org.apache.maven.surefire.testng.TestNGProvider.invoke(TestNGProvider.java:90)
at org.apache.maven.surefire.booter.ForkedBooter.invokeProviderInSameClassLoader(ForkedBooter.java:203)
at org.apache.maven.surefire.booter.ForkedBooter.runSuitesInProcess(ForkedBooter.java:155)
at org.apache.maven.surefire.booter.ForkedBooter.main(ForkedBooter.java:103)
]]>
            </full-stacktrace>
          </exception> <!-- java.lang.AssertionError -->
          <reporter-output>
          </reporter-output>
        </test-method> <!-- GetBalanceAPIValidateResponseWithOtherCurrencyID -->
      </class> <!-- testCases.IqSoft_API_3_GetBalance_Negative_Test -->
      <class name="testCases.IqSoft_API_6_RollBackCreditWithDebit_Positive_Test">
        <test-method is-config="true" signature="setUp()[pri:0, instance:testCases.IqSoft_API_6_RollBackCreditWithDebit_Positive_Test@2d901eb0]" started-at="2022-10-11T18:31:09 AMT" name="setUp" finished-at="2022-10-11T18:31:10 AMT" duration-ms="1331" status="PASS">
          <reporter-output>
          </reporter-output>
        </test-method> <!-- setUp -->
        <test-method signature="RollBackAPIValidateStatusCod()[pri:1, instance:testCases.IqSoft_API_6_RollBackCreditWithDebit_Positive_Test@2d901eb0]" started-at="2022-10-11T18:31:10 AMT" name="RollBackAPIValidateStatusCod" finished-at="2022-10-11T18:31:10 AMT" duration-ms="3" status="PASS">
          <reporter-output>
          </reporter-output>
        </test-method> <!-- RollBackAPIValidateStatusCod -->
        <test-method signature="RollBackAPIValidatePositiveResponse()[pri:2, instance:testCases.IqSoft_API_6_RollBackCreditWithDebit_Positive_Test@2d901eb0]" started-at="2022-10-11T18:31:10 AMT" name="RollBackAPIValidatePositiveResponse" finished-at="2022-10-11T18:31:10 AMT" depends-on-methods="testCases.IqSoft_API_6_RollBackCreditWithDebit_Positive_Test.RollBackAPIValidateStatusCod" duration-ms="2" status="PASS">
          <reporter-output>
          </reporter-output>
        </test-method> <!-- RollBackAPIValidatePositiveResponse -->
        <test-method signature="RollBackAPIValidatePositiveResponseBalanceCorrection()[pri:3, instance:testCases.IqSoft_API_6_RollBackCreditWithDebit_Positive_Test@2d901eb0]" started-at="2022-10-11T18:31:10 AMT" name="RollBackAPIValidatePositiveResponseBalanceCorrection" finished-at="2022-10-11T18:31:10 AMT" depends-on-methods="testCases.IqSoft_API_6_RollBackCreditWithDebit_Positive_Test.RollBackAPIValidateStatusCod" duration-ms="2" status="PASS">
          <reporter-output>
          </reporter-output>
        </test-method> <!-- RollBackAPIValidatePositiveResponseBalanceCorrection -->
      </class> <!-- testCases.IqSoft_API_6_RollBackCreditWithDebit_Positive_Test -->
      <class name="testCases.IqSoft_API_4_Credit_Negative_Test">
        <test-method signature="CreditAPIValidateResponseWithExpiredToken()[pri:1, instance:testCases.IqSoft_API_4_Credit_Negative_Test@5afa3c9]" started-at="2022-10-11T18:31:14 AMT" name="CreditAPIValidateResponseWithExpiredToken" finished-at="2022-10-11T18:31:15 AMT" duration-ms="566" status="FAIL">
          <exception class="java.lang.AssertionError">
            <message>
              <![CDATA[The following asserts failed:
ResponseCode: 0 expected [29] but found [0],
Error Description: null expected [SessionExpired] but found [null],
amountBeforeCredit = amountAfterCredit: 9584.0 = 9583.0 expected [9583.0] but found [9584.0]]]>
            </message>
            <full-stacktrace>
              <![CDATA[java.lang.AssertionError: The following asserts failed:
ResponseCode: 0 expected [29] but found [0],
Error Description: null expected [SessionExpired] but found [null],
amountBeforeCredit = amountAfterCredit: 9584.0 = 9583.0 expected [9583.0] but found [9584.0]
at org.testng.asserts.SoftAssert.assertAll(SoftAssert.java:46)
at org.testng.asserts.SoftAssert.assertAll(SoftAssert.java:30)
at testCases.IqSoft_API_4_Credit_Negative_Test.CreditAPIValidateResponseWithExpiredToken(IqSoft_API_4_Credit_Negative_Test.java:63)
at java.base/jdk.internal.reflect.NativeMethodAccessorImpl.invoke0(Native Method)
at java.base/jdk.internal.reflect.NativeMethodAccessorImpl.invoke(NativeMethodAccessorImpl.java:77)
at java.base/jdk.internal.reflect.DelegatingMethodAccessorImpl.invoke(DelegatingMethodAccessorImpl.java:43)
at java.base/java.lang.reflect.Method.invoke(Method.java:568)
at org.testng.internal.invokers.MethodInvocationHelper.invokeMethod(MethodInvocationHelper.java:139)
at org.testng.internal.invokers.TestInvoker.invokeMethod(TestInvoker.java:677)
at org.testng.internal.invokers.TestInvoker.invokeTestMethod(TestInvoker.java:221)
at org.testng.internal.invokers.MethodRunner.runInSequence(MethodRunner.java:50)
at org.testng.internal.invokers.TestInvoker$MethodInvocationAgent.invoke(TestInvoker.java:962)
at org.testng.internal.invokers.TestInvoker.invokeTestMethods(TestInvoker.java:194)
at org.testng.internal.invokers.TestMethodWorker.invokeTestMethods(TestMethodWorker.java:148)
at org.testng.internal.invokers.TestMethodWorker.run(TestMethodWorker.java:128)
at java.base/java.util.ArrayList.forEach(ArrayList.java:1511)
at org.testng.TestRunner.privateRun(TestRunner.java:806)
at org.testng.TestRunner.run(TestRunner.java:601)
at org.testng.SuiteRunner.runTest(SuiteRunner.java:433)
at org.testng.SuiteRunner.runSequentially(SuiteRunner.java:427)
at org.testng.SuiteRunner.privateRun(SuiteRunner.java:387)
at org.testng.SuiteRunner.run(SuiteRunner.java:330)
at org.testng.SuiteRunnerWorker.runSuite(SuiteRunnerWorker.java:52)
at org.testng.SuiteRunnerWorker.run(SuiteRunnerWorker.java:95)
at org.testng.TestNG.runSuitesSequentially(TestNG.java:1256)
at org.testng.TestNG.runSuitesLocally(TestNG.java:1176)
at org.testng.TestNG.runSuites(TestNG.java:1099)
at org.testng.TestNG.run(TestNG.java:1067)
at org.apache.maven.surefire.testng.TestNGExecutor.run(TestNGExecutor.java:295)
at org.apache.maven.surefire.testng.TestNGXmlTestSuite.execute(TestNGXmlTestSuite.java:84)
at org.apache.maven.surefire.testng.TestNGProvider.invoke(TestNGProvider.java:90)
at org.apache.maven.surefire.booter.ForkedBooter.invokeProviderInSameClassLoader(ForkedBooter.java:203)
at org.apache.maven.surefire.booter.ForkedBooter.runSuitesInProcess(ForkedBooter.java:155)
at org.apache.maven.surefire.booter.ForkedBooter.main(ForkedBooter.java:103)
]]>
            </full-stacktrace>
          </exception> <!-- java.lang.AssertionError -->
          <reporter-output>
          </reporter-output>
        </test-method> <!-- CreditAPIValidateResponseWithExpiredToken -->
        <test-method signature="CreditAPIValidateResponseWithInvalidToken()[pri:2, instance:testCases.IqSoft_API_4_Credit_Negative_Test@5afa3c9]" started-at="2022-10-11T18:31:15 AMT" name="CreditAPIValidateResponseWithInvalidToken" finished-at="2022-10-11T18:31:15 AMT" duration-ms="565" status="PASS">
          <reporter-output>
          </reporter-output>
        </test-method> <!-- CreditAPIValidateResponseWithInvalidToken -->
        <test-method signature="CreditAPIValidateResponseWithInvalidProductID()[pri:3, instance:testCases.IqSoft_API_4_Credit_Negative_Test@5afa3c9]" started-at="2022-10-11T18:31:15 AMT" name="CreditAPIValidateResponseWithInvalidProductID" finished-at="2022-10-11T18:31:16 AMT" duration-ms="548" status="FAIL">
          <exception class="java.lang.AssertionError">
            <message>
              <![CDATA[The following asserts failed:
Error Description: game not avaible expected [game not available] but found [game not avaible]]]>
            </message>
            <full-stacktrace>
              <![CDATA[java.lang.AssertionError: The following asserts failed:
Error Description: game not avaible expected [game not available] but found [game not avaible]
at org.testng.asserts.SoftAssert.assertAll(SoftAssert.java:46)
at org.testng.asserts.SoftAssert.assertAll(SoftAssert.java:30)
at testCases.IqSoft_API_4_Credit_Negative_Test.CreditAPIValidateResponseWithInvalidProductID(IqSoft_API_4_Credit_Negative_Test.java:153)
at java.base/jdk.internal.reflect.NativeMethodAccessorImpl.invoke0(Native Method)
at java.base/jdk.internal.reflect.NativeMethodAccessorImpl.invoke(NativeMethodAccessorImpl.java:77)
at java.base/jdk.internal.reflect.DelegatingMethodAccessorImpl.invoke(DelegatingMethodAccessorImpl.java:43)
at java.base/java.lang.reflect.Method.invoke(Method.java:568)
at org.testng.internal.invokers.MethodInvocationHelper.invokeMethod(MethodInvocationHelper.java:139)
at org.testng.internal.invokers.TestInvoker.invokeMethod(TestInvoker.java:677)
at org.testng.internal.invokers.TestInvoker.invokeTestMethod(TestInvoker.java:221)
at org.testng.internal.invokers.MethodRunner.runInSequence(MethodRunner.java:50)
at org.testng.internal.invokers.TestInvoker$MethodInvocationAgent.invoke(TestInvoker.java:962)
at org.testng.internal.invokers.TestInvoker.invokeTestMethods(TestInvoker.java:194)
at org.testng.internal.invokers.TestMethodWorker.invokeTestMethods(TestMethodWorker.java:148)
at org.testng.internal.invokers.TestMethodWorker.run(TestMethodWorker.java:128)
at java.base/java.util.ArrayList.forEach(ArrayList.java:1511)
at org.testng.TestRunner.privateRun(TestRunner.java:806)
at org.testng.TestRunner.run(TestRunner.java:601)
at org.testng.SuiteRunner.runTest(SuiteRunner.java:433)
at org.testng.SuiteRunner.runSequentially(SuiteRunner.java:427)
at org.testng.SuiteRunner.privateRun(SuiteRunner.java:387)
at org.testng.SuiteRunner.run(SuiteRunner.java:330)
at org.testng.SuiteRunnerWorker.runSuite(SuiteRunnerWorker.java:52)
at org.testng.SuiteRunnerWorker.run(SuiteRunnerWorker.java:95)
at org.testng.TestNG.runSuitesSequentially(TestNG.java:1256)
at org.testng.TestNG.runSuitesLocally(TestNG.java:1176)
at org.testng.TestNG.runSuites(TestNG.java:1099)
at org.testng.TestNG.run(TestNG.java:1067)
at org.apache.maven.surefire.testng.TestNGExecutor.run(TestNGExecutor.java:295)
at org.apache.maven.surefire.testng.TestNGXmlTestSuite.execute(TestNGXmlTestSuite.java:84)
at org.apache.maven.surefire.testng.TestNGProvider.invoke(TestNGProvider.java:90)
at org.apache.maven.surefire.booter.ForkedBooter.invokeProviderInSameClassLoader(ForkedBooter.java:203)
at org.apache.maven.surefire.booter.ForkedBooter.runSuitesInProcess(ForkedBooter.java:155)
at org.apache.maven.surefire.booter.ForkedBooter.main(ForkedBooter.java:103)
]]>
            </full-stacktrace>
          </exception> <!-- java.lang.AssertionError -->
          <reporter-output>
          </reporter-output>
        </test-method> <!-- CreditAPIValidateResponseWithInvalidProductID -->
        <test-method signature="CreditAPIValidateResponseUsingTransactionIDTwice()[pri:4, instance:testCases.IqSoft_API_4_Credit_Negative_Test@5afa3c9]" started-at="2022-10-11T18:31:16 AMT" name="CreditAPIValidateResponseUsingTransactionIDTwice" finished-at="2022-10-11T18:31:17 AMT" duration-ms="953" status="PASS">
          <reporter-output>
          </reporter-output>
        </test-method> <!-- CreditAPIValidateResponseUsingTransactionIDTwice -->
        <test-method signature="CreditAPIValidateResponseUsingAmountHigherThenBalance()[pri:5, instance:testCases.IqSoft_API_4_Credit_Negative_Test@5afa3c9]" started-at="2022-10-11T18:31:17 AMT" name="CreditAPIValidateResponseUsingAmountHigherThenBalance" finished-at="2022-10-11T18:31:17 AMT" duration-ms="561" status="PASS">
          <reporter-output>
          </reporter-output>
        </test-method> <!-- CreditAPIValidateResponseUsingAmountHigherThenBalance -->
        <test-method signature="CreditAPIValidateResponseWithInvalidAmount(double)[pri:6, instance:testCases.IqSoft_API_4_Credit_Negative_Test@5afa3c9]" started-at="2022-10-11T18:31:17 AMT" name="CreditAPIValidateResponseWithInvalidAmount" data-provider="invalidAmountData" finished-at="2022-10-11T18:31:18 AMT" duration-ms="564" status="FAIL">
          <params>
            <param index="0">
              <value>
                <![CDATA[0.0]]>
              </value>
            </param>
          </params>
          <exception class="java.lang.AssertionError">
            <message>
              <![CDATA[The following asserts failed:
ResponseCode: 0 expected [39] but found [0],
Error Description: null expected [WrongOperationAmount] but found [null]]]>
            </message>
            <full-stacktrace>
              <![CDATA[java.lang.AssertionError: The following asserts failed:
ResponseCode: 0 expected [39] but found [0],
Error Description: null expected [WrongOperationAmount] but found [null]
at org.testng.asserts.SoftAssert.assertAll(SoftAssert.java:46)
at org.testng.asserts.SoftAssert.assertAll(SoftAssert.java:30)
at testCases.IqSoft_API_4_Credit_Negative_Test.CreditAPIValidateResponseWithInvalidAmount(IqSoft_API_4_Credit_Negative_Test.java:302)
at java.base/jdk.internal.reflect.NativeMethodAccessorImpl.invoke0(Native Method)
at java.base/jdk.internal.reflect.NativeMethodAccessorImpl.invoke(NativeMethodAccessorImpl.java:77)
at java.base/jdk.internal.reflect.DelegatingMethodAccessorImpl.invoke(DelegatingMethodAccessorImpl.java:43)
at java.base/java.lang.reflect.Method.invoke(Method.java:568)
at org.testng.internal.invokers.MethodInvocationHelper.invokeMethod(MethodInvocationHelper.java:139)
at org.testng.internal.invokers.TestInvoker.invokeMethod(TestInvoker.java:677)
at org.testng.internal.invokers.TestInvoker.invokeTestMethod(TestInvoker.java:221)
at org.testng.internal.invokers.MethodRunner.runInSequence(MethodRunner.java:50)
at org.testng.internal.invokers.TestInvoker$MethodInvocationAgent.invoke(TestInvoker.java:962)
at org.testng.internal.invokers.TestInvoker.invokeTestMethods(TestInvoker.java:194)
at org.testng.internal.invokers.TestMethodWorker.invokeTestMethods(TestMethodWorker.java:148)
at org.testng.internal.invokers.TestMethodWorker.run(TestMethodWorker.java:128)
at java.base/java.util.ArrayList.forEach(ArrayList.java:1511)
at org.testng.TestRunner.privateRun(TestRunner.java:806)
at org.testng.TestRunner.run(TestRunner.java:601)
at org.testng.SuiteRunner.runTest(SuiteRunner.java:433)
at org.testng.SuiteRunner.runSequentially(SuiteRunner.java:427)
at org.testng.SuiteRunner.privateRun(SuiteRunner.java:387)
at org.testng.SuiteRunner.run(SuiteRunner.java:330)
at org.testng.SuiteRunnerWorker.runSuite(SuiteRunnerWorker.java:52)
at org.testng.SuiteRunnerWorker.run(SuiteRunnerWorker.java:95)
at org.testng.TestNG.runSuitesSequentially(TestNG.java:1256)
at org.testng.TestNG.runSuitesLocally(TestNG.java:1176)
at org.testng.TestNG.runSuites(TestNG.java:1099)
at org.testng.TestNG.run(TestNG.java:1067)
at org.apache.maven.surefire.testng.TestNGExecutor.run(TestNGExecutor.java:295)
at org.apache.maven.surefire.testng.TestNGXmlTestSuite.execute(TestNGXmlTestSuite.java:84)
at org.apache.maven.surefire.testng.TestNGProvider.invoke(TestNGProvider.java:90)
at org.apache.maven.surefire.booter.ForkedBooter.invokeProviderInSameClassLoader(ForkedBooter.java:203)
at org.apache.maven.surefire.booter.ForkedBooter.runSuitesInProcess(ForkedBooter.java:155)
at org.apache.maven.surefire.booter.ForkedBooter.main(ForkedBooter.java:103)
]]>
            </full-stacktrace>
          </exception> <!-- java.lang.AssertionError -->
          <reporter-output>
          </reporter-output>
        </test-method> <!-- CreditAPIValidateResponseWithInvalidAmount -->
        <test-method signature="CreditAPIValidateResponseWithInvalidAmount(double)[pri:6, instance:testCases.IqSoft_API_4_Credit_Negative_Test@5afa3c9]" started-at="2022-10-11T18:31:18 AMT" name="CreditAPIValidateResponseWithInvalidAmount" data-provider="invalidAmountData" finished-at="2022-10-11T18:31:18 AMT" duration-ms="560" status="PASS">
          <params>
            <param index="0">
              <value>
                <![CDATA[-1.0]]>
              </value>
            </param>
          </params>
          <reporter-output>
          </reporter-output>
        </test-method> <!-- CreditAPIValidateResponseWithInvalidAmount -->
        <test-method signature="CreditAPIValidateResponseWithInvalidAmount(double)[pri:6, instance:testCases.IqSoft_API_4_Credit_Negative_Test@5afa3c9]" started-at="2022-10-11T18:31:18 AMT" name="CreditAPIValidateResponseWithInvalidAmount" data-provider="invalidAmountData" finished-at="2022-10-11T18:31:19 AMT" duration-ms="556" status="PASS">
          <params>
            <param index="0">
              <value>
                <![CDATA[-1.5]]>
              </value>
            </param>
          </params>
          <reporter-output>
          </reporter-output>
        </test-method> <!-- CreditAPIValidateResponseWithInvalidAmount -->
        <test-method signature="CreditAPIValidateResponseWithInvalidAmount(double)[pri:6, instance:testCases.IqSoft_API_4_Credit_Negative_Test@5afa3c9]" started-at="2022-10-11T18:31:19 AMT" name="CreditAPIValidateResponseWithInvalidAmount" data-provider="invalidAmountData" finished-at="2022-10-11T18:31:19 AMT" duration-ms="564" status="PASS">
          <params>
            <param index="0">
              <value>
                <![CDATA[-1.05]]>
              </value>
            </param>
          </params>
          <reporter-output>
          </reporter-output>
        </test-method> <!-- CreditAPIValidateResponseWithInvalidAmount -->
        <test-method signature="CreditAPIValidateResponseWithInvalidAmount(double)[pri:6, instance:testCases.IqSoft_API_4_Credit_Negative_Test@5afa3c9]" started-at="2022-10-11T18:31:19 AMT" name="CreditAPIValidateResponseWithInvalidAmount" data-provider="invalidAmountData" finished-at="2022-10-11T18:31:20 AMT" duration-ms="601" status="PASS">
          <params>
            <param index="0">
              <value>
                <![CDATA[-1.005]]>
              </value>
            </param>
          </params>
          <reporter-output>
          </reporter-output>
        </test-method> <!-- CreditAPIValidateResponseWithInvalidAmount -->
      </class> <!-- testCases.IqSoft_API_4_Credit_Negative_Test -->
      <class name="testCases.IqSoft_API_6_RollBackDebit_Positive_Test">
        <test-method is-config="true" signature="setUp()[pri:0, instance:testCases.IqSoft_API_6_RollBackDebit_Positive_Test@3f191845]" started-at="2022-10-11T18:31:11 AMT" name="setUp" finished-at="2022-10-11T18:31:12 AMT" duration-ms="1306" status="PASS">
          <reporter-output>
          </reporter-output>
        </test-method> <!-- setUp -->
        <test-method signature="RollBackAPIValidateStatusCod()[pri:1, instance:testCases.IqSoft_API_6_RollBackDebit_Positive_Test@3f191845]" started-at="2022-10-11T18:31:12 AMT" name="RollBackAPIValidateStatusCod" finished-at="2022-10-11T18:31:12 AMT" duration-ms="3" status="PASS">
          <reporter-output>
          </reporter-output>
        </test-method> <!-- RollBackAPIValidateStatusCod -->
        <test-method signature="RollBackAPIValidatePositiveResponse()[pri:2, instance:testCases.IqSoft_API_6_RollBackDebit_Positive_Test@3f191845]" started-at="2022-10-11T18:31:12 AMT" name="RollBackAPIValidatePositiveResponse" finished-at="2022-10-11T18:31:12 AMT" depends-on-methods="testCases.IqSoft_API_6_RollBackDebit_Positive_Test.RollBackAPIValidateStatusCod" duration-ms="2" status="PASS">
          <reporter-output>
          </reporter-output>
        </test-method> <!-- RollBackAPIValidatePositiveResponse -->
        <test-method signature="RollBackAPIValidatePositiveResponseBalanceCorrection()[pri:3, instance:testCases.IqSoft_API_6_RollBackDebit_Positive_Test@3f191845]" started-at="2022-10-11T18:31:12 AMT" name="RollBackAPIValidatePositiveResponseBalanceCorrection" finished-at="2022-10-11T18:31:12 AMT" depends-on-methods="testCases.IqSoft_API_6_RollBackDebit_Positive_Test.RollBackAPIValidateStatusCod" duration-ms="1" status="PASS">
          <reporter-output>
          </reporter-output>
        </test-method> <!-- RollBackAPIValidatePositiveResponseBalanceCorrection -->
      </class> <!-- testCases.IqSoft_API_6_RollBackDebit_Positive_Test -->
      <class name="testCases.IqSoft_API_6_RollBackCreditWithoutDebit_Positive_Test">
        <test-method is-config="true" signature="setUp()[pri:0, instance:testCases.IqSoft_API_6_RollBackCreditWithoutDebit_Positive_Test@3ba987b8]" started-at="2022-10-11T18:31:10 AMT" name="setUp" finished-at="2022-10-11T18:31:11 AMT" duration-ms="928" status="PASS">
          <reporter-output>
          </reporter-output>
        </test-method> <!-- setUp -->
        <test-method signature="RollBackAPIValidateStatusCod()[pri:1, instance:testCases.IqSoft_API_6_RollBackCreditWithoutDebit_Positive_Test@3ba987b8]" started-at="2022-10-11T18:31:11 AMT" name="RollBackAPIValidateStatusCod" finished-at="2022-10-11T18:31:11 AMT" duration-ms="2" status="PASS">
          <reporter-output>
          </reporter-output>
        </test-method> <!-- RollBackAPIValidateStatusCod -->
        <test-method signature="RollBackAPIValidatePositiveResponse()[pri:2, instance:testCases.IqSoft_API_6_RollBackCreditWithoutDebit_Positive_Test@3ba987b8]" started-at="2022-10-11T18:31:11 AMT" name="RollBackAPIValidatePositiveResponse" finished-at="2022-10-11T18:31:11 AMT" depends-on-methods="testCases.IqSoft_API_6_RollBackCreditWithoutDebit_Positive_Test.RollBackAPIValidateStatusCod" duration-ms="2" status="PASS">
          <reporter-output>
          </reporter-output>
        </test-method> <!-- RollBackAPIValidatePositiveResponse -->
        <test-method signature="RollBackAPIValidatePositiveResponseBalanceCorrection()[pri:3, instance:testCases.IqSoft_API_6_RollBackCreditWithoutDebit_Positive_Test@3ba987b8]" started-at="2022-10-11T18:31:11 AMT" name="RollBackAPIValidatePositiveResponseBalanceCorrection" finished-at="2022-10-11T18:31:11 AMT" depends-on-methods="testCases.IqSoft_API_6_RollBackCreditWithoutDebit_Positive_Test.RollBackAPIValidateStatusCod" duration-ms="2" status="PASS">
          <reporter-output>
          </reporter-output>
        </test-method> <!-- RollBackAPIValidatePositiveResponseBalanceCorrection -->
      </class> <!-- testCases.IqSoft_API_6_RollBackCreditWithoutDebit_Positive_Test -->
    </test> <!-- API Integration Automation Test -->
  </suite> <!-- IQsoft API Integration -->
</testng-results>
