<?xml version="1.0" encoding="UTF-8"?>
<testsuite name="TestSuite" time="24.136" tests="47" errors="0" skipped="0" failures="34">
  <properties>
[...]
</properties>
  <testcase name="AuthorizationAPIValidateStatusCod" classname="testCases.IqSoft_API_2_Authorization_Positive_Test" time="0.094"/>
  <testcase name="AuthorizationAPIValidatePositiveResponse" classname="testCases.IqSoft_API_2_Authorization_Positive_Test" time="0.012"/>
  <testcase name="GetBalanceAPIValidateStatusCod" classname="testCases.IqSoft_API_3_GetBalance_Positive_Test" time="0.001"/>
  <testcase name="GetBalanceAPIValidatePositiveResponse" classname="testCases.IqSoft_API_3_GetBalance_Positive_Test" time="0.004"/>
  <testcase name="CreditAPIValidateStatusCod" classname="testCases.IqSoft_API_4_Credit_Positive_Test" time="0.001"/>
  <testcase name="CreditAPIValidatePositiveResponse" classname="testCases.IqSoft_API_4_Credit_Positive_Test" time="0.013">
    <failure message="The following asserts failed:&#10;	Description:  expected [null] but found []" type="java.lang.AssertionError">java.lang.AssertionError: The following asserts failed:
	Description:  expected [null] but found []
	at org.testng.asserts.SoftAssert.assertAll(SoftAssert.java:46)
	at org.testng.asserts.SoftAssert.assertAll(SoftAssert.java:30)
	at testCases.IqSoft_API_4_Credit_Positive_Test.CreditAPIValidatePositiveResponse(IqSoft_API_4_Credit_Positive_Test.java:110)
</failure>
    <system-out><![CDATA[ERROR [main] (ReportingAllure.java:61)- CreditAPIValidatePositiveResponse Test failed
]]></system-out>
  </testcase>
  <testcase name="DebitAPIValidateStatusCod" classname="testCases.IqSoft_API_5_Debit_Positive_Test" time="0.003"/>
  <testcase name="DebitAPIValidatePositiveResponse" classname="testCases.IqSoft_API_5_Debit_Positive_Test" time="0.003">
    <failure message="The following asserts failed:&#10;	Description:  expected [null] but found []" type="java.lang.AssertionError">java.lang.AssertionError: The following asserts failed:
	Description:  expected [null] but found []
	at org.testng.asserts.SoftAssert.assertAll(SoftAssert.java:46)
	at org.testng.asserts.SoftAssert.assertAll(SoftAssert.java:30)
	at testCases.IqSoft_API_5_Debit_Positive_Test.DebitAPIValidatePositiveResponse(IqSoft_API_5_Debit_Positive_Test.java:121)
</failure>
    <system-out><![CDATA[ERROR [main] (ReportingAllure.java:61)- DebitAPIValidatePositiveResponse Test failed
]]></system-out>
  </testcase>
  <testcase name="RollBackAPIValidateStatusCod" classname="testCases.IqSoft_API_6_RollBackCreditWithDebit_Positive_Test" time="0.001"/>
  <testcase name="RollBackAPIValidatePositiveResponse" classname="testCases.IqSoft_API_6_RollBackCreditWithDebit_Positive_Test" time="0.002">
    <failure message="The following asserts failed:&#10;	ResponseCode: 21 expected [0] but found [21],&#10;	Description: RollbackTransactionId Not Found expected [null] but found [RollbackTransactionId Not Found]" type="java.lang.AssertionError">java.lang.AssertionError: The following asserts failed:
	ResponseCode: 21 expected [0] but found [21],
	Description: RollbackTransactionId Not Found expected [null] but found [RollbackTransactionId Not Found]
	at org.testng.asserts.SoftAssert.assertAll(SoftAssert.java:46)
	at org.testng.asserts.SoftAssert.assertAll(SoftAssert.java:30)
	at testCases.IqSoft_API_6_RollBackCreditWithDebit_Positive_Test.RollBackAPIValidatePositiveResponse(IqSoft_API_6_RollBackCreditWithDebit_Positive_Test.java:90)
</failure>
    <system-out><![CDATA[ERROR [main] (ReportingAllure.java:61)- RollBackAPIValidatePositiveResponse Test failed
]]></system-out>
  </testcase>
  <testcase name="RollBackAPIValidatePositiveResponseBalanceCorrection" classname="testCases.IqSoft_API_6_RollBackCreditWithDebit_Positive_Test" time="0.004">
    <failure message="The following asserts failed:&#10;	afterRollBackCredit: 58.1 = beforeAll: 54.1 expected [54.1] but found [58.1]" type="java.lang.AssertionError">java.lang.AssertionError: The following asserts failed:
	afterRollBackCredit: 58.1 = beforeAll: 54.1 expected [54.1] but found [58.1]
	at org.testng.asserts.SoftAssert.assertAll(SoftAssert.java:46)
	at org.testng.asserts.SoftAssert.assertAll(SoftAssert.java:30)
	at testCases.IqSoft_API_6_RollBackCreditWithDebit_Positive_Test.RollBackAPIValidatePositiveResponseBalanceCorrection(IqSoft_API_6_RollBackCreditWithDebit_Positive_Test.java:106)
</failure>
    <system-out><![CDATA[ERROR [main] (ReportingAllure.java:61)- RollBackAPIValidatePositiveResponseBalanceCorrection Test failed
]]></system-out>
  </testcase>
  <testcase name="RollBackAPIValidateStatusCod" classname="testCases.IqSoft_API_6_RollBackCreditWithoutDebit_Positive_Test" time="0.001"/>
  <testcase name="RollBackAPIValidatePositiveResponse" classname="testCases.IqSoft_API_6_RollBackCreditWithoutDebit_Positive_Test" time="0.001">
    <failure message="The following asserts failed:&#10;	ResponseCode: 21 expected [0] but found [21],&#10;	Description: RollbackTransactionId Not Found expected [null] but found [RollbackTransactionId Not Found]" type="java.lang.AssertionError">java.lang.AssertionError: The following asserts failed:
	ResponseCode: 21 expected [0] but found [21],
	Description: RollbackTransactionId Not Found expected [null] but found [RollbackTransactionId Not Found]
	at org.testng.asserts.SoftAssert.assertAll(SoftAssert.java:46)
	at org.testng.asserts.SoftAssert.assertAll(SoftAssert.java:30)
	at testCases.IqSoft_API_6_RollBackCreditWithoutDebit_Positive_Test.RollBackAPIValidatePositiveResponse(IqSoft_API_6_RollBackCreditWithoutDebit_Positive_Test.java:80)
</failure>
    <system-out><![CDATA[ERROR [main] (ReportingAllure.java:61)- RollBackAPIValidatePositiveResponse Test failed
]]></system-out>
  </testcase>
  <testcase name="RollBackAPIValidatePositiveResponseBalanceCorrection" classname="testCases.IqSoft_API_6_RollBackCreditWithoutDebit_Positive_Test" time="0.003">
    <failure message="The following asserts failed:&#10;	afterRollBackCredit: 57.1 = beforeAll: 58.1 expected [58.1] but found [57.1]" type="java.lang.AssertionError">java.lang.AssertionError: The following asserts failed:
	afterRollBackCredit: 57.1 = beforeAll: 58.1 expected [58.1] but found [57.1]
	at org.testng.asserts.SoftAssert.assertAll(SoftAssert.java:46)
	at org.testng.asserts.SoftAssert.assertAll(SoftAssert.java:30)
	at testCases.IqSoft_API_6_RollBackCreditWithoutDebit_Positive_Test.RollBackAPIValidatePositiveResponseBalanceCorrection(IqSoft_API_6_RollBackCreditWithoutDebit_Positive_Test.java:94)
</failure>
    <system-out><![CDATA[ERROR [main] (ReportingAllure.java:61)- RollBackAPIValidatePositiveResponseBalanceCorrection Test failed
]]></system-out>
  </testcase>
  <testcase name="RollBackAPIValidateStatusCod" classname="testCases.IqSoft_API_6_RollBackDebit_Positive_Test" time="0.001"/>
  <testcase name="RollBackAPIValidatePositiveResponse" classname="testCases.IqSoft_API_6_RollBackDebit_Positive_Test" time="0.006">
    <failure message="The following asserts failed:&#10;	ResponseCode: 21 expected [0] but found [21],&#10;	Description: RollbackTransactionId Not Found expected [null] but found [RollbackTransactionId Not Found]" type="java.lang.AssertionError">java.lang.AssertionError: The following asserts failed:
	ResponseCode: 21 expected [0] but found [21],
	Description: RollbackTransactionId Not Found expected [null] but found [RollbackTransactionId Not Found]
	at org.testng.asserts.SoftAssert.assertAll(SoftAssert.java:46)
	at org.testng.asserts.SoftAssert.assertAll(SoftAssert.java:30)
	at testCases.IqSoft_API_6_RollBackDebit_Positive_Test.RollBackAPIValidatePositiveResponse(IqSoft_API_6_RollBackDebit_Positive_Test.java:90)
</failure>
    <system-out><![CDATA[ERROR [main] (ReportingAllure.java:61)- RollBackAPIValidatePositiveResponse Test failed
]]></system-out>
  </testcase>
  <testcase name="RollBackAPIValidatePositiveResponseBalanceCorrection" classname="testCases.IqSoft_API_6_RollBackDebit_Positive_Test" time="0.003">
    <failure message="The following asserts failed:&#10;	afterRollBackDebit: 61.1 = afterCredit: 56.1 expected [56.1] but found [61.1]" type="java.lang.AssertionError">java.lang.AssertionError: The following asserts failed:
	afterRollBackDebit: 61.1 = afterCredit: 56.1 expected [56.1] but found [61.1]
	at org.testng.asserts.SoftAssert.assertAll(SoftAssert.java:46)
	at org.testng.asserts.SoftAssert.assertAll(SoftAssert.java:30)
	at testCases.IqSoft_API_6_RollBackDebit_Positive_Test.RollBackAPIValidatePositiveResponseBalanceCorrection(IqSoft_API_6_RollBackDebit_Positive_Test.java:106)
</failure>
    <system-out><![CDATA[ERROR [main] (ReportingAllure.java:61)- RollBackAPIValidatePositiveResponseBalanceCorrection Test failed
]]></system-out>
  </testcase>
  <testcase name="AuthorizationAPIValidateResponseWithExpiredToken" classname="testCases.IqSoft_API_2_Authorization_Negative_Test" time="0.287">
    <failure message="The following asserts failed:&#10;	ResponseCode: 0 expected [29] but found [0],&#10;	Error Description: null expected [SessionExpired] but found [null]" type="java.lang.AssertionError">java.lang.AssertionError: The following asserts failed:
	ResponseCode: 0 expected [29] but found [0],
	Error Description: null expected [SessionExpired] but found [null]
	at org.testng.asserts.SoftAssert.assertAll(SoftAssert.java:46)
	at org.testng.asserts.SoftAssert.assertAll(SoftAssert.java:30)
	at testCases.IqSoft_API_2_Authorization_Negative_Test.AuthorizationAPIValidateResponseWithExpiredToken(IqSoft_API_2_Authorization_Negative_Test.java:43)
</failure>
    <system-out><![CDATA[ INFO [main] (BaseTest.java:143)- 
 INFO [main] (BaseTest.java:144)- https://gobet.tn/iapi/iq/Authorization
 INFO [main] (BaseTest.java:145)- AuthorizationAPI:  RequestBody{"Token":"NDIwfDE2NjY5NTgyNTE123456","ProductId":54001}
 INFO [main] (BaseTest.java:146)- AuthorizationAPI:  ResponseBody{"ResponseCode":0,"Description":null,"Token":"NDIwfDE2NjY5NTgyNTE123456","ClientId":"420","UserName":"rassem1155","NickName":"rassem1155","CurrencyId":"TND","CurrencySymbol":"TND","FirstName":"rassem1155","LastName":"rassem1155","Gender":1,"BirthDate":"1990-01-01","CategoryId":10,"CategoryName":"Player","UserId":420,"AvailableBalance":100,"BetShopId":null,"BetShopName":null,"BetShopAddress":null,"BetShopCurrencyId":"TND","CashDeskId":1,"DepositCount":0}  ResponseTime 269 ms
 INFO [main] (BaseTest.java:147)- 
 INFO [main] (IqSoft_API_2_Authorization_Negative_Test.java:30)- Authorization API Response Status cod : 200
ERROR [main] (ReportingAllure.java:61)- AuthorizationAPIValidateResponseWithExpiredToken Test failed
]]></system-out>
  </testcase>
  <testcase name="AuthorizationAPIValidateResponseWithInvalidToken" classname="testCases.IqSoft_API_2_Authorization_Negative_Test" time="0.293">
    <failure message="The following asserts failed:&#10;	ResponseCode: 0 expected [22] but found [0],&#10;	Error Description: null expected [ClientNotFound] but found [null]" type="java.lang.AssertionError">java.lang.AssertionError: The following asserts failed:
	ResponseCode: 0 expected [22] but found [0],
	Error Description: null expected [ClientNotFound] but found [null]
	at org.testng.asserts.SoftAssert.assertAll(SoftAssert.java:46)
	at org.testng.asserts.SoftAssert.assertAll(SoftAssert.java:30)
	at testCases.IqSoft_API_2_Authorization_Negative_Test.AuthorizationAPIValidateResponseWithInvalidToken(IqSoft_API_2_Authorization_Negative_Test.java:71)
</failure>
    <system-out><![CDATA[ INFO [main] (BaseTest.java:143)- 
 INFO [main] (BaseTest.java:144)- https://gobet.tn/iapi/iq/Authorization
 INFO [main] (BaseTest.java:145)- AuthorizationAPI:  RequestBody{"Token":"NDIwfDE2NjY5NTgy1","ProductId":54001}
 INFO [main] (BaseTest.java:146)- AuthorizationAPI:  ResponseBody{"ResponseCode":0,"Description":null,"Token":"NDIwfDE2NjY5NTgy1","ClientId":"420","UserName":"rassem1155","NickName":"rassem1155","CurrencyId":"TND","CurrencySymbol":"TND","FirstName":"rassem1155","LastName":"rassem1155","Gender":1,"BirthDate":"1990-01-01","CategoryId":10,"CategoryName":"Player","UserId":420,"AvailableBalance":100,"BetShopId":null,"BetShopName":null,"BetShopAddress":null,"BetShopCurrencyId":"TND","CashDeskId":1,"DepositCount":0}  ResponseTime 261 ms
 INFO [main] (BaseTest.java:147)- 
 INFO [main] (IqSoft_API_2_Authorization_Negative_Test.java:58)- Authorization API Response Status cod : 200
ERROR [main] (ReportingAllure.java:61)- AuthorizationAPIValidateResponseWithInvalidToken Test failed
]]></system-out>
  </testcase>
  <testcase name="AuthorizationAPIValidateResponseWithInvalidProductID" classname="testCases.IqSoft_API_2_Authorization_Negative_Test" time="0.269">
    <failure message="The following asserts failed:&#10;	ResponseCode: 0 expected [43] but found [0],&#10;	Error Description: null expected [ProductNotFound] but found [null]" type="java.lang.AssertionError">java.lang.AssertionError: The following asserts failed:
	ResponseCode: 0 expected [43] but found [0],
	Error Description: null expected [ProductNotFound] but found [null]
	at org.testng.asserts.SoftAssert.assertAll(SoftAssert.java:46)
	at org.testng.asserts.SoftAssert.assertAll(SoftAssert.java:30)
	at testCases.IqSoft_API_2_Authorization_Negative_Test.AuthorizationAPIValidateResponseWithInvalidProductID(IqSoft_API_2_Authorization_Negative_Test.java:96)
</failure>
    <system-out><![CDATA[ INFO [main] (BaseTest.java:143)- 
 INFO [main] (BaseTest.java:144)- https://gobet.tn/iapi/iq/Authorization
 INFO [main] (BaseTest.java:145)- AuthorizationAPI:  RequestBody{"Token":"NDIwfDE2NjY5NTgy","ProductId":-10}
 INFO [main] (BaseTest.java:146)- AuthorizationAPI:  ResponseBody{"ResponseCode":0,"Description":null,"Token":"NDIwfDE2NjY5NTgy","ClientId":"420","UserName":"rassem1155","NickName":"rassem1155","CurrencyId":"TND","CurrencySymbol":"TND","FirstName":"rassem1155","LastName":"rassem1155","Gender":1,"BirthDate":"1990-01-01","CategoryId":10,"CategoryName":"Player","UserId":420,"AvailableBalance":100,"BetShopId":null,"BetShopName":null,"BetShopAddress":null,"BetShopCurrencyId":"TND","CashDeskId":1,"DepositCount":0}  ResponseTime 267 ms
 INFO [main] (BaseTest.java:147)- 
 INFO [main] (IqSoft_API_2_Authorization_Negative_Test.java:83)- Authorization API Response Status cod : 200
ERROR [main] (ReportingAllure.java:61)- AuthorizationAPIValidateResponseWithInvalidProductID Test failed
]]></system-out>
  </testcase>
  <testcase name="GetBalanceAPIValidateResponseWithExpiredToken" classname="testCases.IqSoft_API_3_GetBalance_Negative_Test" time="0.358">
    <failure message="The following asserts failed:&#10;	ResponseCode: 0 expected [29] but found [0],&#10;	Error Description: null expected [SessionExpired] but found [null]" type="java.lang.AssertionError">java.lang.AssertionError: The following asserts failed:
	ResponseCode: 0 expected [29] but found [0],
	Error Description: null expected [SessionExpired] but found [null]
	at org.testng.asserts.SoftAssert.assertAll(SoftAssert.java:46)
	at org.testng.asserts.SoftAssert.assertAll(SoftAssert.java:30)
	at testCases.IqSoft_API_3_GetBalance_Negative_Test.GetBalanceAPIValidateResponseWithExpiredToken(IqSoft_API_3_GetBalance_Negative_Test.java:41)
</failure>
    <system-out><![CDATA[ INFO [main] (BaseTest.java:172)- 
 INFO [main] (BaseTest.java:173)- https://gobet.tn/iapi/iq/GetBalance
 INFO [main] (BaseTest.java:174)- GetBalanceAPI:  RequestBody{"Token":"NDIwfDE2NjY5NTgyNTE123456","CurrencyId":"TND"}
 INFO [main] (BaseTest.java:175)- GetBalanceAPI:  ResponseBody{"ResponseCode":0,"Description":null,"CurrencyId":"TND","AvailableBalance":"61.10"}  ResponseTime 343 ms
 INFO [main] (BaseTest.java:176)- 
 INFO [main] (IqSoft_API_3_GetBalance_Negative_Test.java:27)-  GetBalance API Status Cod is Equal: 200
ERROR [main] (ReportingAllure.java:61)- GetBalanceAPIValidateResponseWithExpiredToken Test failed
]]></system-out>
  </testcase>
  <testcase name="GetBalanceAPIValidateResponseWithInvalidToken" classname="testCases.IqSoft_API_3_GetBalance_Negative_Test" time="0.358">
    <failure message="The following asserts failed:&#10;	ResponseCode: 0 expected [22] but found [0],&#10;	Error Description: null expected [error login] but found [null]" type="java.lang.AssertionError">java.lang.AssertionError: The following asserts failed:
	ResponseCode: 0 expected [22] but found [0],
	Error Description: null expected [error login] but found [null]
	at org.testng.asserts.SoftAssert.assertAll(SoftAssert.java:46)
	at org.testng.asserts.SoftAssert.assertAll(SoftAssert.java:30)
	at testCases.IqSoft_API_3_GetBalance_Negative_Test.GetBalanceAPIValidateResponseWithInvalidToken(IqSoft_API_3_GetBalance_Negative_Test.java:65)
</failure>
    <system-out><![CDATA[ INFO [main] (BaseTest.java:172)- 
 INFO [main] (BaseTest.java:173)- https://gobet.tn/iapi/iq/GetBalance
 INFO [main] (BaseTest.java:174)- GetBalanceAPI:  RequestBody{"Token":"NDIwfDE2NjY5NTgy1","CurrencyId":"TND"}
 INFO [main] (BaseTest.java:175)- GetBalanceAPI:  ResponseBody{"ResponseCode":0,"Description":null,"CurrencyId":"TND","AvailableBalance":"61.10"}  ResponseTime 348 ms
 INFO [main] (BaseTest.java:176)- 
 INFO [main] (IqSoft_API_3_GetBalance_Negative_Test.java:51)-  GetBalance API Status Cod is Equal: 200
ERROR [main] (ReportingAllure.java:61)- GetBalanceAPIValidateResponseWithInvalidToken Test failed
]]></system-out>
  </testcase>
  <testcase name="GetBalanceAPIValidateResponseWithInvalidCurrencyID" classname="testCases.IqSoft_API_3_GetBalance_Negative_Test" time="0.273">
    <failure message="The following asserts failed:&#10;	ResponseCode: 0 expected [20] but found [0],&#10;	Error Description: null expected [CurrencyNotExists] but found [null]" type="java.lang.AssertionError">java.lang.AssertionError: The following asserts failed:
	ResponseCode: 0 expected [20] but found [0],
	Error Description: null expected [CurrencyNotExists] but found [null]
	at org.testng.asserts.SoftAssert.assertAll(SoftAssert.java:46)
	at org.testng.asserts.SoftAssert.assertAll(SoftAssert.java:30)
	at testCases.IqSoft_API_3_GetBalance_Negative_Test.GetBalanceAPIValidateResponseWithInvalidCurrencyID(IqSoft_API_3_GetBalance_Negative_Test.java:89)
</failure>
    <system-out><![CDATA[ INFO [main] (BaseTest.java:172)- 
 INFO [main] (BaseTest.java:173)- https://gobet.tn/iapi/iq/GetBalance
 INFO [main] (BaseTest.java:174)- GetBalanceAPI:  RequestBody{"Token":"NDIwfDE2NjY5NTgy","CurrencyId":"TND1"}
 INFO [main] (BaseTest.java:175)- GetBalanceAPI:  ResponseBody{"ResponseCode":0,"Description":null,"CurrencyId":"TND","AvailableBalance":"61.10"}  ResponseTime 255 ms
 INFO [main] (BaseTest.java:176)- 
 INFO [main] (IqSoft_API_3_GetBalance_Negative_Test.java:75)-  GetBalance API Status Cod is Equal: 200
ERROR [main] (ReportingAllure.java:61)- GetBalanceAPIValidateResponseWithInvalidCurrencyID Test failed
]]></system-out>
  </testcase>
  <testcase name="GetBalanceAPIValidateResponseWithOtherCurrencyID" classname="testCases.IqSoft_API_3_GetBalance_Negative_Test" time="0.562">
    <failure message="balanceUSD VS balanceEUR did not expect [61.1] but found [61.1]" type="java.lang.AssertionError">java.lang.AssertionError: balanceUSD VS balanceEUR did not expect [61.1] but found [61.1]
	at org.testng.Assert.fail(Assert.java:110)
	at org.testng.Assert.failEquals(Assert.java:1417)
	at org.testng.Assert.assertNotEqualsImpl(Assert.java:156)
	at org.testng.Assert.assertNotEquals(Assert.java:2033)
	at testCases.IqSoft_API_3_GetBalance_Negative_Test.GetBalanceAPIValidateResponseWithOtherCurrencyID(IqSoft_API_3_GetBalance_Negative_Test.java:113)
</failure>
    <system-out><![CDATA[ INFO [main] (BaseTest.java:172)- 
 INFO [main] (BaseTest.java:173)- https://gobet.tn/iapi/iq/GetBalance
 INFO [main] (BaseTest.java:174)- GetBalanceAPI:  RequestBody{"Token":"NDIwfDE2NjY5NTgy","CurrencyId":"USD"}
 INFO [main] (BaseTest.java:175)- GetBalanceAPI:  ResponseBody{"ResponseCode":0,"Description":null,"CurrencyId":"TND","AvailableBalance":"61.10"}  ResponseTime 262 ms
 INFO [main] (BaseTest.java:176)- 
 INFO [main] (IqSoft_API_3_GetBalance_Negative_Test.java:99)-  GetBalance API Status Cod is Equal: 200
 INFO [main] (BaseTest.java:172)- 
 INFO [main] (BaseTest.java:173)- https://gobet.tn/iapi/iq/GetBalance
 INFO [main] (BaseTest.java:174)- GetBalanceAPI:  RequestBody{"Token":"NDIwfDE2NjY5NTgy","CurrencyId":"EUR"}
 INFO [main] (BaseTest.java:175)- GetBalanceAPI:  ResponseBody{"ResponseCode":0,"Description":null,"CurrencyId":"TND","AvailableBalance":"61.10"}  ResponseTime 274 ms
 INFO [main] (BaseTest.java:176)- 
ERROR [main] (ReportingAllure.java:61)- GetBalanceAPIValidateResponseWithOtherCurrencyID Test failed
]]></system-out>
  </testcase>
  <testcase name="CreditAPIValidateResponseWithExpiredToken" classname="testCases.IqSoft_API_4_Credit_Negative_Test" time="0.931">
    <failure message="The following asserts failed:&#10;	ResponseCode: 0 expected [29] but found [0],&#10;	Error Description:  expected [SessionExpired] but found [],&#10;	amountBeforeCredit = amountAfterCredit: 61.1 = 60.1 expected [60.1] but found [61.1]" type="java.lang.AssertionError">java.lang.AssertionError: The following asserts failed:
	ResponseCode: 0 expected [29] but found [0],
	Error Description:  expected [SessionExpired] but found [],
	amountBeforeCredit = amountAfterCredit: 61.1 = 60.1 expected [60.1] but found [61.1]
	at org.testng.asserts.SoftAssert.assertAll(SoftAssert.java:46)
	at org.testng.asserts.SoftAssert.assertAll(SoftAssert.java:30)
	at testCases.IqSoft_API_4_Credit_Negative_Test.CreditAPIValidateResponseWithExpiredToken(IqSoft_API_4_Credit_Negative_Test.java:60)
</failure>
    <system-out><![CDATA[ INFO [main] (BaseTest.java:172)- 
 INFO [main] (BaseTest.java:173)- https://gobet.tn/iapi/iq/GetBalance
 INFO [main] (BaseTest.java:174)- GetBalanceAPI:  RequestBody{"Token":"NDIwfDE2NjY5NTgy","CurrencyId":"TND"}
 INFO [main] (BaseTest.java:175)- GetBalanceAPI:  ResponseBody{"ResponseCode":0,"Description":null,"CurrencyId":"TND","AvailableBalance":"61.10"}  ResponseTime 261 ms
 INFO [main] (BaseTest.java:176)- 
 INFO [main] (BaseTest.java:212)- 
 INFO [main] (BaseTest.java:213)- https://gobet.tn/iapi/iq/Credit
 INFO [main] (BaseTest.java:214)- CreditAPI:  RequestBody{"Token":"NDIwfDE2NjY5NTgyNTE123456","CurrencyId":"TND","GameId":54001,"OperationTypeId":1,"TransactionId":"QA_Test-WlDkvZXX2T4WqNg5kw3x_C","BetState":1,"Amount":1.0}
 INFO [main] (BaseTest.java:215)- CreditAPI:  ResponseBody{"ResponseCode":"0","Description":"","balance":"60.10","OperationItems":[{"ClientId":420,"Balance":"60.10","CurrencyId":"TND","TransactionId":"QA_Test-WlDkvZXX2T4WqNg5kw3x_C","BetId":"QA_Test-WlDkvZXX2T4WqNg5kw3x_C"}]}  ResponseTime 266 ms
 INFO [main] (BaseTest.java:216)- 
 INFO [main] (BaseTest.java:172)- 
 INFO [main] (BaseTest.java:173)- https://gobet.tn/iapi/iq/GetBalance
 INFO [main] (BaseTest.java:174)- GetBalanceAPI:  RequestBody{"Token":"NDIwfDE2NjY5NTgy","CurrencyId":"TND"}
 INFO [main] (BaseTest.java:175)- GetBalanceAPI:  ResponseBody{"ResponseCode":0,"Description":null,"CurrencyId":"TND","AvailableBalance":"60.10"}  ResponseTime 371 ms
 INFO [main] (BaseTest.java:176)- 
ERROR [main] (ReportingAllure.java:61)- CreditAPIValidateResponseWithExpiredToken Test failed
]]></system-out>
  </testcase>
  <testcase name="CreditAPIValidateResponseWithInvalidToken" classname="testCases.IqSoft_API_4_Credit_Negative_Test" time="0.828">
    <failure message="The following asserts failed:&#10;	ResponseCode: 0 expected [22] but found [0],&#10;	Error Description:  expected [error login] but found [],&#10;	expected [59.1] but found [60.1]" type="java.lang.AssertionError">java.lang.AssertionError: The following asserts failed:
	ResponseCode: 0 expected [22] but found [0],
	Error Description:  expected [error login] but found [],
	expected [59.1] but found [60.1]
	at org.testng.asserts.SoftAssert.assertAll(SoftAssert.java:46)
	at org.testng.asserts.SoftAssert.assertAll(SoftAssert.java:30)
	at testCases.IqSoft_API_4_Credit_Negative_Test.CreditAPIValidateResponseWithInvalidToken(IqSoft_API_4_Credit_Negative_Test.java:101)
</failure>
    <system-out><![CDATA[ INFO [main] (BaseTest.java:172)- 
 INFO [main] (BaseTest.java:173)- https://gobet.tn/iapi/iq/GetBalance
 INFO [main] (BaseTest.java:174)- GetBalanceAPI:  RequestBody{"Token":"NDIwfDE2NjY5NTgy","CurrencyId":"TND"}
 INFO [main] (BaseTest.java:175)- GetBalanceAPI:  ResponseBody{"ResponseCode":0,"Description":null,"CurrencyId":"TND","AvailableBalance":"60.10"}  ResponseTime 274 ms
 INFO [main] (BaseTest.java:176)- 
 INFO [main] (BaseTest.java:212)- 
 INFO [main] (BaseTest.java:213)- https://gobet.tn/iapi/iq/Credit
 INFO [main] (BaseTest.java:214)- CreditAPI:  RequestBody{"Token":"NDIwfDE2NjY5NTgy1","CurrencyId":"TND","GameId":54001,"OperationTypeId":1,"TransactionId":"QA_Test-AMSspwTnEbevUJNf2rwC_C","BetState":1,"Amount":1.0}
 INFO [main] (BaseTest.java:215)- CreditAPI:  ResponseBody{"ResponseCode":"0","Description":"","balance":"59.10","OperationItems":[{"ClientId":420,"Balance":"59.10","CurrencyId":"TND","TransactionId":"QA_Test-AMSspwTnEbevUJNf2rwC_C","BetId":"QA_Test-AMSspwTnEbevUJNf2rwC_C"}]}  ResponseTime 257 ms
 INFO [main] (BaseTest.java:216)- 
 INFO [main] (BaseTest.java:172)- 
 INFO [main] (BaseTest.java:173)- https://gobet.tn/iapi/iq/GetBalance
 INFO [main] (BaseTest.java:174)- GetBalanceAPI:  RequestBody{"Token":"NDIwfDE2NjY5NTgy","CurrencyId":"TND"}
 INFO [main] (BaseTest.java:175)- GetBalanceAPI:  ResponseBody{"ResponseCode":0,"Description":null,"CurrencyId":"TND","AvailableBalance":"59.10"}  ResponseTime 266 ms
 INFO [main] (BaseTest.java:176)- 
ERROR [main] (ReportingAllure.java:61)- CreditAPIValidateResponseWithInvalidToken Test failed
]]></system-out>
  </testcase>
  <testcase name="CreditAPIValidateResponseWithInvalidProductID" classname="testCases.IqSoft_API_4_Credit_Negative_Test" time="0.814">
    <failure message="The following asserts failed:&#10;	ResponseCode: 0 expected [43] but found [0],&#10;	Error Description:  expected [game not available] but found [],&#10;	Amount BeforeCredit: 59.1Amount AfterCredit: 58.1 expected [58.1] but found [59.1]" type="java.lang.AssertionError">java.lang.AssertionError: The following asserts failed:
	ResponseCode: 0 expected [43] but found [0],
	Error Description:  expected [game not available] but found [],
	Amount BeforeCredit: 59.1Amount AfterCredit: 58.1 expected [58.1] but found [59.1]
	at org.testng.asserts.SoftAssert.assertAll(SoftAssert.java:46)
	at org.testng.asserts.SoftAssert.assertAll(SoftAssert.java:30)
	at testCases.IqSoft_API_4_Credit_Negative_Test.CreditAPIValidateResponseWithInvalidProductID(IqSoft_API_4_Credit_Negative_Test.java:143)
</failure>
    <system-out><![CDATA[ INFO [main] (BaseTest.java:172)- 
 INFO [main] (BaseTest.java:173)- https://gobet.tn/iapi/iq/GetBalance
 INFO [main] (BaseTest.java:174)- GetBalanceAPI:  RequestBody{"Token":"NDIwfDE2NjY5NTgy","CurrencyId":"TND"}
 INFO [main] (BaseTest.java:175)- GetBalanceAPI:  ResponseBody{"ResponseCode":0,"Description":null,"CurrencyId":"TND","AvailableBalance":"59.10"}  ResponseTime 257 ms
 INFO [main] (BaseTest.java:176)- 
 INFO [main] (BaseTest.java:212)- 
 INFO [main] (BaseTest.java:213)- https://gobet.tn/iapi/iq/Credit
 INFO [main] (BaseTest.java:214)- CreditAPI:  RequestBody{"Token":"NDIwfDE2NjY5NTgy","CurrencyId":"TND","GameId":-10,"OperationTypeId":1,"TransactionId":"QA_Test-GeXx3Sd8rPvLpcvwO8Wk_C","BetState":1,"Amount":1.0}
 INFO [main] (BaseTest.java:215)- CreditAPI:  ResponseBody{"ResponseCode":"0","Description":"","balance":"58.10","OperationItems":[{"ClientId":420,"Balance":"58.10","CurrencyId":"TND","TransactionId":"QA_Test-GeXx3Sd8rPvLpcvwO8Wk_C","BetId":"QA_Test-GeXx3Sd8rPvLpcvwO8Wk_C"}]}  ResponseTime 268 ms
 INFO [main] (BaseTest.java:216)- 
 INFO [main] (BaseTest.java:172)- 
 INFO [main] (BaseTest.java:173)- https://gobet.tn/iapi/iq/GetBalance
 INFO [main] (BaseTest.java:174)- GetBalanceAPI:  RequestBody{"Token":"NDIwfDE2NjY5NTgy","CurrencyId":"TND"}
 INFO [main] (BaseTest.java:175)- GetBalanceAPI:  ResponseBody{"ResponseCode":0,"Description":null,"CurrencyId":"TND","AvailableBalance":"58.10"}  ResponseTime 254 ms
 INFO [main] (BaseTest.java:176)- 
ERROR [main] (ReportingAllure.java:61)- CreditAPIValidateResponseWithInvalidProductID Test failed
]]></system-out>
  </testcase>
  <testcase name="CreditAPIValidateResponseUsingTransactionIDTwice" classname="testCases.IqSoft_API_4_Credit_Negative_Test" time="1.392"/>
  <testcase name="CreditAPIValidateResponseUsingAmountHigherThenBalance" classname="testCases.IqSoft_API_4_Credit_Negative_Test" time="0.836">
    <failure message="The following asserts failed:&#10;	ResponseCode: 21 expected [63] but found [21],&#10;	Error Description: Insufficient funds expected [balance less then bet Amount] but found [Insufficient funds]" type="java.lang.AssertionError">java.lang.AssertionError: The following asserts failed:
	ResponseCode: 21 expected [63] but found [21],
	Error Description: Insufficient funds expected [balance less then bet Amount] but found [Insufficient funds]
	at org.testng.asserts.SoftAssert.assertAll(SoftAssert.java:46)
	at org.testng.asserts.SoftAssert.assertAll(SoftAssert.java:30)
	at testCases.IqSoft_API_4_Credit_Negative_Test.CreditAPIValidateResponseUsingAmountHigherThenBalance(IqSoft_API_4_Credit_Negative_Test.java:236)
</failure>
    <system-out><![CDATA[ INFO [main] (BaseTest.java:172)- 
 INFO [main] (BaseTest.java:173)- https://gobet.tn/iapi/iq/GetBalance
 INFO [main] (BaseTest.java:174)- GetBalanceAPI:  RequestBody{"Token":"NDIwfDE2NjY5NTgy","CurrencyId":"TND"}
 INFO [main] (BaseTest.java:175)- GetBalanceAPI:  ResponseBody{"ResponseCode":0,"Description":null,"CurrencyId":"TND","AvailableBalance":"57.10"}  ResponseTime 269 ms
 INFO [main] (BaseTest.java:176)- 
 INFO [main] (BaseTest.java:212)- 
 INFO [main] (BaseTest.java:213)- https://gobet.tn/iapi/iq/Credit
 INFO [main] (BaseTest.java:214)- CreditAPI:  RequestBody{"Token":"NDIwfDE2NjY5NTgy","CurrencyId":"TND","GameId":54001,"OperationTypeId":1,"TransactionId":"QA_Test-2ioUTrvSzR7pCT83vP82_C","BetState":1,"Amount":67.1}
 INFO [main] (BaseTest.java:215)- CreditAPI:  ResponseBody{"ResponseCode":21,"Description":"Insufficient funds"}  ResponseTime 263 ms
 INFO [main] (BaseTest.java:216)- 
 INFO [main] (BaseTest.java:172)- 
 INFO [main] (BaseTest.java:173)- https://gobet.tn/iapi/iq/GetBalance
 INFO [main] (BaseTest.java:174)- GetBalanceAPI:  RequestBody{"Token":"NDIwfDE2NjY5NTgy","CurrencyId":"TND"}
 INFO [main] (BaseTest.java:175)- GetBalanceAPI:  ResponseBody{"ResponseCode":0,"Description":null,"CurrencyId":"TND","AvailableBalance":"57.10"}  ResponseTime 275 ms
 INFO [main] (BaseTest.java:176)- 
ERROR [main] (ReportingAllure.java:61)- CreditAPIValidateResponseUsingAmountHigherThenBalance Test failed
]]></system-out>
  </testcase>
  <testcase name="CreditAPIValidateResponseWithInvalidAmount" classname="testCases.IqSoft_API_4_Credit_Negative_Test" time="0.807">
    <failure message="The following asserts failed:&#10;	ResponseCode: 21 expected [39] but found [21],&#10;	Error Description: Invalid request params expected [WrongOperationAmount] but found [Invalid request params]" type="java.lang.AssertionError">java.lang.AssertionError: The following asserts failed:
	ResponseCode: 21 expected [39] but found [21],
	Error Description: Invalid request params expected [WrongOperationAmount] but found [Invalid request params]
	at org.testng.asserts.SoftAssert.assertAll(SoftAssert.java:46)
	at org.testng.asserts.SoftAssert.assertAll(SoftAssert.java:30)
	at testCases.IqSoft_API_4_Credit_Negative_Test.CreditAPIValidateResponseWithInvalidAmount(IqSoft_API_4_Credit_Negative_Test.java:280)
</failure>
    <system-out><![CDATA[ INFO [main] (BaseTest.java:172)- 
 INFO [main] (BaseTest.java:173)- https://gobet.tn/iapi/iq/GetBalance
 INFO [main] (BaseTest.java:174)- GetBalanceAPI:  RequestBody{"Token":"NDIwfDE2NjY5NTgy","CurrencyId":"TND"}
 INFO [main] (BaseTest.java:175)- GetBalanceAPI:  ResponseBody{"ResponseCode":0,"Description":null,"CurrencyId":"TND","AvailableBalance":"57.10"}  ResponseTime 254 ms
 INFO [main] (BaseTest.java:176)- 
 INFO [main] (BaseTest.java:212)- 
 INFO [main] (BaseTest.java:213)- https://gobet.tn/iapi/iq/Credit
 INFO [main] (BaseTest.java:214)- CreditAPI:  RequestBody{"Token":"NDIwfDE2NjY5NTgy","CurrencyId":"TND","GameId":54001,"OperationTypeId":1,"TransactionId":"QA_Test-aN5WrjcutmaI40G6LhoX_C","BetState":1,"Amount":0.0}
 INFO [main] (BaseTest.java:215)- CreditAPI:  ResponseBody{"ResponseCode":21,"Description":"Invalid request params"}  ResponseTime 257 ms
 INFO [main] (BaseTest.java:216)- 
 INFO [main] (BaseTest.java:172)- 
 INFO [main] (BaseTest.java:173)- https://gobet.tn/iapi/iq/GetBalance
 INFO [main] (BaseTest.java:174)- GetBalanceAPI:  RequestBody{"Token":"NDIwfDE2NjY5NTgy","CurrencyId":"TND"}
 INFO [main] (BaseTest.java:175)- GetBalanceAPI:  ResponseBody{"ResponseCode":0,"Description":null,"CurrencyId":"TND","AvailableBalance":"57.10"}  ResponseTime 250 ms
 INFO [main] (BaseTest.java:176)- 
ERROR [main] (ReportingAllure.java:61)- CreditAPIValidateResponseWithInvalidAmount Test failed
]]></system-out>
  </testcase>
  <testcase name="CreditAPIValidateResponseWithInvalidAmount" classname="testCases.IqSoft_API_4_Credit_Negative_Test" time="0.854">
    <failure message="The following asserts failed:&#10;	ResponseCode: 21 expected [39] but found [21],&#10;	Error Description: Invalid request params expected [WrongOperationAmount] but found [Invalid request params],&#10;	AmountBeforeCredit: 57.1 = amountAfterCredit : 58.1 expected [58.1] but found [57.1]" type="java.lang.AssertionError">java.lang.AssertionError: The following asserts failed:
	ResponseCode: 21 expected [39] but found [21],
	Error Description: Invalid request params expected [WrongOperationAmount] but found [Invalid request params],
	AmountBeforeCredit: 57.1 = amountAfterCredit : 58.1 expected [58.1] but found [57.1]
	at org.testng.asserts.SoftAssert.assertAll(SoftAssert.java:46)
	at org.testng.asserts.SoftAssert.assertAll(SoftAssert.java:30)
	at testCases.IqSoft_API_4_Credit_Negative_Test.CreditAPIValidateResponseWithInvalidAmount(IqSoft_API_4_Credit_Negative_Test.java:280)
</failure>
    <system-out><![CDATA[ INFO [main] (BaseTest.java:172)- 
 INFO [main] (BaseTest.java:173)- https://gobet.tn/iapi/iq/GetBalance
 INFO [main] (BaseTest.java:174)- GetBalanceAPI:  RequestBody{"Token":"NDIwfDE2NjY5NTgy","CurrencyId":"TND"}
 INFO [main] (BaseTest.java:175)- GetBalanceAPI:  ResponseBody{"ResponseCode":0,"Description":null,"CurrencyId":"TND","AvailableBalance":"57.10"}  ResponseTime 252 ms
 INFO [main] (BaseTest.java:176)- 
 INFO [main] (BaseTest.java:212)- 
 INFO [main] (BaseTest.java:213)- https://gobet.tn/iapi/iq/Credit
 INFO [main] (BaseTest.java:214)- CreditAPI:  RequestBody{"Token":"NDIwfDE2NjY5NTgy","CurrencyId":"TND","GameId":54001,"OperationTypeId":1,"TransactionId":"QA_Test-a2xKUssL090T7zaym2ZR_C","BetState":1,"Amount":-1.0}
 INFO [main] (BaseTest.java:215)- CreditAPI:  ResponseBody{"ResponseCode":21,"Description":"Invalid request params"}  ResponseTime 273 ms
 INFO [main] (BaseTest.java:216)- 
 INFO [main] (BaseTest.java:172)- 
 INFO [main] (BaseTest.java:173)- https://gobet.tn/iapi/iq/GetBalance
 INFO [main] (BaseTest.java:174)- GetBalanceAPI:  RequestBody{"Token":"NDIwfDE2NjY5NTgy","CurrencyId":"TND"}
 INFO [main] (BaseTest.java:175)- GetBalanceAPI:  ResponseBody{"ResponseCode":0,"Description":null,"CurrencyId":"TND","AvailableBalance":"58.10"}  ResponseTime 283 ms
 INFO [main] (BaseTest.java:176)- 
ERROR [main] (ReportingAllure.java:61)- CreditAPIValidateResponseWithInvalidAmount Test failed
]]></system-out>
  </testcase>
  <testcase name="CreditAPIValidateResponseWithInvalidAmount" classname="testCases.IqSoft_API_4_Credit_Negative_Test" time="0.832">
    <failure message="The following asserts failed:&#10;	ResponseCode: 21 expected [39] but found [21],&#10;	Error Description: Invalid request params expected [WrongOperationAmount] but found [Invalid request params],&#10;	AmountBeforeCredit: 58.1 = amountAfterCredit : 59.6 expected [59.6] but found [58.1]" type="java.lang.AssertionError">java.lang.AssertionError: The following asserts failed:
	ResponseCode: 21 expected [39] but found [21],
	Error Description: Invalid request params expected [WrongOperationAmount] but found [Invalid request params],
	AmountBeforeCredit: 58.1 = amountAfterCredit : 59.6 expected [59.6] but found [58.1]
	at org.testng.asserts.SoftAssert.assertAll(SoftAssert.java:46)
	at org.testng.asserts.SoftAssert.assertAll(SoftAssert.java:30)
	at testCases.IqSoft_API_4_Credit_Negative_Test.CreditAPIValidateResponseWithInvalidAmount(IqSoft_API_4_Credit_Negative_Test.java:280)
</failure>
    <system-out><![CDATA[ INFO [main] (BaseTest.java:172)- 
 INFO [main] (BaseTest.java:173)- https://gobet.tn/iapi/iq/GetBalance
 INFO [main] (BaseTest.java:174)- GetBalanceAPI:  RequestBody{"Token":"NDIwfDE2NjY5NTgy","CurrencyId":"TND"}
 INFO [main] (BaseTest.java:175)- GetBalanceAPI:  ResponseBody{"ResponseCode":0,"Description":null,"CurrencyId":"TND","AvailableBalance":"58.10"}  ResponseTime 262 ms
 INFO [main] (BaseTest.java:176)- 
 INFO [main] (BaseTest.java:212)- 
 INFO [main] (BaseTest.java:213)- https://gobet.tn/iapi/iq/Credit
 INFO [main] (BaseTest.java:214)- CreditAPI:  RequestBody{"Token":"NDIwfDE2NjY5NTgy","CurrencyId":"TND","GameId":54001,"OperationTypeId":1,"TransactionId":"QA_Test-T0vFqln6Pxhl4RNoFF79_C","BetState":1,"Amount":-1.5}
 INFO [main] (BaseTest.java:215)- CreditAPI:  ResponseBody{"ResponseCode":21,"Description":"Invalid request params"}  ResponseTime 271 ms
 INFO [main] (BaseTest.java:216)- 
 INFO [main] (BaseTest.java:172)- 
 INFO [main] (BaseTest.java:173)- https://gobet.tn/iapi/iq/GetBalance
 INFO [main] (BaseTest.java:174)- GetBalanceAPI:  RequestBody{"Token":"NDIwfDE2NjY5NTgy","CurrencyId":"TND"}
 INFO [main] (BaseTest.java:175)- GetBalanceAPI:  ResponseBody{"ResponseCode":0,"Description":null,"CurrencyId":"TND","AvailableBalance":"59.60"}  ResponseTime 264 ms
 INFO [main] (BaseTest.java:176)- 
ERROR [main] (ReportingAllure.java:61)- CreditAPIValidateResponseWithInvalidAmount Test failed
]]></system-out>
  </testcase>
  <testcase name="CreditAPIValidateResponseWithInvalidAmount" classname="testCases.IqSoft_API_4_Credit_Negative_Test" time="0.897">
    <failure message="The following asserts failed:&#10;	ResponseCode: 21 expected [39] but found [21],&#10;	Error Description: Invalid request params expected [WrongOperationAmount] but found [Invalid request params],&#10;	AmountBeforeCredit: 59.6 = amountAfterCredit : 60.65 expected [60.65] but found [59.6]" type="java.lang.AssertionError">java.lang.AssertionError: The following asserts failed:
	ResponseCode: 21 expected [39] but found [21],
	Error Description: Invalid request params expected [WrongOperationAmount] but found [Invalid request params],
	AmountBeforeCredit: 59.6 = amountAfterCredit : 60.65 expected [60.65] but found [59.6]
	at org.testng.asserts.SoftAssert.assertAll(SoftAssert.java:46)
	at org.testng.asserts.SoftAssert.assertAll(SoftAssert.java:30)
	at testCases.IqSoft_API_4_Credit_Negative_Test.CreditAPIValidateResponseWithInvalidAmount(IqSoft_API_4_Credit_Negative_Test.java:280)
</failure>
    <system-out><![CDATA[ INFO [main] (BaseTest.java:172)- 
 INFO [main] (BaseTest.java:173)- https://gobet.tn/iapi/iq/GetBalance
 INFO [main] (BaseTest.java:174)- GetBalanceAPI:  RequestBody{"Token":"NDIwfDE2NjY5NTgy","CurrencyId":"TND"}
 INFO [main] (BaseTest.java:175)- GetBalanceAPI:  ResponseBody{"ResponseCode":0,"Description":null,"CurrencyId":"TND","AvailableBalance":"59.60"}  ResponseTime 264 ms
 INFO [main] (BaseTest.java:176)- 
 INFO [main] (BaseTest.java:212)- 
 INFO [main] (BaseTest.java:213)- https://gobet.tn/iapi/iq/Credit
 INFO [main] (BaseTest.java:214)- CreditAPI:  RequestBody{"Token":"NDIwfDE2NjY5NTgy","CurrencyId":"TND","GameId":54001,"OperationTypeId":1,"TransactionId":"QA_Test-4kYcvBT6cHNu7LHv3AF2_C","BetState":1,"Amount":-1.05}
 INFO [main] (BaseTest.java:215)- CreditAPI:  ResponseBody{"ResponseCode":21,"Description":"Invalid request params"}  ResponseTime 262 ms
 INFO [main] (BaseTest.java:216)- 
 INFO [main] (BaseTest.java:172)- 
 INFO [main] (BaseTest.java:173)- https://gobet.tn/iapi/iq/GetBalance
 INFO [main] (BaseTest.java:174)- GetBalanceAPI:  RequestBody{"Token":"NDIwfDE2NjY5NTgy","CurrencyId":"TND"}
 INFO [main] (BaseTest.java:175)- GetBalanceAPI:  ResponseBody{"ResponseCode":0,"Description":null,"CurrencyId":"TND","AvailableBalance":"60.65"}  ResponseTime 338 ms
 INFO [main] (BaseTest.java:176)- 
ERROR [main] (ReportingAllure.java:61)- CreditAPIValidateResponseWithInvalidAmount Test failed
]]></system-out>
  </testcase>
  <testcase name="CreditAPIValidateResponseWithInvalidAmount" classname="testCases.IqSoft_API_4_Credit_Negative_Test" time="0.798">
    <failure message="The following asserts failed:&#10;	ResponseCode: 21 expected [39] but found [21],&#10;	Error Description: Invalid request params expected [WrongOperationAmount] but found [Invalid request params],&#10;	AmountBeforeCredit: 60.65 = amountAfterCredit : 61.66 expected [61.66] but found [60.65]" type="java.lang.AssertionError">java.lang.AssertionError: The following asserts failed:
	ResponseCode: 21 expected [39] but found [21],
	Error Description: Invalid request params expected [WrongOperationAmount] but found [Invalid request params],
	AmountBeforeCredit: 60.65 = amountAfterCredit : 61.66 expected [61.66] but found [60.65]
	at org.testng.asserts.SoftAssert.assertAll(SoftAssert.java:46)
	at org.testng.asserts.SoftAssert.assertAll(SoftAssert.java:30)
	at testCases.IqSoft_API_4_Credit_Negative_Test.CreditAPIValidateResponseWithInvalidAmount(IqSoft_API_4_Credit_Negative_Test.java:280)
</failure>
    <system-out><![CDATA[ INFO [main] (BaseTest.java:172)- 
 INFO [main] (BaseTest.java:173)- https://gobet.tn/iapi/iq/GetBalance
 INFO [main] (BaseTest.java:174)- GetBalanceAPI:  RequestBody{"Token":"NDIwfDE2NjY5NTgy","CurrencyId":"TND"}
 INFO [main] (BaseTest.java:175)- GetBalanceAPI:  ResponseBody{"ResponseCode":0,"Description":null,"CurrencyId":"TND","AvailableBalance":"60.65"}  ResponseTime 250 ms
 INFO [main] (BaseTest.java:176)- 
 INFO [main] (BaseTest.java:212)- 
 INFO [main] (BaseTest.java:213)- https://gobet.tn/iapi/iq/Credit
 INFO [main] (BaseTest.java:214)- CreditAPI:  RequestBody{"Token":"NDIwfDE2NjY5NTgy","CurrencyId":"TND","GameId":54001,"OperationTypeId":1,"TransactionId":"QA_Test-MeBcOtQDURuVL6t6tyFx_C","BetState":1,"Amount":-1.005}
 INFO [main] (BaseTest.java:215)- CreditAPI:  ResponseBody{"ResponseCode":21,"Description":"Invalid request params"}  ResponseTime 257 ms
 INFO [main] (BaseTest.java:216)- 
 INFO [main] (BaseTest.java:172)- 
 INFO [main] (BaseTest.java:173)- https://gobet.tn/iapi/iq/GetBalance
 INFO [main] (BaseTest.java:174)- GetBalanceAPI:  RequestBody{"Token":"NDIwfDE2NjY5NTgy","CurrencyId":"TND"}
 INFO [main] (BaseTest.java:175)- GetBalanceAPI:  ResponseBody{"ResponseCode":0,"Description":null,"CurrencyId":"TND","AvailableBalance":"61.66"}  ResponseTime 259 ms
 INFO [main] (BaseTest.java:176)- 
ERROR [main] (ReportingAllure.java:61)- CreditAPIValidateResponseWithInvalidAmount Test failed
]]></system-out>
  </testcase>
  <testcase name="DebitAPIValidateResponseWithInvalidToken" classname="testCases.IqSoft_API_5_Debit_Negative_Test" time="1.376">
    <failure message="The following asserts failed:&#10;	ResponseCode: 0 expected [22] but found [0],&#10;	Error Description:  expected [error login] but found [],&#10;	amountAfterCredit = amountAfterDebit60.66 != 65.66 expected [65.66] but found [60.66]" type="java.lang.AssertionError">java.lang.AssertionError: The following asserts failed:
	ResponseCode: 0 expected [22] but found [0],
	Error Description:  expected [error login] but found [],
	amountAfterCredit = amountAfterDebit60.66 != 65.66 expected [65.66] but found [60.66]
	at org.testng.asserts.SoftAssert.assertAll(SoftAssert.java:46)
	at org.testng.asserts.SoftAssert.assertAll(SoftAssert.java:30)
	at testCases.IqSoft_API_5_Debit_Negative_Test.DebitAPIValidateResponseWithInvalidToken(IqSoft_API_5_Debit_Negative_Test.java:68)
</failure>
    <system-out><![CDATA[ INFO [main] (BaseTest.java:172)- 
 INFO [main] (BaseTest.java:173)- https://gobet.tn/iapi/iq/GetBalance
 INFO [main] (BaseTest.java:174)- GetBalanceAPI:  RequestBody{"Token":"NDIwfDE2NjY5NTgy","CurrencyId":"TND"}
 INFO [main] (BaseTest.java:175)- GetBalanceAPI:  ResponseBody{"ResponseCode":0,"Description":null,"CurrencyId":"TND","AvailableBalance":"61.66"}  ResponseTime 262 ms
 INFO [main] (BaseTest.java:176)- 
 INFO [main] (BaseTest.java:212)- 
 INFO [main] (BaseTest.java:213)- https://gobet.tn/iapi/iq/Credit
 INFO [main] (BaseTest.java:214)- CreditAPI:  RequestBody{"Token":"NDIwfDE2NjY5NTgy","CurrencyId":"TND","GameId":54001,"OperationTypeId":1,"TransactionId":"QA_Test-VJTXZryWPaoDd9iidf4E_C","BetState":1,"Amount":1.0}
 INFO [main] (BaseTest.java:215)- CreditAPI:  ResponseBody{"ResponseCode":"0","Description":"","balance":"60.66","OperationItems":[{"ClientId":420,"Balance":"60.66","CurrencyId":"TND","TransactionId":"QA_Test-VJTXZryWPaoDd9iidf4E_C","BetId":"QA_Test-VJTXZryWPaoDd9iidf4E_C"}]}  ResponseTime 266 ms
 INFO [main] (BaseTest.java:216)- 
 INFO [main] (BaseTest.java:172)- 
 INFO [main] (BaseTest.java:173)- https://gobet.tn/iapi/iq/GetBalance
 INFO [main] (BaseTest.java:174)- GetBalanceAPI:  RequestBody{"Token":"NDIwfDE2NjY5NTgy","CurrencyId":"TND"}
 INFO [main] (BaseTest.java:175)- GetBalanceAPI:  ResponseBody{"ResponseCode":0,"Description":null,"CurrencyId":"TND","AvailableBalance":"60.66"}  ResponseTime 258 ms
 INFO [main] (BaseTest.java:176)- 
 INFO [main] (BaseTest.java:252)- 
 INFO [main] (BaseTest.java:253)- https://gobet.tn/iapi/iq/Debit
 INFO [main] (BaseTest.java:254)- DebitAPI:  RequestBody{"ClientId":"420","CurrencyId":"TND","GameId":54001,"TransactionId":"QA_Test-uqiOdawFmqirJ0XLErm0_D","CreditTransactionId":"QA_Test-VJTXZryWPaoDd9iidf4E_C","Amount":5.0,"BetState":2,"OperationTypeId":4,"Token":"NDIwfDE2NjY5NTgy1"}
 INFO [main] (BaseTest.java:255)- DebitAPI:  ResponseBody{"ResponseCode":"0","Description":"","balance":"65.66","OperationItems":[{"ClientId":420,"Balance":"65.66","CurrencyId":"TND","TransactionId":"QA_Test-uqiOdawFmqirJ0XLErm0_D","BetId":"QA_Test-uqiOdawFmqirJ0XLErm0_D"}]}  ResponseTime 267 ms
 INFO [main] (BaseTest.java:256)- 
 INFO [main] (BaseTest.java:172)- 
 INFO [main] (BaseTest.java:173)- https://gobet.tn/iapi/iq/GetBalance
 INFO [main] (BaseTest.java:174)- GetBalanceAPI:  RequestBody{"Token":"NDIwfDE2NjY5NTgy","CurrencyId":"TND"}
 INFO [main] (BaseTest.java:175)- GetBalanceAPI:  ResponseBody{"ResponseCode":0,"Description":null,"CurrencyId":"TND","AvailableBalance":"65.66"}  ResponseTime 265 ms
 INFO [main] (BaseTest.java:176)- 
ERROR [main] (ReportingAllure.java:61)- DebitAPIValidateResponseWithInvalidToken Test failed
]]></system-out>
  </testcase>
  <testcase name="DebitAPIValidateResponseUsingInvalidProductID" classname="testCases.IqSoft_API_5_Debit_Negative_Test" time="1.441">
    <failure message="The following asserts failed:&#10;	ResponseCode: 0 expected [43] but found [0],&#10;	Error Description:  expected [game not available] but found [],&#10;	amountAfterCredit = amountAfterDebit 64.66  =  69.66 expected [69.66] but found [64.66]" type="java.lang.AssertionError">java.lang.AssertionError: The following asserts failed:
	ResponseCode: 0 expected [43] but found [0],
	Error Description:  expected [game not available] but found [],
	amountAfterCredit = amountAfterDebit 64.66  =  69.66 expected [69.66] but found [64.66]
	at org.testng.asserts.SoftAssert.assertAll(SoftAssert.java:46)
	at org.testng.asserts.SoftAssert.assertAll(SoftAssert.java:30)
	at testCases.IqSoft_API_5_Debit_Negative_Test.DebitAPIValidateResponseUsingInvalidProductID(IqSoft_API_5_Debit_Negative_Test.java:120)
</failure>
    <system-out><![CDATA[ INFO [main] (BaseTest.java:172)- 
 INFO [main] (BaseTest.java:173)- https://gobet.tn/iapi/iq/GetBalance
 INFO [main] (BaseTest.java:174)- GetBalanceAPI:  RequestBody{"Token":"NDIwfDE2NjY5NTgy","CurrencyId":"TND"}
 INFO [main] (BaseTest.java:175)- GetBalanceAPI:  ResponseBody{"ResponseCode":0,"Description":null,"CurrencyId":"TND","AvailableBalance":"65.66"}  ResponseTime 265 ms
 INFO [main] (BaseTest.java:176)- 
 INFO [main] (BaseTest.java:212)- 
 INFO [main] (BaseTest.java:213)- https://gobet.tn/iapi/iq/Credit
 INFO [main] (BaseTest.java:214)- CreditAPI:  RequestBody{"Token":"NDIwfDE2NjY5NTgy","CurrencyId":"TND","GameId":54001,"OperationTypeId":1,"TransactionId":"QA_Test-YQe2vI3OzhyTgz1XMC0e_C","BetState":1,"Amount":1.0}
 INFO [main] (BaseTest.java:215)- CreditAPI:  ResponseBody{"ResponseCode":"0","Description":"","balance":"64.66","OperationItems":[{"ClientId":420,"Balance":"64.66","CurrencyId":"TND","TransactionId":"QA_Test-YQe2vI3OzhyTgz1XMC0e_C","BetId":"QA_Test-YQe2vI3OzhyTgz1XMC0e_C"}]}  ResponseTime 255 ms
 INFO [main] (BaseTest.java:216)- 
 INFO [main] (BaseTest.java:172)- 
 INFO [main] (BaseTest.java:173)- https://gobet.tn/iapi/iq/GetBalance
 INFO [main] (BaseTest.java:174)- GetBalanceAPI:  RequestBody{"Token":"NDIwfDE2NjY5NTgy","CurrencyId":"TND"}
 INFO [main] (BaseTest.java:175)- GetBalanceAPI:  ResponseBody{"ResponseCode":0,"Description":null,"CurrencyId":"TND","AvailableBalance":"64.66"}  ResponseTime 298 ms
 INFO [main] (BaseTest.java:176)- 
 INFO [main] (BaseTest.java:252)- 
 INFO [main] (BaseTest.java:253)- https://gobet.tn/iapi/iq/Debit
 INFO [main] (BaseTest.java:254)- DebitAPI:  RequestBody{"ClientId":"420","CurrencyId":"TND","GameId":-10,"TransactionId":"QA_Test-KhVec2zkQ19fG19jyb8U_D","CreditTransactionId":"QA_Test-YQe2vI3OzhyTgz1XMC0e_C","Amount":5.0,"BetState":2,"OperationTypeId":4,"Token":"NDIwfDE2NjY5NTgy"}
 INFO [main] (BaseTest.java:255)- DebitAPI:  ResponseBody{"ResponseCode":"0","Description":"","balance":"69.66","OperationItems":[{"ClientId":420,"Balance":"69.66","CurrencyId":"TND","TransactionId":"QA_Test-KhVec2zkQ19fG19jyb8U_D","BetId":"QA_Test-KhVec2zkQ19fG19jyb8U_D"}]}  ResponseTime 284 ms
 INFO [main] (BaseTest.java:256)- 
 INFO [main] (BaseTest.java:172)- 
 INFO [main] (BaseTest.java:173)- https://gobet.tn/iapi/iq/GetBalance
 INFO [main] (BaseTest.java:174)- GetBalanceAPI:  RequestBody{"Token":"NDIwfDE2NjY5NTgy","CurrencyId":"TND"}
 INFO [main] (BaseTest.java:175)- GetBalanceAPI:  ResponseBody{"ResponseCode":0,"Description":null,"CurrencyId":"TND","AvailableBalance":"69.66"}  ResponseTime 281 ms
 INFO [main] (BaseTest.java:176)- 
ERROR [main] (ReportingAllure.java:61)- DebitAPIValidateResponseUsingInvalidProductID Test failed
]]></system-out>
  </testcase>
  <testcase name="DebitAPIValidateResponseUsingTransactionIDTwice" classname="testCases.IqSoft_API_5_Debit_Negative_Test" time="2.67">
    <failure message="The following asserts failed:&#10;	ResponseCode: 21 expected [0] but found [21],&#10;	Error Description: Transaction is already processed expected [null] but found [Transaction is already processed]" type="java.lang.AssertionError">java.lang.AssertionError: The following asserts failed:
	ResponseCode: 21 expected [0] but found [21],
	Error Description: Transaction is already processed expected [null] but found [Transaction is already processed]
	at org.testng.asserts.SoftAssert.assertAll(SoftAssert.java:46)
	at org.testng.asserts.SoftAssert.assertAll(SoftAssert.java:30)
	at testCases.IqSoft_API_5_Debit_Negative_Test.DebitAPIValidateResponseUsingTransactionIDTwice(IqSoft_API_5_Debit_Negative_Test.java:192)
</failure>
    <system-out><![CDATA[ INFO [main] (BaseTest.java:172)- 
 INFO [main] (BaseTest.java:173)- https://gobet.tn/iapi/iq/GetBalance
 INFO [main] (BaseTest.java:174)- GetBalanceAPI:  RequestBody{"Token":"NDIwfDE2NjY5NTgy","CurrencyId":"TND"}
 INFO [main] (BaseTest.java:175)- GetBalanceAPI:  ResponseBody{"ResponseCode":0,"Description":null,"CurrencyId":"TND","AvailableBalance":"69.66"}  ResponseTime 264 ms
 INFO [main] (BaseTest.java:176)- 
 INFO [main] (BaseTest.java:212)- 
 INFO [main] (BaseTest.java:213)- https://gobet.tn/iapi/iq/Credit
 INFO [main] (BaseTest.java:214)- CreditAPI:  RequestBody{"Token":"NDIwfDE2NjY5NTgy","CurrencyId":"TND","GameId":54001,"OperationTypeId":1,"TransactionId":"QA_Test-zR9k9mYHCZM7XjpNXSST_C","BetState":1,"Amount":1.0}
 INFO [main] (BaseTest.java:215)- CreditAPI:  ResponseBody{"ResponseCode":"0","Description":"","balance":"68.66","OperationItems":[{"ClientId":420,"Balance":"68.66","CurrencyId":"TND","TransactionId":"QA_Test-zR9k9mYHCZM7XjpNXSST_C","BetId":"QA_Test-zR9k9mYHCZM7XjpNXSST_C"}]}  ResponseTime 264 ms
 INFO [main] (BaseTest.java:216)- 
 INFO [main] (BaseTest.java:172)- 
 INFO [main] (BaseTest.java:173)- https://gobet.tn/iapi/iq/GetBalance
 INFO [main] (BaseTest.java:174)- GetBalanceAPI:  RequestBody{"Token":"NDIwfDE2NjY5NTgy","CurrencyId":"TND"}
 INFO [main] (BaseTest.java:175)- GetBalanceAPI:  ResponseBody{"ResponseCode":0,"Description":null,"CurrencyId":"TND","AvailableBalance":"68.66"}  ResponseTime 372 ms
 INFO [main] (BaseTest.java:176)- 
 INFO [main] (BaseTest.java:212)- 
 INFO [main] (BaseTest.java:213)- https://gobet.tn/iapi/iq/Credit
 INFO [main] (BaseTest.java:214)- CreditAPI:  RequestBody{"Token":"NDIwfDE2NjY5NTgy","CurrencyId":"TND","GameId":54001,"OperationTypeId":1,"TransactionId":"QA_Test-ShVRKLpT5wrAfr4ePcpX_C","BetState":1,"Amount":1.0}
 INFO [main] (BaseTest.java:215)- CreditAPI:  ResponseBody{"ResponseCode":"0","Description":"","balance":"67.66","OperationItems":[{"ClientId":420,"Balance":"67.66","CurrencyId":"TND","TransactionId":"QA_Test-ShVRKLpT5wrAfr4ePcpX_C","BetId":"QA_Test-ShVRKLpT5wrAfr4ePcpX_C"}]}  ResponseTime 269 ms
 INFO [main] (BaseTest.java:216)- 
 INFO [main] (BaseTest.java:172)- 
 INFO [main] (BaseTest.java:173)- https://gobet.tn/iapi/iq/GetBalance
 INFO [main] (BaseTest.java:174)- GetBalanceAPI:  RequestBody{"Token":"NDIwfDE2NjY5NTgy","CurrencyId":"TND"}
 INFO [main] (BaseTest.java:175)- GetBalanceAPI:  ResponseBody{"ResponseCode":0,"Description":null,"CurrencyId":"TND","AvailableBalance":"67.66"}  ResponseTime 260 ms
 INFO [main] (BaseTest.java:176)- 
 INFO [main] (BaseTest.java:252)- 
 INFO [main] (BaseTest.java:253)- https://gobet.tn/iapi/iq/Debit
 INFO [main] (BaseTest.java:254)- DebitAPI:  RequestBody{"ClientId":"420","CurrencyId":"TND","GameId":54001,"TransactionId":"QA_Test-C77rz5oDfORlPWQ9gKMm_D","CreditTransactionId":"QA_Test-zR9k9mYHCZM7XjpNXSST_C","Amount":5.0,"BetState":2,"OperationTypeId":4,"Token":"NDIwfDE2NjY5NTgy"}
 INFO [main] (BaseTest.java:255)- DebitAPI:  ResponseBody{"ResponseCode":"0","Description":"","balance":"72.66","OperationItems":[{"ClientId":420,"Balance":"72.66","CurrencyId":"TND","TransactionId":"QA_Test-C77rz5oDfORlPWQ9gKMm_D","BetId":"QA_Test-C77rz5oDfORlPWQ9gKMm_D"}]}  ResponseTime 258 ms
 INFO [main] (BaseTest.java:256)- 
 INFO [main] (BaseTest.java:172)- 
 INFO [main] (BaseTest.java:173)- https://gobet.tn/iapi/iq/GetBalance
 INFO [main] (BaseTest.java:174)- GetBalanceAPI:  RequestBody{"Token":"NDIwfDE2NjY5NTgy","CurrencyId":"TND"}
 INFO [main] (BaseTest.java:175)- GetBalanceAPI:  ResponseBody{"ResponseCode":0,"Description":null,"CurrencyId":"TND","AvailableBalance":"72.66"}  ResponseTime 282 ms
 INFO [main] (BaseTest.java:176)- 
 INFO [main] (BaseTest.java:252)- 
 INFO [main] (BaseTest.java:253)- https://gobet.tn/iapi/iq/Debit
 INFO [main] (BaseTest.java:254)- DebitAPI:  RequestBody{"ClientId":"420","CurrencyId":"TND","GameId":54001,"TransactionId":"QA_Test-C77rz5oDfORlPWQ9gKMm_D","CreditTransactionId":"QA_Test-ShVRKLpT5wrAfr4ePcpX_C","Amount":5.0,"BetState":2,"OperationTypeId":4,"Token":"NDIwfDE2NjY5NTgy"}
 INFO [main] (BaseTest.java:255)- DebitAPI:  ResponseBody{"ResponseCode":21,"Description":"Transaction is already processed"}  ResponseTime 336 ms
 INFO [main] (BaseTest.java:256)- 
 INFO [main] (BaseTest.java:172)- 
 INFO [main] (BaseTest.java:173)- https://gobet.tn/iapi/iq/GetBalance
 INFO [main] (BaseTest.java:174)- GetBalanceAPI:  RequestBody{"Token":"NDIwfDE2NjY5NTgy","CurrencyId":"TND"}
 INFO [main] (BaseTest.java:175)- GetBalanceAPI:  ResponseBody{"ResponseCode":0,"Description":null,"CurrencyId":"TND","AvailableBalance":"72.66"}  ResponseTime 268 ms
 INFO [main] (BaseTest.java:176)- 
ERROR [main] (ReportingAllure.java:61)- DebitAPIValidateResponseUsingTransactionIDTwice Test failed
]]></system-out>
  </testcase>
  <testcase name="DebitAPIValidateResponseUsingInvalidCreditTransactionID" classname="testCases.IqSoft_API_5_Debit_Negative_Test" time="0.822">
    <failure message="The following asserts failed:&#10;	ResponseCode: 0 expected [50] but found [0],&#10;	Error Description:  expected [CanNotConnectCreditAndDebit] but found [],&#10;	amountAfterDebit: 77.66 = amountBeforeDebit: 72.66 expected [72.66] but found [77.66]" type="java.lang.AssertionError">java.lang.AssertionError: The following asserts failed:
	ResponseCode: 0 expected [50] but found [0],
	Error Description:  expected [CanNotConnectCreditAndDebit] but found [],
	amountAfterDebit: 77.66 = amountBeforeDebit: 72.66 expected [72.66] but found [77.66]
	at org.testng.asserts.SoftAssert.assertAll(SoftAssert.java:46)
	at org.testng.asserts.SoftAssert.assertAll(SoftAssert.java:30)
	at testCases.IqSoft_API_5_Debit_Negative_Test.DebitAPIValidateResponseUsingInvalidCreditTransactionID(IqSoft_API_5_Debit_Negative_Test.java:230)
</failure>
    <system-out><![CDATA[ INFO [main] (BaseTest.java:172)- 
 INFO [main] (BaseTest.java:173)- https://gobet.tn/iapi/iq/GetBalance
 INFO [main] (BaseTest.java:174)- GetBalanceAPI:  RequestBody{"Token":"NDIwfDE2NjY5NTgy","CurrencyId":"TND"}
 INFO [main] (BaseTest.java:175)- GetBalanceAPI:  ResponseBody{"ResponseCode":0,"Description":null,"CurrencyId":"TND","AvailableBalance":"72.66"}  ResponseTime 269 ms
 INFO [main] (BaseTest.java:176)- 
 INFO [main] (BaseTest.java:252)- 
 INFO [main] (BaseTest.java:253)- https://gobet.tn/iapi/iq/Debit
 INFO [main] (BaseTest.java:254)- DebitAPI:  RequestBody{"ClientId":"420","CurrencyId":"TND","GameId":54001,"TransactionId":"QA_Test-brKHOVIob8JKrZk8ckaL_D","CreditTransactionId":"QA_Test-A2ZXIg97HhOTje8Ip04S_C_ErrorID","Amount":5.0,"BetState":2,"OperationTypeId":4,"Token":"NDIwfDE2NjY5NTgy"}
 INFO [main] (BaseTest.java:255)- DebitAPI:  ResponseBody{"ResponseCode":"0","Description":"","balance":"77.66","OperationItems":[{"ClientId":420,"Balance":"77.66","CurrencyId":"TND","TransactionId":"QA_Test-brKHOVIob8JKrZk8ckaL_D","BetId":"QA_Test-brKHOVIob8JKrZk8ckaL_D"}]}  ResponseTime 264 ms
 INFO [main] (BaseTest.java:256)- 
 INFO [main] (BaseTest.java:172)- 
 INFO [main] (BaseTest.java:173)- https://gobet.tn/iapi/iq/GetBalance
 INFO [main] (BaseTest.java:174)- GetBalanceAPI:  RequestBody{"Token":"NDIwfDE2NjY5NTgy","CurrencyId":"TND"}
 INFO [main] (BaseTest.java:175)- GetBalanceAPI:  ResponseBody{"ResponseCode":0,"Description":null,"CurrencyId":"TND","AvailableBalance":"77.66"}  ResponseTime 258 ms
 INFO [main] (BaseTest.java:176)- 
ERROR [main] (ReportingAllure.java:61)- DebitAPIValidateResponseUsingInvalidCreditTransactionID Test failed
]]></system-out>
  </testcase>
  <testcase name="DebitAPIValidateResponseUsingInvalidAmount" classname="testCases.IqSoft_API_5_Debit_Negative_Test" time="1.406">
    <failure message="The following asserts failed:&#10;	ResponseCode: 21 expected [39] but found [21],&#10;	Error Description: Invalid request params expected [WrongOperationAmount] but found [Invalid request params],&#10;	expected [75.66] but found [76.66]" type="java.lang.AssertionError">java.lang.AssertionError: The following asserts failed:
	ResponseCode: 21 expected [39] but found [21],
	Error Description: Invalid request params expected [WrongOperationAmount] but found [Invalid request params],
	expected [75.66] but found [76.66]
	at org.testng.asserts.SoftAssert.assertAll(SoftAssert.java:46)
	at org.testng.asserts.SoftAssert.assertAll(SoftAssert.java:30)
	at testCases.IqSoft_API_5_Debit_Negative_Test.DebitAPIValidateResponseUsingInvalidAmount(IqSoft_API_5_Debit_Negative_Test.java:279)
</failure>
    <system-out><![CDATA[ INFO [main] (BaseTest.java:172)- 
 INFO [main] (BaseTest.java:173)- https://gobet.tn/iapi/iq/GetBalance
 INFO [main] (BaseTest.java:174)- GetBalanceAPI:  RequestBody{"Token":"NDIwfDE2NjY5NTgy","CurrencyId":"TND"}
 INFO [main] (BaseTest.java:175)- GetBalanceAPI:  ResponseBody{"ResponseCode":0,"Description":null,"CurrencyId":"TND","AvailableBalance":"77.66"}  ResponseTime 278 ms
 INFO [main] (BaseTest.java:176)- 
 INFO [main] (BaseTest.java:212)- 
 INFO [main] (BaseTest.java:213)- https://gobet.tn/iapi/iq/Credit
 INFO [main] (BaseTest.java:214)- CreditAPI:  RequestBody{"Token":"NDIwfDE2NjY5NTgy","CurrencyId":"TND","GameId":54001,"OperationTypeId":1,"TransactionId":"QA_Test-twmSkSScu7fgknRlYTxv_C","BetState":1,"Amount":1.0}
 INFO [main] (BaseTest.java:215)- CreditAPI:  ResponseBody{"ResponseCode":"0","Description":"","balance":"76.66","OperationItems":[{"ClientId":420,"Balance":"76.66","CurrencyId":"TND","TransactionId":"QA_Test-twmSkSScu7fgknRlYTxv_C","BetId":"QA_Test-twmSkSScu7fgknRlYTxv_C"}]}  ResponseTime 283 ms
 INFO [main] (BaseTest.java:216)- 
 INFO [main] (BaseTest.java:172)- 
 INFO [main] (BaseTest.java:173)- https://gobet.tn/iapi/iq/GetBalance
 INFO [main] (BaseTest.java:174)- GetBalanceAPI:  RequestBody{"Token":"NDIwfDE2NjY5NTgy","CurrencyId":"TND"}
 INFO [main] (BaseTest.java:175)- GetBalanceAPI:  ResponseBody{"ResponseCode":0,"Description":null,"CurrencyId":"TND","AvailableBalance":"76.66"}  ResponseTime 257 ms
 INFO [main] (BaseTest.java:176)- 
 INFO [main] (BaseTest.java:252)- 
 INFO [main] (BaseTest.java:253)- https://gobet.tn/iapi/iq/Debit
 INFO [main] (BaseTest.java:254)- DebitAPI:  RequestBody{"ClientId":"420","CurrencyId":"TND","GameId":54001,"TransactionId":"QA_Test-tSgUnmpHf0Tz78HBwCdA_D","CreditTransactionId":"QA_Test-twmSkSScu7fgknRlYTxv_C","Amount":-1.0,"BetState":2,"OperationTypeId":4,"Token":"NDIwfDE2NjY5NTgy"}
 INFO [main] (BaseTest.java:255)- DebitAPI:  ResponseBody{"ResponseCode":21,"Description":"Invalid request params"}  ResponseTime 276 ms
 INFO [main] (BaseTest.java:256)- 
 INFO [main] (BaseTest.java:172)- 
 INFO [main] (BaseTest.java:173)- https://gobet.tn/iapi/iq/GetBalance
 INFO [main] (BaseTest.java:174)- GetBalanceAPI:  RequestBody{"Token":"NDIwfDE2NjY5NTgy","CurrencyId":"TND"}
 INFO [main] (BaseTest.java:175)- GetBalanceAPI:  ResponseBody{"ResponseCode":0,"Description":null,"CurrencyId":"TND","AvailableBalance":"75.66"}  ResponseTime 258 ms
 INFO [main] (BaseTest.java:176)- 
ERROR [main] (ReportingAllure.java:61)- DebitAPIValidateResponseUsingInvalidAmount Test failed
]]></system-out>
  </testcase>
  <testcase name="DebitAPIValidateResponseUsingInvalidAmount" classname="testCases.IqSoft_API_5_Debit_Negative_Test" time="1.457">
    <failure message="The following asserts failed:&#10;	ResponseCode: 21 expected [39] but found [21],&#10;	Error Description: Invalid request params expected [WrongOperationAmount] but found [Invalid request params],&#10;	expected [73.16] but found [74.66]" type="java.lang.AssertionError">java.lang.AssertionError: The following asserts failed:
	ResponseCode: 21 expected [39] but found [21],
	Error Description: Invalid request params expected [WrongOperationAmount] but found [Invalid request params],
	expected [73.16] but found [74.66]
	at org.testng.asserts.SoftAssert.assertAll(SoftAssert.java:46)
	at org.testng.asserts.SoftAssert.assertAll(SoftAssert.java:30)
	at testCases.IqSoft_API_5_Debit_Negative_Test.DebitAPIValidateResponseUsingInvalidAmount(IqSoft_API_5_Debit_Negative_Test.java:279)
</failure>
    <system-out><![CDATA[ INFO [main] (BaseTest.java:172)- 
 INFO [main] (BaseTest.java:173)- https://gobet.tn/iapi/iq/GetBalance
 INFO [main] (BaseTest.java:174)- GetBalanceAPI:  RequestBody{"Token":"NDIwfDE2NjY5NTgy","CurrencyId":"TND"}
 INFO [main] (BaseTest.java:175)- GetBalanceAPI:  ResponseBody{"ResponseCode":0,"Description":null,"CurrencyId":"TND","AvailableBalance":"75.66"}  ResponseTime 274 ms
 INFO [main] (BaseTest.java:176)- 
 INFO [main] (BaseTest.java:212)- 
 INFO [main] (BaseTest.java:213)- https://gobet.tn/iapi/iq/Credit
 INFO [main] (BaseTest.java:214)- CreditAPI:  RequestBody{"Token":"NDIwfDE2NjY5NTgy","CurrencyId":"TND","GameId":54001,"OperationTypeId":1,"TransactionId":"QA_Test-dAJTRQqYr67LFQvGfbvb_C","BetState":1,"Amount":1.0}
 INFO [main] (BaseTest.java:215)- CreditAPI:  ResponseBody{"ResponseCode":"0","Description":"","balance":"74.66","OperationItems":[{"ClientId":420,"Balance":"74.66","CurrencyId":"TND","TransactionId":"QA_Test-dAJTRQqYr67LFQvGfbvb_C","BetId":"QA_Test-dAJTRQqYr67LFQvGfbvb_C"}]}  ResponseTime 271 ms
 INFO [main] (BaseTest.java:216)- 
 INFO [main] (BaseTest.java:172)- 
 INFO [main] (BaseTest.java:173)- https://gobet.tn/iapi/iq/GetBalance
 INFO [main] (BaseTest.java:174)- GetBalanceAPI:  RequestBody{"Token":"NDIwfDE2NjY5NTgy","CurrencyId":"TND"}
 INFO [main] (BaseTest.java:175)- GetBalanceAPI:  ResponseBody{"ResponseCode":0,"Description":null,"CurrencyId":"TND","AvailableBalance":"74.66"}  ResponseTime 261 ms
 INFO [main] (BaseTest.java:176)- 
 INFO [main] (BaseTest.java:252)- 
 INFO [main] (BaseTest.java:253)- https://gobet.tn/iapi/iq/Debit
 INFO [main] (BaseTest.java:254)- DebitAPI:  RequestBody{"ClientId":"420","CurrencyId":"TND","GameId":54001,"TransactionId":"QA_Test-PkltkO2UkoFle3l64ayo_D","CreditTransactionId":"QA_Test-dAJTRQqYr67LFQvGfbvb_C","Amount":-1.5,"BetState":2,"OperationTypeId":4,"Token":"NDIwfDE2NjY5NTgy"}
 INFO [main] (BaseTest.java:255)- DebitAPI:  ResponseBody{"ResponseCode":21,"Description":"Invalid request params"}  ResponseTime 255 ms
 INFO [main] (BaseTest.java:256)- 
 INFO [main] (BaseTest.java:172)- 
 INFO [main] (BaseTest.java:173)- https://gobet.tn/iapi/iq/GetBalance
 INFO [main] (BaseTest.java:174)- GetBalanceAPI:  RequestBody{"Token":"NDIwfDE2NjY5NTgy","CurrencyId":"TND"}
 INFO [main] (BaseTest.java:175)- GetBalanceAPI:  ResponseBody{"ResponseCode":0,"Description":null,"CurrencyId":"TND","AvailableBalance":"73.16"}  ResponseTime 321 ms
 INFO [main] (BaseTest.java:176)- 
ERROR [main] (ReportingAllure.java:61)- DebitAPIValidateResponseUsingInvalidAmount Test failed
]]></system-out>
  </testcase>
  <testcase name="DebitAPIValidateResponseUsingInvalidAmount" classname="testCases.IqSoft_API_5_Debit_Negative_Test" time="2.721">
    <failure message="The following asserts failed:&#10;	ResponseCode: 21 expected [39] but found [21],&#10;	Error Description: Invalid request params expected [WrongOperationAmount] but found [Invalid request params],&#10;	expected [71.11] but found [72.16]" type="java.lang.AssertionError">java.lang.AssertionError: The following asserts failed:
	ResponseCode: 21 expected [39] but found [21],
	Error Description: Invalid request params expected [WrongOperationAmount] but found [Invalid request params],
	expected [71.11] but found [72.16]
	at org.testng.asserts.SoftAssert.assertAll(SoftAssert.java:46)
	at org.testng.asserts.SoftAssert.assertAll(SoftAssert.java:30)
	at testCases.IqSoft_API_5_Debit_Negative_Test.DebitAPIValidateResponseUsingInvalidAmount(IqSoft_API_5_Debit_Negative_Test.java:279)
</failure>
    <system-out><![CDATA[ INFO [main] (BaseTest.java:172)- 
 INFO [main] (BaseTest.java:173)- https://gobet.tn/iapi/iq/GetBalance
 INFO [main] (BaseTest.java:174)- GetBalanceAPI:  RequestBody{"Token":"NDIwfDE2NjY5NTgy","CurrencyId":"TND"}
 INFO [main] (BaseTest.java:175)- GetBalanceAPI:  ResponseBody{"ResponseCode":0,"Description":null,"CurrencyId":"TND","AvailableBalance":"73.16"}  ResponseTime 263 ms
 INFO [main] (BaseTest.java:176)- 
 INFO [main] (BaseTest.java:212)- 
 INFO [main] (BaseTest.java:213)- https://gobet.tn/iapi/iq/Credit
 INFO [main] (BaseTest.java:214)- CreditAPI:  RequestBody{"Token":"NDIwfDE2NjY5NTgy","CurrencyId":"TND","GameId":54001,"OperationTypeId":1,"TransactionId":"QA_Test-B3wCRiMGSscOsV71Dh2c_C","BetState":1,"Amount":1.0}
 INFO [main] (BaseTest.java:215)- CreditAPI:  ResponseBody{"ResponseCode":"0","Description":"","balance":"72.16","OperationItems":[{"ClientId":420,"Balance":"72.16","CurrencyId":"TND","TransactionId":"QA_Test-B3wCRiMGSscOsV71Dh2c_C","BetId":"QA_Test-B3wCRiMGSscOsV71Dh2c_C"}]}  ResponseTime 271 ms
 INFO [main] (BaseTest.java:216)- 
 INFO [main] (BaseTest.java:172)- 
 INFO [main] (BaseTest.java:173)- https://gobet.tn/iapi/iq/GetBalance
 INFO [main] (BaseTest.java:174)- GetBalanceAPI:  RequestBody{"Token":"NDIwfDE2NjY5NTgy","CurrencyId":"TND"}
 INFO [main] (BaseTest.java:175)- GetBalanceAPI:  ResponseBody{"ResponseCode":0,"Description":null,"CurrencyId":"TND","AvailableBalance":"72.16"}  ResponseTime 279 ms
 INFO [main] (BaseTest.java:176)- 
 INFO [main] (BaseTest.java:252)- 
 INFO [main] (BaseTest.java:253)- https://gobet.tn/iapi/iq/Debit
 INFO [main] (BaseTest.java:254)- DebitAPI:  RequestBody{"ClientId":"420","CurrencyId":"TND","GameId":54001,"TransactionId":"QA_Test-M1HTUqcmeKWswdhjtgDn_D","CreditTransactionId":"QA_Test-B3wCRiMGSscOsV71Dh2c_C","Amount":-1.05,"BetState":2,"OperationTypeId":4,"Token":"NDIwfDE2NjY5NTgy"}
 INFO [main] (BaseTest.java:255)- DebitAPI:  ResponseBody{"ResponseCode":21,"Description":"Invalid request params"}  ResponseTime 273 ms
 INFO [main] (BaseTest.java:256)- 
 INFO [main] (BaseTest.java:172)- 
 INFO [main] (BaseTest.java:173)- https://gobet.tn/iapi/iq/GetBalance
 INFO [main] (BaseTest.java:174)- GetBalanceAPI:  RequestBody{"Token":"NDIwfDE2NjY5NTgy","CurrencyId":"TND"}
 INFO [main] (BaseTest.java:175)- GetBalanceAPI:  ResponseBody{"ResponseCode":0,"Description":null,"CurrencyId":"TND","AvailableBalance":"71.11"}  ResponseTime 1565 ms
 INFO [main] (BaseTest.java:176)- 
ERROR [main] (ReportingAllure.java:61)- DebitAPIValidateResponseUsingInvalidAmount Test failed
]]></system-out>
  </testcase>
  <testcase name="DebitAPIValidateResponseUsingInvalidAmount" classname="testCases.IqSoft_API_5_Debit_Negative_Test" time="2.27">
    <failure message="The following asserts failed:&#10;	ResponseCode: 21 expected [39] but found [21],&#10;	Error Description: Invalid request params expected [WrongOperationAmount] but found [Invalid request params],&#10;	expected [69.11] but found [70.11]" type="java.lang.AssertionError">java.lang.AssertionError: The following asserts failed:
	ResponseCode: 21 expected [39] but found [21],
	Error Description: Invalid request params expected [WrongOperationAmount] but found [Invalid request params],
	expected [69.11] but found [70.11]
	at org.testng.asserts.SoftAssert.assertAll(SoftAssert.java:46)
	at org.testng.asserts.SoftAssert.assertAll(SoftAssert.java:30)
	at testCases.IqSoft_API_5_Debit_Negative_Test.DebitAPIValidateResponseUsingInvalidAmount(IqSoft_API_5_Debit_Negative_Test.java:279)
</failure>
    <system-out><![CDATA[ INFO [main] (BaseTest.java:172)- 
 INFO [main] (BaseTest.java:173)- https://gobet.tn/iapi/iq/GetBalance
 INFO [main] (BaseTest.java:174)- GetBalanceAPI:  RequestBody{"Token":"NDIwfDE2NjY5NTgy","CurrencyId":"TND"}
 INFO [main] (BaseTest.java:175)- GetBalanceAPI:  ResponseBody{"ResponseCode":0,"Description":null,"CurrencyId":"TND","AvailableBalance":"71.11"}  ResponseTime 312 ms
 INFO [main] (BaseTest.java:176)- 
 INFO [main] (BaseTest.java:212)- 
 INFO [main] (BaseTest.java:213)- https://gobet.tn/iapi/iq/Credit
 INFO [main] (BaseTest.java:214)- CreditAPI:  RequestBody{"Token":"NDIwfDE2NjY5NTgy","CurrencyId":"TND","GameId":54001,"OperationTypeId":1,"TransactionId":"QA_Test-akm9M7SfgUFD0AEu2pBT_C","BetState":1,"Amount":1.0}
 INFO [main] (BaseTest.java:215)- CreditAPI:  ResponseBody{"ResponseCode":"0","Description":"","balance":"70.11","OperationItems":[{"ClientId":420,"Balance":"70.11","CurrencyId":"TND","TransactionId":"QA_Test-akm9M7SfgUFD0AEu2pBT_C","BetId":"QA_Test-akm9M7SfgUFD0AEu2pBT_C"}]}  ResponseTime 641 ms
 INFO [main] (BaseTest.java:216)- 
 INFO [main] (BaseTest.java:172)- 
 INFO [main] (BaseTest.java:173)- https://gobet.tn/iapi/iq/GetBalance
 INFO [main] (BaseTest.java:174)- GetBalanceAPI:  RequestBody{"Token":"NDIwfDE2NjY5NTgy","CurrencyId":"TND"}
 INFO [main] (BaseTest.java:175)- GetBalanceAPI:  ResponseBody{"ResponseCode":0,"Description":null,"CurrencyId":"TND","AvailableBalance":"70.11"}  ResponseTime 671 ms
 INFO [main] (BaseTest.java:176)- 
 INFO [main] (BaseTest.java:252)- 
 INFO [main] (BaseTest.java:253)- https://gobet.tn/iapi/iq/Debit
 INFO [main] (BaseTest.java:254)- DebitAPI:  RequestBody{"ClientId":"420","CurrencyId":"TND","GameId":54001,"TransactionId":"QA_Test-8FKkRVQuU1dKKDP00NSP_D","CreditTransactionId":"QA_Test-akm9M7SfgUFD0AEu2pBT_C","Amount":-1.005,"BetState":2,"OperationTypeId":4,"Token":"NDIwfDE2NjY5NTgy"}
 INFO [main] (BaseTest.java:255)- DebitAPI:  ResponseBody{"ResponseCode":21,"Description":"Invalid request params"}  ResponseTime 264 ms
 INFO [main] (BaseTest.java:256)- 
 INFO [main] (BaseTest.java:172)- 
 INFO [main] (BaseTest.java:173)- https://gobet.tn/iapi/iq/GetBalance
 INFO [main] (BaseTest.java:174)- GetBalanceAPI:  RequestBody{"Token":"NDIwfDE2NjY5NTgy","CurrencyId":"TND"}
 INFO [main] (BaseTest.java:175)- GetBalanceAPI:  ResponseBody{"ResponseCode":0,"Description":null,"CurrencyId":"TND","AvailableBalance":"69.11"}  ResponseTime 320 ms
 INFO [main] (BaseTest.java:176)- 
ERROR [main] (ReportingAllure.java:61)- DebitAPIValidateResponseUsingInvalidAmount Test failed
]]></system-out>
  </testcase>
  <testcase name="RollBackAPIValidateResponseWithInvalidToken" classname="testCases.IqSoft_API_6_RollBack_Negative_Test" time="1.407"/>
  <testcase name="RollBackAPIValidateResponseUsingInvalidProductID" classname="testCases.IqSoft_API_6_RollBack_Negative_Test" time="1.401"/>
  <testcase name="RollBackAPIValidateResponseUsingSameTransactionIDForRollBackAndCredit" classname="testCases.IqSoft_API_6_RollBack_Negative_Test" time="0.845"/>
  <testcase name="RollBackAPIValidateResponseUsingSameCreditTransactionIDTwice" classname="testCases.IqSoft_API_6_RollBack_Negative_Test" time="1.997">
    <failure message="The following asserts failed:&#10;	amountAfterRollBack1: 66.11 = amountBeforeCredit : 67.11 expected [67.11] but found [66.11]" type="java.lang.AssertionError">java.lang.AssertionError: The following asserts failed:
	amountAfterRollBack1: 66.11 = amountBeforeCredit : 67.11 expected [67.11] but found [66.11]
	at org.testng.asserts.SoftAssert.assertAll(SoftAssert.java:46)
	at org.testng.asserts.SoftAssert.assertAll(SoftAssert.java:30)
	at testCases.IqSoft_API_6_RollBack_Negative_Test.RollBackAPIValidateResponseUsingSameCreditTransactionIDTwice(IqSoft_API_6_RollBack_Negative_Test.java:218)
</failure>
    <system-out><![CDATA[ INFO [main] (BaseTest.java:172)- 
 INFO [main] (BaseTest.java:173)- https://gobet.tn/iapi/iq/GetBalance
 INFO [main] (BaseTest.java:174)- GetBalanceAPI:  RequestBody{"Token":"NDIwfDE2NjY5NTgy","CurrencyId":"TND"}
 INFO [main] (BaseTest.java:175)- GetBalanceAPI:  ResponseBody{"ResponseCode":0,"Description":null,"CurrencyId":"TND","AvailableBalance":"67.11"}  ResponseTime 268 ms
 INFO [main] (BaseTest.java:176)- 
 INFO [main] (IqSoft_API_6_RollBack_Negative_Test.java:173)- Balance Before Credit:67.11
 INFO [main] (BaseTest.java:212)- 
 INFO [main] (BaseTest.java:213)- https://gobet.tn/iapi/iq/Credit
 INFO [main] (BaseTest.java:214)- CreditAPI:  RequestBody{"Token":"NDIwfDE2NjY5NTgy","CurrencyId":"TND","GameId":54001,"OperationTypeId":1,"TransactionId":"QA_Test-z3o6kxVnli4BGyJh3t5U_C","BetState":1,"Amount":1.0}
 INFO [main] (BaseTest.java:215)- CreditAPI:  ResponseBody{"ResponseCode":"0","Description":"","balance":"66.11","OperationItems":[{"ClientId":420,"Balance":"66.11","CurrencyId":"TND","TransactionId":"QA_Test-z3o6kxVnli4BGyJh3t5U_C","BetId":"QA_Test-z3o6kxVnli4BGyJh3t5U_C"}]}  ResponseTime 296 ms
 INFO [main] (BaseTest.java:216)- 
 INFO [main] (BaseTest.java:172)- 
 INFO [main] (BaseTest.java:173)- https://gobet.tn/iapi/iq/GetBalance
 INFO [main] (BaseTest.java:174)- GetBalanceAPI:  RequestBody{"Token":"NDIwfDE2NjY5NTgy","CurrencyId":"TND"}
 INFO [main] (BaseTest.java:175)- GetBalanceAPI:  ResponseBody{"ResponseCode":0,"Description":null,"CurrencyId":"TND","AvailableBalance":"66.11"}  ResponseTime 265 ms
 INFO [main] (BaseTest.java:176)- 
 INFO [main] (IqSoft_API_6_RollBack_Negative_Test.java:183)- Balance After Credit:66.11
 INFO [main] (BaseTest.java:284)- 
 INFO [main] (BaseTest.java:285)- https://gobet.tn/iapi/iq/Rollback
 INFO [main] (BaseTest.java:286)- RollBackAPI:  RequestBody{"UserName":"rassem1155","GameId":54001,"RollbackTransactionId":"QA_Test-z3o6kxVnli4BGyJh3t5U_C","TransactionId":"QA_Test-e5cGRo1qJBFLJwSxMQtr_R","OperationTypeId":4,"Token":"NDIwfDE2NjY5NTgy"}
 INFO [main] (BaseTest.java:287)- RollBackAPI:  ResponseBody{"ResponseCode":21,"Description":"RollbackTransactionId Not Found"}  ResponseTime 257 ms
 INFO [main] (BaseTest.java:288)- 
 INFO [main] (BaseTest.java:172)- 
 INFO [main] (BaseTest.java:173)- https://gobet.tn/iapi/iq/GetBalance
 INFO [main] (BaseTest.java:174)- GetBalanceAPI:  RequestBody{"Token":"NDIwfDE2NjY5NTgy","CurrencyId":"TND"}
 INFO [main] (BaseTest.java:175)- GetBalanceAPI:  ResponseBody{"ResponseCode":0,"Description":null,"CurrencyId":"TND","AvailableBalance":"66.11"}  ResponseTime 283 ms
 INFO [main] (BaseTest.java:176)- 
 INFO [main] (IqSoft_API_6_RollBack_Negative_Test.java:193)- Balance After RollBack_1:66.11
 INFO [main] (BaseTest.java:284)- 
 INFO [main] (BaseTest.java:285)- https://gobet.tn/iapi/iq/Rollback
 INFO [main] (BaseTest.java:286)- RollBackAPI:  RequestBody{"UserName":"rassem1155","GameId":54001,"RollbackTransactionId":"QA_Test-z3o6kxVnli4BGyJh3t5U_C","TransactionId":"QA_Test-pbt4gBBZSmjFiVxsSctP_R","OperationTypeId":4,"Token":"NDIwfDE2NjY5NTgy"}
 INFO [main] (BaseTest.java:287)- RollBackAPI:  ResponseBody{"ResponseCode":21,"Description":"RollbackTransactionId Not Found"}  ResponseTime 262 ms
 INFO [main] (BaseTest.java:288)- 
 INFO [main] (BaseTest.java:172)- 
 INFO [main] (BaseTest.java:173)- https://gobet.tn/iapi/iq/GetBalance
 INFO [main] (BaseTest.java:174)- GetBalanceAPI:  RequestBody{"Token":"NDIwfDE2NjY5NTgy","CurrencyId":"TND"}
 INFO [main] (BaseTest.java:175)- GetBalanceAPI:  ResponseBody{"ResponseCode":0,"Description":null,"CurrencyId":"TND","AvailableBalance":"66.11"}  ResponseTime 270 ms
 INFO [main] (BaseTest.java:176)- 
 INFO [main] (IqSoft_API_6_RollBack_Negative_Test.java:208)- Balance After RollBack_2::66.11
ERROR [main] (ReportingAllure.java:61)- RollBackAPIValidateResponseUsingSameCreditTransactionIDTwice Test failed
]]></system-out>
  </testcase>
  <testcase name="RollBackAPIValidateResponseUsingSameRollBackTransactionIDTwice" classname="testCases.IqSoft_API_6_RollBack_Negative_Test" time="2.61">
    <failure message="The following asserts failed:&#10;	amountAfterRollBack1: 64.11 = amountAfterCredit2 : 64.11 + betAmountCreditConfig : 1.0 expected [65.11] but found [64.11]" type="java.lang.AssertionError">java.lang.AssertionError: The following asserts failed:
	amountAfterRollBack1: 64.11 = amountAfterCredit2 : 64.11 + betAmountCreditConfig : 1.0 expected [65.11] but found [64.11]
	at org.testng.asserts.SoftAssert.assertAll(SoftAssert.java:46)
	at org.testng.asserts.SoftAssert.assertAll(SoftAssert.java:30)
	at testCases.IqSoft_API_6_RollBack_Negative_Test.RollBackAPIValidateResponseUsingSameRollBackTransactionIDTwice(IqSoft_API_6_RollBack_Negative_Test.java:292)
</failure>
    <system-out><![CDATA[ INFO [main] (BaseTest.java:172)- 
 INFO [main] (BaseTest.java:173)- https://gobet.tn/iapi/iq/GetBalance
 INFO [main] (BaseTest.java:174)- GetBalanceAPI:  RequestBody{"Token":"NDIwfDE2NjY5NTgy","CurrencyId":"TND"}
 INFO [main] (BaseTest.java:175)- GetBalanceAPI:  ResponseBody{"ResponseCode":0,"Description":null,"CurrencyId":"TND","AvailableBalance":"66.11"}  ResponseTime 254 ms
 INFO [main] (BaseTest.java:176)- 
 INFO [main] (IqSoft_API_6_RollBack_Negative_Test.java:236)- Balance Before Credit_1:66.11
 INFO [main] (BaseTest.java:212)- 
 INFO [main] (BaseTest.java:213)- https://gobet.tn/iapi/iq/Credit
 INFO [main] (BaseTest.java:214)- CreditAPI:  RequestBody{"Token":"NDIwfDE2NjY5NTgy","CurrencyId":"TND","GameId":54001,"OperationTypeId":1,"TransactionId":"QA_Test-q8L35vR1lSN3jeyNfv6S_C","BetState":1,"Amount":1.0}
 INFO [main] (BaseTest.java:215)- CreditAPI:  ResponseBody{"ResponseCode":"0","Description":"","balance":"65.11","OperationItems":[{"ClientId":420,"Balance":"65.11","CurrencyId":"TND","TransactionId":"QA_Test-q8L35vR1lSN3jeyNfv6S_C","BetId":"QA_Test-q8L35vR1lSN3jeyNfv6S_C"}]}  ResponseTime 259 ms
 INFO [main] (BaseTest.java:216)- 
 INFO [main] (BaseTest.java:172)- 
 INFO [main] (BaseTest.java:173)- https://gobet.tn/iapi/iq/GetBalance
 INFO [main] (BaseTest.java:174)- GetBalanceAPI:  RequestBody{"Token":"NDIwfDE2NjY5NTgy","CurrencyId":"TND"}
 INFO [main] (BaseTest.java:175)- GetBalanceAPI:  ResponseBody{"ResponseCode":0,"Description":null,"CurrencyId":"TND","AvailableBalance":"65.11"}  ResponseTime 272 ms
 INFO [main] (BaseTest.java:176)- 
 INFO [main] (IqSoft_API_6_RollBack_Negative_Test.java:246)- Balance After Credit_1:65.11
 INFO [main] (BaseTest.java:212)- 
 INFO [main] (BaseTest.java:213)- https://gobet.tn/iapi/iq/Credit
 INFO [main] (BaseTest.java:214)- CreditAPI:  RequestBody{"Token":"NDIwfDE2NjY5NTgy","CurrencyId":"TND","GameId":54001,"OperationTypeId":1,"TransactionId":"QA_Test-3S3EFXPtHLOnG3mCK3yu_C","BetState":1,"Amount":1.0}
 INFO [main] (BaseTest.java:215)- CreditAPI:  ResponseBody{"ResponseCode":"0","Description":"","balance":"64.11","OperationItems":[{"ClientId":420,"Balance":"64.11","CurrencyId":"TND","TransactionId":"QA_Test-3S3EFXPtHLOnG3mCK3yu_C","BetId":"QA_Test-3S3EFXPtHLOnG3mCK3yu_C"}]}  ResponseTime 271 ms
 INFO [main] (BaseTest.java:216)- 
 INFO [main] (BaseTest.java:172)- 
 INFO [main] (BaseTest.java:173)- https://gobet.tn/iapi/iq/GetBalance
 INFO [main] (BaseTest.java:174)- GetBalanceAPI:  RequestBody{"Token":"NDIwfDE2NjY5NTgy","CurrencyId":"TND"}
 INFO [main] (BaseTest.java:175)- GetBalanceAPI:  ResponseBody{"ResponseCode":0,"Description":null,"CurrencyId":"TND","AvailableBalance":"64.11"}  ResponseTime 261 ms
 INFO [main] (BaseTest.java:176)- 
 INFO [main] (IqSoft_API_6_RollBack_Negative_Test.java:256)- Balance After Credit_2:64.11
 INFO [main] (BaseTest.java:284)- 
 INFO [main] (BaseTest.java:285)- https://gobet.tn/iapi/iq/Rollback
 INFO [main] (BaseTest.java:286)- RollBackAPI:  RequestBody{"UserName":"rassem1155","GameId":54001,"RollbackTransactionId":"QA_Test-q8L35vR1lSN3jeyNfv6S_C","TransactionId":"QA_Test-Xm5WNBE2pILDNThf4TIp_R","OperationTypeId":4,"Token":"NDIwfDE2NjY5NTgy"}
 INFO [main] (BaseTest.java:287)- RollBackAPI:  ResponseBody{"ResponseCode":21,"Description":"RollbackTransactionId Not Found"}  ResponseTime 268 ms
 INFO [main] (BaseTest.java:288)- 
 INFO [main] (BaseTest.java:172)- 
 INFO [main] (BaseTest.java:173)- https://gobet.tn/iapi/iq/GetBalance
 INFO [main] (BaseTest.java:174)- GetBalanceAPI:  RequestBody{"Token":"NDIwfDE2NjY5NTgy","CurrencyId":"TND"}
 INFO [main] (BaseTest.java:175)- GetBalanceAPI:  ResponseBody{"ResponseCode":0,"Description":null,"CurrencyId":"TND","AvailableBalance":"64.11"}  ResponseTime 258 ms
 INFO [main] (BaseTest.java:176)- 
 INFO [main] (IqSoft_API_6_RollBack_Negative_Test.java:265)- Balance After RollBack_1:64.11
 INFO [main] (BaseTest.java:284)- 
 INFO [main] (BaseTest.java:285)- https://gobet.tn/iapi/iq/Rollback
 INFO [main] (BaseTest.java:286)- RollBackAPI:  RequestBody{"UserName":"rassem1155","GameId":54001,"RollbackTransactionId":"QA_Test-3S3EFXPtHLOnG3mCK3yu_C","TransactionId":"QA_Test-Xm5WNBE2pILDNThf4TIp_R","OperationTypeId":4,"Token":"NDIwfDE2NjY5NTgy"}
 INFO [main] (BaseTest.java:287)- RollBackAPI:  ResponseBody{"ResponseCode":21,"Description":"RollbackTransactionId Not Found"}  ResponseTime 332 ms
 INFO [main] (BaseTest.java:288)- 
 INFO [main] (BaseTest.java:172)- 
 INFO [main] (BaseTest.java:173)- https://gobet.tn/iapi/iq/GetBalance
 INFO [main] (BaseTest.java:174)- GetBalanceAPI:  RequestBody{"Token":"NDIwfDE2NjY5NTgy","CurrencyId":"TND"}
 INFO [main] (BaseTest.java:175)- GetBalanceAPI:  ResponseBody{"ResponseCode":0,"Description":null,"CurrencyId":"TND","AvailableBalance":"64.11"}  ResponseTime 333 ms
 INFO [main] (BaseTest.java:176)- 
 INFO [main] (IqSoft_API_6_RollBack_Negative_Test.java:280)- Balance After RollBack_2:64.11
ERROR [main] (ReportingAllure.java:61)- RollBackAPIValidateResponseUsingSameRollBackTransactionIDTwice Test failed
]]></system-out>
  </testcase>
</testsuite>